***************************************************************
*                       MARYLIE/IMPACT                        *
* Parallel Lie Algebraic Beam Dynamics Code with Space Charge *
*                Last modified March 7, 2019                  *
*     MaryLie copyright 1987, Alex J. Dragt, U. Maryland      *
*     IMPACT copyright 2002, Robert D. Ryne, U. California    *
***************************************************************
Reading master input file mli.in                                                                          
  
 done reading BEAM parameters:
 brho= 5.0204778184582999D-01
 gamma= 2.9454271438661192D+02
 beta= 9.9999423665409004D-01
 energy, ekinetic= 1.50511006000E+08   1.50000007090E+08
 pc= 1.50510138553E+08
 mass, charge= 5.10998910000E+05  -1.00000000000E+00
 beam current= 0.00000000000E+00
 beam frequency= 0.00000000000E+00
  
 reading UNITS parameters
 STATIC UNITS WILL BE USED. p0sc=  0.502047781845830     
 WARNING: scale length has not been specified
 WARNING: scale time has not been specified
 setting sl=1, omega=clite/sl
 done reading UNITS parameters:
 scale length (m) = 1.00000000000E+00
 scale momentum = 5.02047781846E-01
 scale time (sec)= 3.33564095198E-09
 scale freq (Hz)= 4.77134515924E+07
 scale angular freq (rad/sec)= 2.99792458000E+08
  
 global default parameters:
 leading/trailing dipole fringe fields:           1           1
 leading/trailing quadrupole fringe fields:           1           1
 flag for exact tracking in drifts=           0
 default quadrupole lfrng =           1
 default quadrupole tfrng =           1
 default sbend lfrng =           1
 default sbend tfrng =           1
 default sbend fint=0.0
 (sif/lmntparm) MAD marker not implemented
 (sif) result of autoconc input:
 set=sandwich                                                    
 Data input complete; going into #labor.
 *************************
  response to tasm command
 *************************
 
 twiss analysis of static map
 det in fxpt is     0.5869E-10
 det in fxpt is     0.5869E-10
 
 tunes and chromaticities for delta defined in terms of P sub tau:
 
horizontal tune = 0.160156857D-02
first order horizontal chromaticity =-9.24423385D+02
second order horizontal chromaticity =-4.64358009D+09
 horizontal tune when delta =  1.000000000000000E-003
  -4644.50290774919     
 
vertical tune = 0.121160480D-03
first order vertical chromaticity = 2.61570340D+04
second order vertical chromaticity =-5.61261526D+12
 vertical tune when delta =  1.000000000000000E-003
  -5612589.10096904     
 
 tune separation when delta=  1.000000000000000E-003
   5607944.59806130     
 
 normalized anharmonicities
  hhn=  -62076213963.6797     
  vvn=  -7870867142993.84     
  hvn=   1429142729116.02     
 det in fxpt is     0.5869E-10
 ***********************************************
  lie generators for iotaline in cartesian basis
 ***********************************************

 matrix for map is :

  9.99968E-01  6.96210E-05  0.00000E+00  0.00000E+00  0.00000E+00 -1.14795E-06
 -1.45445E+00  9.99930E-01  0.00000E+00  0.00000E+00  0.00000E+00 -2.58777E-07
  0.00000E+00  0.00000E+00  9.99995E-01  3.98474E-07  0.00000E+00  0.00000E+00
  0.00000E+00  0.00000E+00 -1.45444E+00  1.00000E+00  0.00000E+00  0.00000E+00
  1.92840E-06 -1.14785E-06  0.00000E+00  0.00000E+00  1.00000E+00 -1.29716E+00
  0.00000E+00  0.00000E+00  0.00000E+00  0.00000E+00  0.00000E+00  1.00000E+00
 

 nonzero elements in generating polynomial are :

  f( 28)=f( 30 00 00 )= -23.593562349214    
  f( 29)=f( 21 00 00 )= -62.997016060808    
  f( 33)=f( 20 00 01 )=  21.270970302549    
  f( 34)=f( 12 00 00 )= -51.827185794974    
  f( 38)=f( 11 00 01 )=  55.331656104302    
  f( 39)=f( 10 20 00 )= -16.016890594494    
  f( 40)=f( 10 11 00 )=  23.711164518731    
  f( 43)=f( 10 02 00 )=  24.041748968248    
  f( 48)=f( 10 00 02 )= -69.270983169819    
  f( 49)=f( 03 00 00 )= -18.619102750832    
  f( 53)=f( 02 00 01 )=  41.106359976005    
  f( 54)=f( 01 20 00 )= -33.857366228972    
  f( 55)=f( 01 11 00 )=  30.687785373106    
  f( 58)=f( 01 02 00 )=  35.327486019096    
  f( 63)=f( 01 00 02 )= -112.69971892271    
  f( 67)=f( 00 20 01 )=-0.13680778506541    
  f( 70)=f( 00 11 01 )= -99.640610295348    
  f( 76)=f( 00 02 01 )= -86.605016931585    
  f( 83)=f( 00 00 03 )=  53.048368427573    
  f( 84)=f( 40 00 00 )= -1281.8952927429    
  f( 85)=f( 31 00 00 )= -4113.6815964205    
  f( 89)=f( 30 00 01 )=  1061.7979887863    
  f( 90)=f( 22 00 00 )= -6958.1744891081    
  f( 94)=f( 21 00 01 )=  7326.3514290634    
  f( 95)=f( 20 20 00 )= -1098.3961013537    
  f( 96)=f( 20 11 00 )= -144.76385938247    
  f( 99)=f( 20 02 00 )=  63.024992935969    
  f(104)=f( 20 00 02 )= -4555.9074707775    
  f(105)=f( 13 00 00 )= -6019.1196887528    
  f(109)=f( 12 00 01 )=  12403.195162357    
  f(110)=f( 11 20 00 )= -960.05132308562    
  f(111)=f( 11 11 00 )=  530.40143612567    
  f(114)=f( 11 02 00 )=  372.22229632567    
  f(119)=f( 11 00 02 )= -14593.466986983    
  f(123)=f( 10 20 01 )= -901.16018145833    
  f(126)=f( 10 11 01 )= -1395.7305086558    
  f(132)=f( 10 02 01 )= -925.42658330797    
  f(139)=f( 10 00 03 )=  4672.7351064373    
  f(140)=f( 04 00 00 )= -2242.7084126721    
  f(144)=f( 03 00 01 )=  6538.1598614478    
  f(145)=f( 02 20 00 )= -185.17073057557    
  f(146)=f( 02 11 00 )=  704.40912515819    
  f(149)=f( 02 02 00 )= -35.279658807473    
  f(154)=f( 02 00 02 )= -12213.090532228    
  f(158)=f( 01 20 01 )= -454.43736698824    
  f(161)=f( 01 11 01 )= -2285.4898100877    
  f(167)=f( 01 02 01 )= -2092.9734052163    
  f(174)=f( 01 00 03 )=  10079.220141152    
  f(175)=f( 00 40 00 )= -197.34932982102    
  f(176)=f( 00 31 00 )= -842.47944982150    
  f(179)=f( 00 22 00 )= -1674.4560413060    
  f(184)=f( 00 20 02 )= -282.44458607581    
  f(185)=f( 00 13 00 )= -1503.8948282622    
  f(190)=f( 00 11 02 )=  840.65975234239    
  f(195)=f( 00 04 00 )= -544.44558848516    
  f(200)=f( 00 02 02 )=  1647.5933697281    
  f(209)=f( 00 00 04 )= -3681.8480411792    
  f(210)=f( 50 00 00 )=  11682.728960121    
  f(211)=f( 41 00 00 )= -91808.439674258    
  f(215)=f( 40 00 01 )=  97934.690354007    
  f(216)=f( 32 00 00 )= -411892.56302044    
  f(220)=f( 31 00 01 )=  647521.58515403    
  f(221)=f( 30 20 00 )=  22816.815147782    
  f(222)=f( 30 11 00 )= -14108.138920587    
  f(225)=f( 30 02 00 )= -11433.662117239    
  f(230)=f( 30 00 02 )= -212262.72570483    
  f(231)=f( 23 00 00 )= -635128.75369781    
  f(235)=f( 22 00 01 )=  1437413.3020581    
  f(236)=f( 21 20 00 )=  26963.688309237    
  f(237)=f( 21 11 00 )=  48049.352728562    
  f(240)=f( 21 02 00 )=  30889.324448761    
  f(245)=f( 21 00 02 )= -1265800.0810801    
  f(249)=f( 20 20 01 )=  123169.70054861    
  f(252)=f( 20 11 01 )=  148855.68639828    
  f(258)=f( 20 02 01 )= -17934.249987087    
  f(265)=f( 20 00 03 )=  404821.56649877    
  f(266)=f( 14 00 00 )= -426636.69499155    
  f(270)=f( 13 00 01 )=  1303037.5891068    
  f(271)=f( 12 20 00 )=  72481.343861257    
  f(272)=f( 12 11 00 )=  162845.48919904    
  f(275)=f( 12 02 00 )=  80510.875276205    
  f(280)=f( 12 00 02 )= -1983270.5513199    
  f(284)=f( 11 20 01 )=  94947.580835548    
  f(287)=f( 11 11 01 )=  35290.916958441    
  f(293)=f( 11 02 01 )= -105724.93726989    
  f(300)=f( 11 00 03 )=  1293781.8352706    
  f(301)=f( 10 40 00 )=  11176.157312458    
  f(302)=f( 10 31 00 )= -74289.751539762    
  f(305)=f( 10 22 00 )= -141166.92906209    
  f(310)=f( 10 20 02 )=  41082.342126528    
  f(311)=f( 10 13 00 )= -73569.775386872    
  f(316)=f( 10 11 02 )= -14734.313581602    
  f(321)=f( 10 04 00 )= -6809.2278883276    
  f(326)=f( 10 02 02 )= -62960.872605131    
  f(335)=f( 10 00 04 )= -300039.84398948    
  f(336)=f( 05 00 00 )= -101683.14103773    
  f(340)=f( 04 00 01 )=  407526.45619111    
  f(341)=f( 03 20 00 )=  54983.860357012    
  f(342)=f( 03 11 00 )=  95087.058312251    
  f(345)=f( 03 02 00 )=  34004.210515778    
  f(350)=f( 03 00 02 )= -948874.72574812    
  f(354)=f( 02 20 01 )= -26076.321577594    
  f(357)=f( 02 11 01 )= -136897.76758333    
  f(363)=f( 02 02 01 )= -77802.051762457    
  f(370)=f( 02 00 03 )=  1069346.1085547    
  f(371)=f( 01 40 00 )= -15445.258326340    
  f(372)=f( 01 31 00 )= -120570.26999437    
  f(375)=f( 01 22 00 )= -191200.25452239    
  f(380)=f( 01 20 02 )=  18362.940280981    
  f(381)=f( 01 13 00 )= -109049.59084870    
  f(386)=f( 01 11 02 )=  55068.492455669    
  f(391)=f( 01 04 00 )= -16033.236583242    
  f(396)=f( 01 02 02 )= -79768.025563242    
  f(405)=f( 01 00 04 )= -689610.22832099    
  f(409)=f( 00 40 01 )=  37770.645529444    
  f(412)=f( 00 31 01 )=  123490.28535003    
  f(418)=f( 00 22 01 )=  167903.60676761    
  f(425)=f( 00 20 03 )=  60872.348751431    
  f(428)=f( 00 13 01 )=  118878.71905265    
  f(435)=f( 00 11 03 )=  58110.016747465    
  f(443)=f( 00 04 01 )=  32084.514206459    
  f(450)=f( 00 02 03 )=  63355.466773175    
  f(461)=f( 00 00 05 )=  235818.57979233    
  f(462)=f( 60 00 00 )= -4042082.4612809    
  f(463)=f( 51 00 00 )= -23286307.343388    
  f(467)=f( 50 00 01 )=  18322393.261018    
  f(468)=f( 42 00 00 )= -65779583.481733    
  f(472)=f( 41 00 01 )=  99461533.606915    
  f(473)=f( 40 20 00 )= -4215506.6801701    
  f(474)=f( 40 11 00 )=  3122813.5350259    
  f(477)=f( 40 02 00 )=  2472569.3804427    
  f(482)=f( 40 00 02 )= -44331602.191481    
  f(483)=f( 33 00 00 )= -101644677.41733    
  f(487)=f( 32 00 01 )=  221155431.83241    
  f(488)=f( 31 20 00 )= -9034779.2003685    
  f(489)=f( 31 11 00 )=  5672000.0595204    
  f(492)=f( 31 02 00 )=  2820249.3994282    
  f(497)=f( 31 00 02 )= -185019874.35009    
  f(501)=f( 30 20 01 )=  11097470.541138    
  f(504)=f( 30 11 01 )=  5624935.4131716    
  f(510)=f( 30 02 01 )=  5237060.5314034    
  f(517)=f( 30 00 03 )=  48013402.534436    
  f(518)=f( 24 00 00 )= -86835418.510236    
  f(522)=f( 23 00 01 )=  247815139.45122    
  f(523)=f( 22 20 00 )= -6670471.6212144    
  f(524)=f( 22 11 00 )=  5223774.1937361    
  f(527)=f( 22 02 00 )= -1675151.5626709    
  f(532)=f( 22 00 02 )= -312857938.63674    
  f(536)=f( 21 20 01 )=  36265970.081630    
  f(539)=f( 21 11 01 )=  30202877.309911    
  f(545)=f( 21 02 01 )=  20118076.590469    
  f(552)=f( 21 00 03 )=  160864181.25234    
  f(553)=f( 20 40 00 )= -1295611.2154801    
  f(554)=f( 20 31 00 )= -973288.17771139    
  f(557)=f( 20 22 00 )= -5369169.8012575    
  f(562)=f( 20 20 02 )= -22489536.127442    
  f(563)=f( 20 13 00 )= -5971139.2674476    
  f(568)=f( 20 11 02 )= -23362549.625714    
  f(573)=f( 20 04 00 )= -1909394.1843735    
  f(578)=f( 20 02 02 )= -18578765.525743    
  f(587)=f( 20 00 04 )= -38463861.853017    
  f(588)=f( 15 00 00 )= -37646341.072332    
  f(592)=f( 14 00 01 )=  135111760.90347    
  f(593)=f( 13 20 00 )=  1215197.8791220    
  f(594)=f( 13 11 00 )=  2843474.9987567    
  f(597)=f( 13 02 00 )= -4003854.3598553    
  f(602)=f( 13 00 02 )= -241209888.62051    
  f(606)=f( 12 20 01 )=  24634121.606593    
  f(609)=f( 12 11 01 )=  26035805.562119    
  f(615)=f( 12 02 01 )=  13896008.450688    
  f(622)=f( 12 00 03 )=  198539899.35361    
  f(623)=f( 11 40 00 )= -2621086.8500025    
  f(624)=f( 11 31 00 )= -12564528.148591    
  f(627)=f( 11 22 00 )= -22910234.060646    
  f(632)=f( 11 20 02 )= -24352254.249857    
  f(633)=f( 11 13 00 )= -15394623.129152    
  f(638)=f( 11 11 02 )= -43535783.743503    
  f(643)=f( 11 04 00 )= -4011947.9982252    
  f(648)=f( 11 02 02 )= -28088251.913378    
  f(657)=f( 11 00 04 )= -93226929.441311    
  f(661)=f( 10 40 01 )= -3049135.0484568    
  f(664)=f( 10 31 01 )=  2368532.9279007    
  f(670)=f( 10 22 01 )=  21696991.295674    
  f(677)=f( 10 20 03 )= -2751601.9579193    
  f(680)=f( 10 13 01 )=  16741154.598482    
  f(687)=f( 10 11 03 )= -431425.82386465    
  f(695)=f( 10 04 01 )=  3121772.9660355    
  f(702)=f( 10 02 03 )=  4205050.4947512    
  f(713)=f( 10 00 05 )=  18161130.125358    
  f(714)=f( 06 00 00 )= -6170364.3831216    
  f(718)=f( 05 00 01 )=  27002644.073270    
  f(719)=f( 04 20 00 )=  1474268.6954779    
  f(720)=f( 04 11 00 )= -848043.34291780    
  f(723)=f( 04 02 00 )= -2024569.5772393    
  f(728)=f( 04 00 02 )= -67328660.710206    
  f(732)=f( 03 20 01 )=  3077284.2156494    
  f(735)=f( 03 11 01 )=  8164664.5957507    
  f(741)=f( 03 02 01 )=  808968.93526176    
  f(748)=f( 03 00 03 )=  85747973.692432    
  f(749)=f( 02 40 00 )= -3537000.0644001    
  f(750)=f( 02 31 00 )= -12638656.876630    
  f(753)=f( 02 22 00 )= -16889953.936818    
  f(758)=f( 02 20 02 )= -6339108.4115834    
  f(759)=f( 02 13 00 )= -9074494.2431448    
  f(764)=f( 02 11 02 )= -25122459.219590    
  f(769)=f( 02 04 00 )= -1961137.6172011    
  f(774)=f( 02 02 02 )= -5241608.9202355    
  f(783)=f( 02 00 04 )= -71110515.367476    
  f(787)=f( 01 40 01 )=  5195971.3820745    
  f(790)=f( 01 31 01 )=  20258636.926809    
  f(796)=f( 01 22 01 )=  33468540.037420    
  f(803)=f( 01 20 03 )=  1410047.9288945    
  f(806)=f( 01 13 01 )=  18258395.183637    
  f(813)=f( 01 11 03 )=  10837378.509770    
  f(821)=f( 01 04 01 )=  2749022.8272369    
  f(828)=f( 01 02 03 )= -1119747.2934373    
  f(839)=f( 01 00 05 )=  37585024.629647    
  f(840)=f( 00 60 00 )= -285367.10229317    
  f(841)=f( 00 51 00 )=  637126.68840392    
  f(844)=f( 00 42 00 )=  1282572.9874517    
  f(849)=f( 00 40 02 )= -5954885.8761901    
  f(850)=f( 00 33 00 )= -87257.912299432    
  f(855)=f( 00 31 02 )= -14050942.693117    
  f(860)=f( 00 24 00 )= -988707.45605229    
  f(865)=f( 00 22 02 )= -16521490.511441    
  f(874)=f( 00 20 04 )= -3231828.5082301    
  f(875)=f( 00 15 00 )= -476229.42224707    
  f(880)=f( 00 13 02 )= -6903451.6883907    
  f(889)=f( 00 11 04 )= -3805898.2538039    
  f(896)=f( 00 06 00 )= -37810.275691315    
  f(901)=f( 00 04 02 )= -570146.66932133    
  f(910)=f( 00 02 04 )=  700428.35349378    
  f(923)=f( 00 00 06 )= -10893181.309409    
 ****************
  response to aim
 ****************
 accept  1:      f( 28)
 accept  2:      f( 29)
 accept  3:      f( 33)
 accept  4:      f( 34)
 accept  5:      f( 38)
 accept  6:      f( 53)
 accept  7:      f( 54)
 accept  8:      f( 55)
 accept  9:      f( 58)
 accept 10:      f( 67)
 accept 11:      f( 70)
 accept 12:      f( 76)
 accept 13:      f( 39)
 accept 14:      f( 40)
 accept 15:      f( 43)
 accept 16:      f( 48)
 accept 17:      f( 49)
 accept 18:      f( 63)
  
  Aims selected : 
 No.     item        present value        target value
-----------------------------------------------------
  1    f( 28) =      -23.5935623          0.00000000    
  2    f( 29) =      -62.9970161          0.00000000    
  3    f( 33) =       21.2709703         0.727273845    
  4    f( 34) =      -51.8271858          0.00000000    
  5    f( 38) =       55.3316561          0.00000000    
  6    f( 53) =       41.1063600          0.00000000    
  7    f( 54) =      -33.8573662          0.00000000    
  8    f( 55) =       30.6877854          0.00000000    
  9    f( 58) =       35.3274860          0.00000000    
 10    f( 67) =     -0.136807785         0.727273845    
 11    f( 70) =      -99.6406103          0.00000000    
 12    f( 76) =      -86.6050169          0.00000000    
 13    f( 39) =      -16.0168906          0.00000000    
 14    f( 40) =       23.7111645          0.00000000    
 15    f( 43) =       24.0417490          0.00000000    
 16    f( 48) =      -69.2709832          0.00000000    
 17    f( 49) =      -18.6191028          0.00000000    
 18    f( 63) =      -112.699719          0.00000000    
 *****************
  response to vary
 *****************
           1  items found in VSCAN
 No.  1 is sa1r     sextupol.  Parameter 2 out of 9 selected.
      sa1r(2) =   17.571672364604    
           1  items found in VSCAN
 No.  2 is sc1r     sextupol.  Parameter 2 out of 9 selected.
      sc1r(2) =  -70.758990331833    
           1  items found in VSCAN
 No.  3 is sc2r     sextupol.  Parameter 2 out of 9 selected.
      sc2r(2) =   127.83120034889    
           1  items found in VSCAN
 No.  4 is sd1r     sextupol.  Parameter 2 out of 9 selected.
      sd1r(2) =   0.0000000000000    
           1  items found in VSCAN
 No.  5 is se1r     sextupol.  Parameter 2 out of 9 selected.
      se1r(2) =   0.0000000000000    
           1  items found in VSCAN
 No.  6 is se2r     sextupol.  Parameter 2 out of 9 selected.
      se2r(2) =   0.0000000000000    
           1  items found in VSCAN
 No.  7 is se2l     sextupol.  Parameter 2 out of 9 selected.
      se2l(2) =   0.0000000000000    
           1  items found in VSCAN
 No.  8 is se1l     sextupol.  Parameter 2 out of 9 selected.
      se1l(2) =   0.0000000000000    
           1  items found in VSCAN
 No.  9 is sd1l     sextupol.  Parameter 2 out of 9 selected.
      sd1l(2) =   0.0000000000000    
           1  items found in VSCAN
 No. 10 is sc2l     sextupol.  Parameter 2 out of 9 selected.
      sc2l(2) =   127.83120034889    
           1  items found in VSCAN
 No. 11 is sc1l     sextupol.  Parameter 2 out of 9 selected.
      sc1l(2) =  -70.758990331833    
           1  items found in VSCAN
 No. 12 is sa1l     sextupol.  Parameter 2 out of 9 selected.
      sa1l(2) =   17.571672364604    
           1  items found in VSCAN
 No. 13 is sadd1    sextupol.  Parameter 2 out of 9 selected.
     sadd1(2) =   0.0000000000000    
           1  items found in VSCAN
 No. 14 is sadd2    sextupol.  Parameter 2 out of 9 selected.
     sadd2(2) =   0.0000000000000    
           1  items found in VSCAN
 No. 15 is sadd3    sextupol.  Parameter 2 out of 9 selected.
     sadd3(2) =   0.0000000000000    
           1  items found in VSCAN
 No. 16 is sadd4    sextupol.  Parameter 2 out of 9 selected.
     sadd4(2) =   0.0000000000000    
           1  items found in VSCAN
 No. 17 is sadd5    sextupol.  Parameter 2 out of 9 selected.
     sadd5(2) =   0.0000000000000    
           1  items found in VSCAN
 No. 18 is sadd6    sextupol.  Parameter 2 out of 9 selected.
     sadd6(2) =   0.0000000000000    

   Variable #menu elements selected:
 No. Element            Type     Parameter   Present value
------------------------------------------------------------
  1    sa1r           sextupole        2       17.571672364604    
  2    sc1r           sextupole        2      -70.758990331833    
  3    sc2r           sextupole        2       127.83120034889    
  4    sd1r           sextupole        2       0.0000000000000    
  5    se1r           sextupole        2       0.0000000000000    
  6    se2r           sextupole        2       0.0000000000000    
  7    se2l           sextupole        2       0.0000000000000    
  8    se1l           sextupole        2       0.0000000000000    
  9    sd1l           sextupole        2       0.0000000000000    
 10    sc2l           sextupole        2       127.83120034889    
 11    sc1l           sextupole        2      -70.758990331833    
 12    sa1l           sextupole        2       17.571672364604    
 13    sadd1          sextupole        2       0.0000000000000    
 14    sadd2          sextupole        2       0.0000000000000    
 15    sadd3          sextupole        2       0.0000000000000    
 16    sadd4          sextupole        2       0.0000000000000    
 17    sadd5          sextupole        2       0.0000000000000    
 18    sadd6          sextupole        2       0.0000000000000    
 *************************
  start of fitting process
 *************************
  target           1  =  0.000000000000000E+000
  target           2  =  0.000000000000000E+000
  target           3  =  0.727273845000000     
  target           4  =  0.000000000000000E+000
  target           5  =  0.000000000000000E+000
  target           6  =  0.000000000000000E+000
  target           7  =  0.000000000000000E+000
  target           8  =  0.000000000000000E+000
  target           9  =  0.000000000000000E+000
  target          10  =  0.727273845000000     
  target          11  =  0.000000000000000E+000
  target          12  =  0.000000000000000E+000
  target          13  =  0.000000000000000E+000
  target          14  =  0.000000000000000E+000
  target          15  =  0.000000000000000E+000
  target          16  =  0.000000000000000E+000
  target          17  =  0.000000000000000E+000
  target          18  =  0.000000000000000E+000
 Iter   1 Error= 1.1270E+02,  Step= 1.7572E-02,  SubErr= 1.1270E+02 @cut=    1
 -------------------------------------------------------
 Iter   2 Error= 1.1270E+02,  Step=-7.0759E-02,  SubErr= 1.1270E+02 @cut=    1
 -------------------------------------------------------
 Iter   3 Error= 1.1264E+02,  Step= 1.2783E-01,  SubErr= 1.1264E+02 @cut=    1
 -------------------------------------------------------
 Iter   4 Error= 1.1281E+02,  Step= 1.0000E-05,  SubErr= 1.1281E+02 @cut=    1
 -------------------------------------------------------
 Iter   5 Error= 1.1270E+02,  Step= 1.0000E-05,  SubErr= 1.1270E+02 @cut=    1
 -------------------------------------------------------
 Iter   6 Error= 1.1270E+02,  Step= 1.0000E-05,  SubErr= 1.1270E+02 @cut=    1
 -------------------------------------------------------
 Iter   7 Error= 1.1270E+02,  Step= 1.0000E-05,  SubErr= 1.1270E+02 @cut=    1
 -------------------------------------------------------
 Iter   8 Error= 1.1270E+02,  Step= 1.0000E-05,  SubErr= 1.1270E+02 @cut=    1
 -------------------------------------------------------
 Iter   9 Error= 1.1270E+02,  Step= 1.0000E-05,  SubErr= 1.1270E+02 @cut=    1
 -------------------------------------------------------
 Iter  10 Error= 1.1270E+02,  Step= 1.2783E-01,  SubErr= 1.1270E+02 @cut=    1
 -------------------------------------------------------
 Iter  11 Error= 1.1286E+02,  Step=-7.0759E-02,  SubErr= 1.1286E+02 @cut=    1
 -------------------------------------------------------
 Iter  12 Error= 1.1263E+02,  Step= 1.7572E-02,  SubErr= 1.1263E+02 @cut=    1
 -------------------------------------------------------
 Iter  13 Error= 1.1270E+02,  Step= 1.0000E-05,  SubErr= 1.1270E+02 @cut=    1
 -------------------------------------------------------
 Iter  14 Error= 1.1270E+02,  Step= 1.0000E-05,  SubErr= 1.1270E+02 @cut=    1
 -------------------------------------------------------
 Iter  15 Error= 1.1270E+02,  Step= 1.0000E-05,  SubErr= 1.1270E+02 @cut=    1
 -------------------------------------------------------
 Iter  16 Error= 1.1270E+02,  Step= 1.0000E-05,  SubErr= 1.1270E+02 @cut=    1
 -------------------------------------------------------
 Iter  17 Error= 1.1270E+02,  Step= 1.0000E-05,  SubErr= 1.1270E+02 @cut=    1
 -------------------------------------------------------
 Iter  18 Error= 1.1270E+02,  Step= 1.0000E-05,  SubErr= 1.1270E+02 @cut=    1
 -------------------------------------------------------
 Iter  19 Error= 1.1270E+02,  Step= 9.3358E+02,  SubErr= 1.1270E+02 @cut=    1
 -------------------------------------------------------
 Iter  20 Error= 2.0943E-03,  Step= 1.3371E-01,  SubErr= 2.0943E-03 @cut=    1
 -------------------------------------------------------
 Iter  21 Error= 7.5186E-07,  Step= 4.0543E-05,  SubErr= 7.5186E-07 @cut=    1
 -------------------------------------------------------
 Quit on iteration  22 for reason 1: Converged: error < tolerance                      
 Final values with reach =   1 are:
  
  Aims selected : 
 No.     item        present value        target value
-----------------------------------------------------
  1    f( 28) =     -9.834471297E-12      0.00000000    
  2    f( 29) =     -2.971736305E-11      0.00000000    
  3    f( 33) =      0.727273845         0.727273845    
  4    f( 34) =     -2.869530519E-11      0.00000000    
  5    f( 38) =     -9.117429034E-13      0.00000000    
  6    f( 53) =     -1.582785986E-12      0.00000000    
  7    f( 54) =     -1.202924055E-12      0.00000000    
  8    f( 55) =      8.559639545E-12      0.00000000    
  9    f( 58) =      6.409149613E-12      0.00000000    
 10    f( 67) =      0.727273845         0.727273845    
 11    f( 70) =      2.965641621E-12      0.00000000    
 12    f( 76) =      4.414420218E-13      0.00000000    
 13    f( 39) =     -3.541488878E-12      0.00000000    
 14    f( 40) =      3.389340616E-13      0.00000000    
 15    f( 43) =     -9.976212973E-13      0.00000000    
 16    f( 48) =      2.160945472E-12      0.00000000    
 17    f( 49) =     -2.959113467E-11      0.00000000    
 18    f( 63) =      2.534445276E-12      0.00000000    
  
  New values for parameters:
 No.  Element    Type   Parameter   Present value         IDV  Slope
------------------------------------------------------------------------
  1   sa1r       sextupol   2      -288.16075900895    
  2   sc1r       sextupol   2       53.498938900431    
  3   sc2r       sextupol   2       27.418933457304    
  4   sd1r       sextupol   2      -166.63098250485    
  5   se1r       sextupol   2       43.911701881252    
  6   se2r       sextupol   2       18.283820647369    
  7   se2l       sextupol   2      -148.21072166509    
  8   se1l       sextupol   2      -28.795835464171    
  9   sd1l       sextupol   2       82.814208089224    
 10   sc2l       sextupol   2       91.268894402938    
 11   sc1l       sextupol   2      -149.50167972859    
 12   sa1l       sextupol   2      -7.7325570968846    
 13   sadd1      sextupol   2      -96.562559725056    
 14   sadd2      sextupol   2       97.275312576464    
 15   sadd3      sextupol   2       204.24632300067    
 16   sadd4      sextupol   2      -95.569652221046    
 17   sadd5      sextupol   2      -741.97015892673    
 18   sadd6      sextupol   2      -253.68819753377    
  
  Maximum error is     2.971736E-11
  Maximum allowed was  5.000000E-11
 
 twiss analysis of static map
 det in fxpt is     0.5869E-10
 det in fxpt is     0.5869E-10
 
 tunes and chromaticities for delta defined in terms of P sub tau:
 
horizontal tune = 0.160156857D-02
first order horizontal chromaticity =-8.00829930D-04
second order horizontal chromaticity = 4.90861564D+05
 horizontal tune when delta =  1.000000000000000E-003
  0.492462331466578     
 
vertical tune = 0.121160480D-03
first order vertical chromaticity =-6.05869187D-05
second order vertical chromaticity =-1.88889314D+06
 vertical tune when delta =  1.000000000000000E-003
  -1.88877204456381     
 
 tune separation when delta=  1.000000000000000E-003
   2.38123437603039     
 
 normalized anharmonicities
  hhn=  -40176745.0475915     
  vvn=  -12007132412.6676     
  hvn=  -113611194.322822     
 det in fxpt is     0.5869E-10

 matrix for map is :

  9.99968E-01  6.96210E-05  0.00000E+00  0.00000E+00  0.00000E+00 -1.14795E-06
 -1.45445E+00  9.99930E-01  0.00000E+00  0.00000E+00  0.00000E+00 -2.58777E-07
  0.00000E+00  0.00000E+00  9.99995E-01  3.98474E-07  0.00000E+00  0.00000E+00
  0.00000E+00  0.00000E+00 -1.45444E+00  1.00000E+00  0.00000E+00  0.00000E+00
  1.92840E-06 -1.14785E-06  0.00000E+00  0.00000E+00  1.00000E+00 -1.29716E+00
  0.00000E+00  0.00000E+00  0.00000E+00  0.00000E+00  0.00000E+00  1.00000E+00
 

 nonzero elements in generating polynomial are :

  f( 28)=f( 30 00 00 )=-9.83447129714889E-12
  f( 29)=f( 21 00 00 )=-2.97173630475600E-11
  f( 33)=f( 20 00 01 )= 0.72727384500041    
  f( 34)=f( 12 00 00 )=-2.86953051889851E-11
  f( 38)=f( 11 00 01 )=-9.11742903397794E-13
  f( 39)=f( 10 20 00 )=-3.54148887771469E-12
  f( 40)=f( 10 11 00 )= 3.38934061579078E-13
  f( 43)=f( 10 02 00 )=-9.97621297349688E-13
  f( 48)=f( 10 00 02 )= 2.16094547167397E-12
  f( 49)=f( 03 00 00 )=-2.95911346674478E-11
  f( 53)=f( 02 00 01 )=-1.58278598560990E-12
  f( 54)=f( 01 20 00 )=-1.20292405526417E-12
  f( 55)=f( 01 11 00 )= 8.55963954452935E-12
  f( 58)=f( 01 02 00 )= 6.40914961279551E-12
  f( 63)=f( 01 00 02 )= 2.53444527551338E-12
  f( 67)=f( 00 20 01 )= 0.72727384500403    
  f( 70)=f( 00 11 01 )= 2.96564162116653E-12
  f( 76)=f( 00 02 01 )= 4.41442021825722E-13
  f( 83)=f( 00 00 03 )=  6.4115893861259    
  f( 84)=f( 40 00 00 )=  467.67284594980    
  f( 85)=f( 31 00 00 )=  7420.9320897926    
  f( 89)=f( 30 00 01 )=  3193.4082449241    
  f( 90)=f( 22 00 00 )=  22229.256884265    
  f( 94)=f( 21 00 01 )=  14037.310026184    
  f( 95)=f( 20 20 00 )= -8303.5072405556    
  f( 96)=f( 20 11 00 )= -21007.369545114    
  f( 99)=f( 20 02 00 )= -21585.149320019    
  f(104)=f( 20 00 02 )= -9990.1913520634    
  f(105)=f( 13 00 00 )=  23314.942345775    
  f(109)=f( 12 00 01 )=  17422.596403982    
  f(110)=f( 11 20 00 )= -5813.1668606297    
  f(111)=f( 11 11 00 )=  4223.4230721964    
  f(114)=f( 11 02 00 )= -6664.5076517230    
  f(119)=f( 11 00 02 )= -21014.489376733    
  f(123)=f( 10 20 01 )= -11117.291178469    
  f(126)=f( 10 11 01 )= -18665.867906042    
  f(132)=f( 10 02 01 )= -11128.852311905    
  f(139)=f( 10 00 03 )=  5436.0340694196    
  f(140)=f( 04 00 00 )=  8055.6778314560    
  f(144)=f( 03 00 01 )=  7236.9309219896    
  f(145)=f( 02 20 00 )= -14311.366562207    
  f(146)=f( 02 11 00 )= -7606.2390620927    
  f(149)=f( 02 02 00 )=  5171.0506603392    
  f(154)=f( 02 00 02 )= -11040.037170119    
  f(158)=f( 01 20 01 )= -4439.2352421574    
  f(161)=f( 01 11 01 )= -4420.7039345304    
  f(167)=f( 01 02 01 )= -13150.241414980    
  f(174)=f( 01 00 03 )=  5578.6616870990    
  f(175)=f( 00 40 00 )=  2092.3157802370    
  f(176)=f( 00 31 00 )=  20962.253119003    
  f(179)=f( 00 22 00 )=  49204.657220805    
  f(184)=f( 00 20 02 )=  1826.0258942931    
  f(185)=f( 00 13 00 )=  44629.186148048    
  f(190)=f( 00 11 02 )=  3677.0609639563    
  f(195)=f( 00 04 00 )=  13778.899252151    
  f(200)=f( 00 02 02 )=  3321.4039048435    
  f(209)=f( 00 00 04 )= -1584.8290995160    
  f(210)=f( 50 00 00 )= -1408644.3797619    
  f(211)=f( 41 00 00 )= -9115757.1279295    
  f(215)=f( 40 00 01 )= -844652.80300978    
  f(216)=f( 32 00 00 )= -21443910.940939    
  f(220)=f( 31 00 01 )= -2727278.3594593    
  f(221)=f( 30 20 00 )= -1992024.7320532    
  f(222)=f( 30 11 00 )= -13998085.077323    
  f(225)=f( 30 02 00 )= -10086729.762539    
  f(230)=f( 30 00 02 )=  88724.595196082    
  f(231)=f( 23 00 00 )= -24340752.758793    
  f(235)=f( 22 00 01 )= -4065959.4747433    
  f(236)=f( 21 20 00 )=  8872001.0035513    
  f(237)=f( 21 11 00 )= -11574618.543921    
  f(240)=f( 21 02 00 )= -14633166.264891    
  f(245)=f( 21 00 02 )=  524982.47437330    
  f(249)=f( 20 20 01 )= -258546.17932784    
  f(252)=f( 20 11 01 )= -1401293.1076341    
  f(258)=f( 20 02 01 )=  83300.681131242    
  f(265)=f( 20 00 03 )= -302137.76680664    
  f(266)=f( 14 00 00 )= -14016852.274808    
  f(270)=f( 13 00 01 )= -3392093.2620821    
  f(271)=f( 12 20 00 )=  18870810.888411    
  f(272)=f( 12 11 00 )=  12263179.045540    
  f(275)=f( 12 02 00 )=  442050.95298979    
  f(280)=f( 12 00 02 )=  706393.01155771    
  f(284)=f( 11 20 01 )=  2182462.0835667    
  f(287)=f( 11 11 01 )= -601115.69352577    
  f(293)=f( 11 02 01 )=  771470.26047414    
  f(300)=f( 11 00 03 )=  37165.206049241    
  f(301)=f( 10 40 00 )=  3851572.7301247    
  f(302)=f( 10 31 00 )=  20873223.086890    
  f(305)=f( 10 22 00 )=  36321081.523039    
  f(310)=f( 10 20 02 )=  212419.37804481    
  f(311)=f( 10 13 00 )=  25371530.027996    
  f(316)=f( 10 11 02 )= -406464.51317510    
  f(321)=f( 10 04 00 )=  5789667.4754724    
  f(326)=f( 10 02 02 )= -1074435.0116915    
  f(335)=f( 10 00 04 )= -420902.71267120    
  f(336)=f( 05 00 00 )= -3376180.1457788    
  f(340)=f( 04 00 01 )= -1186215.0661932    
  f(341)=f( 03 20 00 )=  6709812.9474009    
  f(342)=f( 03 11 00 )=  5872538.6461940    
  f(345)=f( 03 02 00 )=  1615353.0462544    
  f(350)=f( 03 00 02 )=  341849.07922694    
  f(354)=f( 02 20 01 )=  3395231.7852810    
  f(357)=f( 02 11 01 )=  2748696.1930731    
  f(363)=f( 02 02 01 )=  3190668.6744755    
  f(370)=f( 02 00 03 )=  212803.73154119    
  f(371)=f( 01 40 00 )=  455349.96889188    
  f(372)=f( 01 31 00 )=  10170759.246484    
  f(375)=f( 01 22 00 )=  26515775.411072    
  f(380)=f( 01 20 02 )=  178596.53918788    
  f(381)=f( 01 13 00 )=  24695659.131762    
  f(386)=f( 01 11 02 )= -286471.85047169    
  f(391)=f( 01 04 00 )=  7700452.1567811    
  f(396)=f( 01 02 02 )= -1837945.4768955    
  f(405)=f( 01 00 04 )= -613829.25946880    
  f(409)=f( 00 40 01 )=  936953.48422898    
  f(412)=f( 00 31 01 )=  2871238.0206629    
  f(418)=f( 00 22 01 )=  2490247.6872721    
  f(425)=f( 00 20 03 )= -308769.81092403    
  f(428)=f( 00 13 01 )=  47609.698731863    
  f(435)=f( 00 11 03 )= -68593.816569511    
  f(443)=f( 00 04 01 )= -521379.04456208    
  f(450)=f( 00 02 03 )=  359094.33549085    
  f(461)=f( 00 00 05 )=  76559.193265234    
  f(462)=f( 60 00 00 )=  298247053.00456    
  f(463)=f( 51 00 00 )=  1666640554.2739    
  f(467)=f( 50 00 01 )= -27470376.612320    
  f(468)=f( 42 00 00 )=  4123492798.2701    
  f(472)=f( 41 00 01 )=  129803939.82843    
  f(473)=f( 40 20 00 )= -3371383430.6286    
  f(474)=f( 40 11 00 )= -5589627605.7713    
  f(477)=f( 40 02 00 )= -2527383583.8165    
  f(482)=f( 40 00 02 )= -125759210.29366    
  f(483)=f( 33 00 00 )=  5894198810.3518    
  f(487)=f( 32 00 01 )=  922291667.39921    
  f(488)=f( 31 20 00 )= -11640554296.833    
  f(489)=f( 31 11 00 )= -19120039537.256    
  f(492)=f( 31 02 00 )= -9381721843.5935    
  f(497)=f( 31 00 02 )= -592833168.55324    
  f(501)=f( 30 20 01 )= -416734378.92182    
  f(504)=f( 30 11 01 )= -371905507.27693    
  f(510)=f( 30 02 01 )=  5119769.7435900    
  f(517)=f( 30 00 03 )= -42881582.200506    
  f(518)=f( 24 00 00 )=  5051888846.5720    
  f(522)=f( 23 00 01 )=  1624799374.4826    
  f(523)=f( 22 20 00 )= -14207839511.668    
  f(524)=f( 22 11 00 )= -21219079854.534    
  f(527)=f( 22 02 00 )= -10974362630.359    
  f(532)=f( 22 00 02 )= -1053218484.5797    
  f(536)=f( 21 20 01 )= -1685856084.9376    
  f(539)=f( 21 11 01 )= -1685240072.1026    
  f(545)=f( 21 02 01 )= -363182954.99905    
  f(552)=f( 21 00 03 )=  2285649.5237755    
  f(553)=f( 20 40 00 )=  2582631239.6104    
  f(554)=f( 20 31 00 )=  8058645887.4038    
  f(557)=f( 20 22 00 )=  8559446925.0117    
  f(562)=f( 20 20 02 )= -190592087.15657    
  f(563)=f( 20 13 00 )=  2876153718.4831    
  f(568)=f( 20 11 02 )= -853760582.17669    
  f(573)=f( 20 04 00 )= -124871794.51622    
  f(578)=f( 20 02 02 )= -470627913.10540    
  f(587)=f( 20 00 04 )= -3833108.8262921    
  f(588)=f( 15 00 00 )=  2386947457.2334    
  f(592)=f( 14 00 01 )=  1160270733.4872    
  f(593)=f( 13 20 00 )= -7966478120.9014    
  f(594)=f( 13 11 00 )= -10048525713.658    
  f(597)=f( 13 02 00 )= -5855950457.6393    
  f(602)=f( 13 00 02 )= -773609747.77429    
  f(606)=f( 12 20 01 )= -2000417865.5104    
  f(609)=f( 12 11 01 )= -1561240058.9922    
  f(615)=f( 12 02 01 )=  23242161.622754    
  f(622)=f( 12 00 03 )=  53823362.413459    
  f(623)=f( 11 40 00 )=  4655685083.3967    
  f(624)=f( 11 31 00 )=  16322822595.723    
  f(627)=f( 11 22 00 )=  21487237843.862    
  f(632)=f( 11 20 02 )= -150789833.10570    
  f(633)=f( 11 13 00 )=  11743656213.246    
  f(638)=f( 11 11 02 )= -1313452445.5498    
  f(643)=f( 11 04 00 )=  2275721672.2608    
  f(648)=f( 11 02 02 )= -814994159.14210    
  f(657)=f( 11 00 04 )=  32028748.384059    
  f(661)=f( 10 40 01 )=  321094612.76161    
  f(664)=f( 10 31 01 )=  469420731.78080    
  f(670)=f( 10 22 01 )= -260004198.28692    
  f(677)=f( 10 20 03 )=  65585497.669025    
  f(680)=f( 10 13 01 )= -659080654.47299    
  f(687)=f( 10 11 03 )=  206512888.29279    
  f(695)=f( 10 04 01 )= -333322690.34604    
  f(702)=f( 10 02 03 )=  143917508.52480    
  f(713)=f( 10 00 05 )= -23902931.435915    
  f(714)=f( 06 00 00 )=  476953492.01464    
  f(718)=f( 05 00 01 )=  311165662.24089    
  f(719)=f( 04 20 00 )= -1988976802.6237    
  f(720)=f( 04 11 00 )= -2219855477.7592    
  f(723)=f( 04 02 00 )= -1615753593.7262    
  f(728)=f( 04 00 02 )= -196795191.80223    
  f(732)=f( 03 20 01 )= -695375597.66162    
  f(735)=f( 03 11 01 )= -400409758.77608    
  f(741)=f( 03 02 01 )=  32416195.861464    
  f(748)=f( 03 00 03 )=  8779771.7091902    
  f(749)=f( 02 40 00 )=  1722859264.4614    
  f(750)=f( 02 31 00 )=  6147405398.4802    
  f(753)=f( 02 22 00 )=  8743784091.7805    
  f(758)=f( 02 20 02 )= -2506352.4525876    
  f(759)=f( 02 13 00 )=  5242326374.5237    
  f(764)=f( 02 11 02 )= -397591308.82202    
  f(769)=f( 02 04 00 )=  1219705201.3747    
  f(774)=f( 02 02 02 )= -81399701.225306    
  f(783)=f( 02 00 04 )=  22525653.185251    
  f(787)=f( 01 40 01 )=  505104099.02304    
  f(790)=f( 01 31 01 )=  1538491451.8843    
  f(796)=f( 01 22 01 )=  2056661254.9700    
  f(803)=f( 01 20 03 )= -18321306.909737    
  f(806)=f( 01 13 01 )=  1741187911.7467    
  f(813)=f( 01 11 03 )=  28024687.259672    
  f(821)=f( 01 04 01 )=  622094718.62596    
  f(828)=f( 01 02 03 )= -2826873.3923172    
  f(839)=f( 01 00 05 )= -9899428.4840165    
  f(840)=f( 00 60 00 )= -282801665.20237    
  f(841)=f( 00 51 00 )= -1247993741.1309    
  f(844)=f( 00 42 00 )= -1868660178.3294    
  f(849)=f( 00 40 02 )= -30649271.539591    
  f(850)=f( 00 33 00 )= -677128884.56792    
  f(855)=f( 00 31 02 )= -92343152.532109    
  f(860)=f( 00 24 00 )=  901370506.05591    
  f(865)=f( 00 22 02 )= -227625266.73811    
  f(874)=f( 00 20 04 )=  9437427.9444696    
  f(875)=f( 00 15 00 )=  915888383.34789    
  f(880)=f( 00 13 02 )= -343986896.44923    
  f(889)=f( 00 11 04 )=  923534.21425726    
  f(896)=f( 00 06 00 )=  234641476.75408    
  f(901)=f( 00 04 02 )= -171136769.72863    
  f(910)=f( 00 02 04 )=  5297882.5336608    
  f(923)=f( 00 00 06 )= -4576526.3852801    

 end of MARYLIE run
 At end, calling myexit w/ i=           0
 done. arclen=   954.205743000021     
 sbendanglesum=   8999.99999888332     
 PE0 (system_clock)ELAPSED TIME=   1.50660000000000     
 PE0 (date_and_time)ELAPSED TIME=   1.50699999999779     
