 reading SIF input for MAD monitor
 reading SIF input for MAD monitor
 reading SIF input for MAD monitor
 reading SIF input for MAD monitor
 reading SIF input for MAD monitor
 reading SIF input for MAD monitor
 reading SIF input for MAD monitor
 reading SIF input for MAD monitor
 reading SIF input for MAD monitor
 reading SIF input for MAD monitor
 reading SIF input for MAD monitor
 reading SIF input for MAD monitor
 reading SIF input for MAD monitor
 reading SIF input for MAD monitor
 reading SIF input for MAD monitor
 reading SIF input for MAD monitor
 reading SIF input for MAD monitor
 reading SIF input for MAD monitor
 reading SIF input for MAD monitor
 reading SIF input for MAD monitor
 reading SIF input for MAD monitor
 reading SIF input for MAD monitor
 sbend, user input l=  0.80929638579999996      code computed rho=  0.77282112150394056     
 sbend, B=  0.64962999570822433     

 matrix for map is :

  9.99968E-01  6.96210E-05  0.00000E+00  0.00000E+00  0.00000E+00 -1.14795E-06
 -1.45445E+00  9.99930E-01  0.00000E+00  0.00000E+00  0.00000E+00 -2.58777E-07
  0.00000E+00  0.00000E+00  9.99995E-01  3.98474E-07  0.00000E+00  0.00000E+00
  0.00000E+00  0.00000E+00 -1.45444E+00  1.00000E+00  0.00000E+00  0.00000E+00
  1.92840E-06 -1.14785E-06  0.00000E+00  0.00000E+00  1.00000E+00 -1.29716E+00
  0.00000E+00  0.00000E+00  0.00000E+00  0.00000E+00  0.00000E+00  1.00000E+00

 nonzero matrix elements in full precision:
1  1   0.99996848658384    
1  2   6.96210082837337E-05
1  6  -1.14794918745886E-06
2  1   -1.4544453588239    
2  2   0.99993025126576    
2  6  -2.58777078359210E-07
3  3   0.99999537300250    
3  4   3.98474363699775E-07
4  3   -1.4544384163340    
4  4    1.0000040474598    
5  1   1.92839829291080E-06
5  2  -1.14785110610915E-06
5  5    1.0000000000000    
5  6   -1.2971554615639    
6  6    1.0000000000000    


 nonzero elements in generating polynomial are :

  f( 28)=f( 30 00 00 )= -2.4280437664233    
  f( 29)=f( 21 00 00 )= -28.041137102378    
  f( 33)=f( 20 00 01 )= -26.746512466803    
  f( 34)=f( 12 00 00 )= -43.875716626458    
  f( 38)=f( 11 00 01 )= -41.140036718751    
  f( 39)=f( 10 20 00 )= -2.4355885541053    
  f( 40)=f( 10 11 00 )= -11.994214818835    
  f( 43)=f( 10 02 00 )= -14.186059944334    
  f( 48)=f( 10 00 02 )= -5.5276945490738    
  f( 49)=f( 03 00 00 )= -24.166628949295    
  f( 53)=f( 02 00 01 )= -20.550473332951    
  f( 54)=f( 01 20 00 )=  13.278475329047    
  f( 55)=f( 01 11 00 )=  23.277308073980    
  f( 58)=f( 01 02 00 )=  7.8603596473021    
  f( 63)=f( 01 00 02 )= -20.728696554598    
  f( 67)=f( 00 20 01 )=  4.3256022790822    
  f( 70)=f( 00 11 01 )= -5.1286048397495    
  f( 76)=f( 00 02 01 )= -6.7080838427128    
  f( 83)=f( 00 00 03 )=  10.696057921150    
  f( 84)=f( 40 00 00 )=  18.182537438793    
  f( 85)=f( 31 00 00 )=  1113.6633146806    
  f( 89)=f( 30 00 01 )=  322.62675012565    
  f( 90)=f( 22 00 00 )=  1355.8103008230    
  f( 94)=f( 21 00 01 )=  2025.1839035558    
  f( 95)=f( 20 20 00 )= -3451.4382186765    
  f( 96)=f( 20 11 00 )= -4722.7812463063    
  f( 99)=f( 20 02 00 )= -1857.4439606416    
  f(104)=f( 20 00 02 )= -1594.2445734220    
  f(105)=f( 13 00 00 )= -247.86280323723    
  f(109)=f( 12 00 01 )=  3173.7517913669    
  f(110)=f( 11 20 00 )= -6595.0874205694    
  f(111)=f( 11 11 00 )= -8682.3498998045    
  f(114)=f( 11 02 00 )= -2470.4115938038    
  f(119)=f( 11 00 02 )= -3537.9307059727    
  f(123)=f( 10 20 01 )=  240.99008183033    
  f(126)=f( 10 11 01 )= -922.10161557432    
  f(132)=f( 10 02 01 )= -1493.8596935157    
  f(139)=f( 10 00 03 )=  629.65721179704    
  f(140)=f( 04 00 00 )= -809.51392889599    
  f(144)=f( 03 00 01 )=  1486.0215056928    
  f(145)=f( 02 20 00 )= -3706.2685653308    
  f(146)=f( 02 11 00 )= -4176.3198197353    
  f(149)=f( 02 02 00 )= -974.13703384347    
  f(154)=f( 02 00 02 )= -2417.6978435820    
  f(158)=f( 01 20 01 )=  80.356500734730    
  f(161)=f( 01 11 01 )= -1018.6967326189    
  f(167)=f( 01 02 01 )= -1554.3222364574    
  f(174)=f( 01 00 03 )=  1360.6239118547    
  f(175)=f( 00 40 00 )=  967.05999002768    
  f(176)=f( 00 31 00 )=  4032.9706155915    
  f(179)=f( 00 22 00 )=  6183.7942629708    
  f(184)=f( 00 20 02 )= -171.23157053042    
  f(185)=f( 00 13 00 )=  4489.7308245189    
  f(190)=f( 00 11 02 )= -500.57977423604    
  f(195)=f( 00 04 00 )=  1306.4468799864    
  f(200)=f( 00 02 02 )= -152.48177806239    
  f(209)=f( 00 00 04 )= -614.14536913654    
  f(210)=f( 50 00 00 )=  8209.2645602594    
  f(211)=f( 41 00 00 )=  53557.754282562    
  f(215)=f( 40 00 01 )= -30695.010617607    
  f(216)=f( 32 00 00 )=  92750.526073604    
  f(220)=f( 31 00 01 )= -132162.71680486    
  f(221)=f( 30 20 00 )=  109171.49371862    
  f(222)=f( 30 11 00 )=  66494.077949337    
  f(225)=f( 30 02 00 )= -36914.654603623    
  f(230)=f( 30 00 02 )=  101415.77726525    
  f(231)=f( 23 00 00 )=  58406.700981361    
  f(235)=f( 22 00 01 )= -222507.57163272    
  f(236)=f( 21 20 00 )=  305527.54549794    
  f(237)=f( 21 11 00 )=  177150.60232074    
  f(240)=f( 21 02 00 )= -99661.505162898    
  f(245)=f( 21 00 02 )=  260476.48817761    
  f(249)=f( 20 20 01 )= -49957.315881216    
  f(252)=f( 20 11 01 )= -76829.128967296    
  f(258)=f( 20 02 01 )= -14457.985913942    
  f(265)=f( 20 00 03 )= -74336.135201484    
  f(266)=f( 14 00 00 )= -13537.713722002    
  f(270)=f( 13 00 01 )= -125942.51589282    
  f(271)=f( 12 20 00 )=  247746.31870185    
  f(272)=f( 12 11 00 )=  69865.630819043    
  f(275)=f( 12 02 00 )= -164549.87406705    
  f(280)=f( 12 00 02 )=  144254.78842788    
  f(284)=f( 11 20 01 )=  55066.726483781    
  f(287)=f( 11 11 01 )=  127909.51643204    
  f(293)=f( 11 02 01 )=  80070.973264203    
  f(300)=f( 11 00 03 )= -53041.786947568    
  f(301)=f( 10 40 00 )= -55327.584300767    
  f(302)=f( 10 31 00 )= -98089.558962694    
  f(305)=f( 10 22 00 )= -12904.014365444    
  f(310)=f( 10 20 02 )= -94155.047619410    
  f(311)=f( 10 13 00 )=  44110.880622364    
  f(316)=f( 10 11 02 )= -181184.40190625    
  f(321)=f( 10 04 00 )=  13111.202173059    
  f(326)=f( 10 02 02 )= -76613.905740470    
  f(335)=f( 10 00 04 )=  22043.406529915    
  f(336)=f( 05 00 00 )= -24581.458477194    
  f(340)=f( 04 00 01 )= -4972.7683758424    
  f(341)=f( 03 20 00 )=  8218.1276406129    
  f(342)=f( 03 11 00 )= -74212.795666132    
  f(345)=f( 03 02 00 )= -101156.14742197    
  f(350)=f( 03 00 02 )= -12537.044385247    
  f(354)=f( 02 20 01 )=  127930.07271136    
  f(357)=f( 02 11 01 )=  201929.41517589    
  f(363)=f( 02 02 01 )=  68418.353003215    
  f(370)=f( 02 00 03 )=  33385.762574123    
  f(371)=f( 01 40 00 )= -94030.267132137    
  f(372)=f( 01 31 00 )= -245132.28817800    
  f(375)=f( 01 22 00 )= -268006.81124656    
  f(380)=f( 01 20 02 )= -126098.60192087    
  f(381)=f( 01 13 00 )= -156334.38720237    
  f(386)=f( 01 11 02 )= -197384.39096425    
  f(391)=f( 01 04 00 )= -43972.234458736    
  f(396)=f( 01 02 02 )= -49557.307220777    
  f(405)=f( 01 00 04 )= -11450.752846302    
  f(409)=f( 00 40 01 )= -9737.5865979111    
  f(412)=f( 00 31 01 )= -76378.877169069    
  f(418)=f( 00 22 01 )= -147610.70799150    
  f(425)=f( 00 20 03 )=  9341.6685112069    
  f(428)=f( 00 13 01 )= -113762.46546951    
  f(435)=f( 00 11 03 )=  34737.842013643    
  f(443)=f( 00 04 01 )= -33702.495183610    
  f(450)=f( 00 02 03 )=  14959.527524002    
  f(461)=f( 00 00 05 )=  5717.1335706959    
  f(462)=f( 60 00 00 )= -4570398.7342642    
  f(463)=f( 51 00 00 )= -22057655.181729    
  f(467)=f( 50 00 01 )=  945046.83621299    
  f(468)=f( 42 00 00 )= -46722542.180705    
  f(472)=f( 41 00 01 )=  4191052.1688791    
  f(473)=f( 40 20 00 )= -5133383.6344375    
  f(474)=f( 40 11 00 )= -3345211.5495426    
  f(477)=f( 40 02 00 )=  367979.83646877    
  f(482)=f( 40 00 02 )= -3336390.8022673    
  f(483)=f( 33 00 00 )= -49954279.506653    
  f(487)=f( 32 00 01 )=  10363581.345451    
  f(488)=f( 31 20 00 )= -13444201.989720    
  f(489)=f( 31 11 00 )= -5618200.0112610    
  f(492)=f( 31 02 00 )=  4855890.8611595    
  f(497)=f( 31 00 02 )= -5939326.7920306    
  f(501)=f( 30 20 01 )= -386085.71044879    
  f(504)=f( 30 11 01 )= -2845540.1925870    
  f(510)=f( 30 02 01 )= -1062642.2965954    
  f(517)=f( 30 00 03 )=  577912.55209306    
  f(518)=f( 24 00 00 )= -26413781.623582    
  f(522)=f( 23 00 01 )=  19231387.120495    
  f(523)=f( 22 20 00 )= -16086437.263298    
  f(524)=f( 22 11 00 )= -9358376.2878707    
  f(527)=f( 22 02 00 )=  3981644.4738507    
  f(532)=f( 22 00 02 )= -4247965.8976044    
  f(536)=f( 21 20 01 )= -637090.80497876    
  f(539)=f( 21 11 01 )= -7962751.9753306    
  f(545)=f( 21 02 01 )= -2025556.0678434    
  f(552)=f( 21 00 03 )=  22192.231049974    
  f(553)=f( 20 40 00 )=  2977491.9819230    
  f(554)=f( 20 31 00 )=  5484534.0597176    
  f(557)=f( 20 22 00 )= -1626273.3555340    
  f(562)=f( 20 20 02 )=  3873522.1383583    
  f(563)=f( 20 13 00 )= -6208564.7841447    
  f(568)=f( 20 11 02 )=  6654503.1809923    
  f(573)=f( 20 04 00 )= -2462286.6886103    
  f(578)=f( 20 02 02 )=  964291.84849734    
  f(587)=f( 20 00 04 )=  825848.92860153    
  f(588)=f( 15 00 00 )= -6079757.5054726    
  f(592)=f( 14 00 01 )=  17085945.193696    
  f(593)=f( 13 20 00 )= -12349533.609007    
  f(594)=f( 13 11 00 )= -11095613.957488    
  f(597)=f( 13 02 00 )= -1198441.8396921    
  f(602)=f( 13 00 02 )= -4772125.3493745    
  f(606)=f( 12 20 01 )= -555620.42877124    
  f(609)=f( 12 11 01 )= -8176407.8492875    
  f(615)=f( 12 02 01 )= -1580080.4023090    
  f(622)=f( 12 00 03 )=  3457879.9648278    
  f(623)=f( 11 40 00 )=  2349654.1664618    
  f(624)=f( 11 31 00 )= -7133016.7999002    
  f(627)=f( 11 22 00 )= -28027033.830835    
  f(632)=f( 11 20 02 )=  6403420.4465253    
  f(633)=f( 11 13 00 )= -24440293.880693    
  f(638)=f( 11 11 02 )=  9752136.8314401    
  f(643)=f( 11 04 00 )= -6485046.0963623    
  f(648)=f( 11 02 02 )=  205674.76669621    
  f(657)=f( 11 00 04 )=  1331968.5358607    
  f(661)=f( 10 40 01 )=  2880624.4667189    
  f(664)=f( 10 31 01 )=  12488228.037075    
  f(670)=f( 10 22 01 )=  15526594.600372    
  f(677)=f( 10 20 03 )= -1696607.9862970    
  f(680)=f( 10 13 01 )=  7045183.7400053    
  f(687)=f( 10 11 03 )= -2155826.6938627    
  f(695)=f( 10 04 01 )=  1073169.4289122    
  f(702)=f( 10 02 03 )=  521792.19950251    
  f(713)=f( 10 00 05 )=  272374.98741204    
  f(714)=f( 06 00 00 )= -328981.62514563    
  f(718)=f( 05 00 01 )=  5283878.3492276    
  f(719)=f( 04 20 00 )= -6486220.9227356    
  f(720)=f( 04 11 00 )= -7244482.3704117    
  f(723)=f( 04 02 00 )= -2011222.4136966    
  f(728)=f( 04 00 02 )= -3707516.5019943    
  f(732)=f( 03 20 01 )=  3023231.0682785    
  f(735)=f( 03 11 01 )=  3095030.5908995    
  f(741)=f( 03 02 01 )=  2464251.8116039    
  f(748)=f( 03 00 03 )=  4348242.0557713    
  f(749)=f( 02 40 00 )= -2926758.7393577    
  f(750)=f( 02 31 00 )= -15919153.735419    
  f(753)=f( 02 22 00 )= -27405407.680626    
  f(758)=f( 02 20 02 )= -2299262.7241791    
  f(759)=f( 02 13 00 )= -18516506.769381    
  f(764)=f( 02 11 02 )= -4750156.4832381    
  f(769)=f( 02 04 00 )= -4658822.5413494    
  f(774)=f( 02 02 02 )= -3476010.2206268    
  f(783)=f( 02 00 04 )= -1307874.5329318    
  f(787)=f( 01 40 01 )=  5179246.6320300    
  f(790)=f( 01 31 01 )=  19083724.645866    
  f(796)=f( 01 22 01 )=  25220464.121197    
  f(803)=f( 01 20 03 )=  1915665.5551615    
  f(806)=f( 01 13 01 )=  15770618.975111    
  f(813)=f( 01 11 03 )=  3416521.1980953    
  f(821)=f( 01 04 01 )=  4666118.3726950    
  f(828)=f( 01 02 03 )=  1657475.4788144    
  f(839)=f( 01 00 05 )=  889386.30302836    
  f(840)=f( 00 60 00 )= -2712592.8232414    
  f(841)=f( 00 51 00 )= -12665174.671919    
  f(844)=f( 00 42 00 )= -26191110.659885    
  f(849)=f( 00 40 02 )= -920188.35474012    
  f(850)=f( 00 33 00 )= -30774475.870949    
  f(855)=f( 00 31 02 )= -3282050.0713516    
  f(860)=f( 00 24 00 )= -21905354.808588    
  f(865)=f( 00 22 02 )= -4070303.9434010    
  f(874)=f( 00 20 04 )= -321383.92008936    
  f(875)=f( 00 15 00 )= -9116688.5338697    
  f(880)=f( 00 13 02 )= -2232883.8416162    
  f(889)=f( 00 11 04 )=  19782.734709054    
  f(896)=f( 00 06 00 )= -1777384.8100075    
  f(901)=f( 00 04 02 )= -552747.51163887    
  f(910)=f( 00 02 04 )=  355818.38823528    
  f(923)=f( 00 00 06 )= -321500.60989400    
