 reading SIF input for MAD monitor
 reading SIF input for MAD monitor
 reading SIF input for MAD monitor
 reading SIF input for MAD monitor
 reading SIF input for MAD monitor
 reading SIF input for MAD monitor
 reading SIF input for MAD monitor
 reading SIF input for MAD monitor
 reading SIF input for MAD monitor
 reading SIF input for MAD monitor
 reading SIF input for MAD monitor
 reading SIF input for MAD monitor
 reading SIF input for MAD monitor
 reading SIF input for MAD monitor
 reading SIF input for MAD monitor
 reading SIF input for MAD monitor
 reading SIF input for MAD monitor
 reading SIF input for MAD monitor
 reading SIF input for MAD monitor
 reading SIF input for MAD monitor
 reading SIF input for MAD monitor
 reading SIF input for MAD monitor
 sbend, user input l=  0.80929638579999996      code computed rho=  0.77282112150394056     
 sbend, B=  0.64962999570822433     

 matrix for map is :

  9.99968E-01  6.96210E-05  0.00000E+00  0.00000E+00  0.00000E+00 -1.14795E-06
 -1.45445E+00  9.99930E-01  0.00000E+00  0.00000E+00  0.00000E+00 -2.58777E-07
  0.00000E+00  0.00000E+00  9.99995E-01  3.98474E-07  0.00000E+00  0.00000E+00
  0.00000E+00  0.00000E+00 -1.45444E+00  1.00000E+00  0.00000E+00  0.00000E+00
  1.92840E-06 -1.14785E-06  0.00000E+00  0.00000E+00  1.00000E+00 -1.29716E+00
  0.00000E+00  0.00000E+00  0.00000E+00  0.00000E+00  0.00000E+00  1.00000E+00

 nonzero matrix elements in full precision:
1  1   0.99996848658384    
1  2   6.96210082837337E-05
1  6  -1.14794918745886E-06
2  1   -1.4544453588239    
2  2   0.99993025126576    
2  6  -2.58777078359210E-07
3  3   0.99999537300250    
3  4   3.98474363699775E-07
4  3   -1.4544384163340    
4  4    1.0000040474598    
5  1   1.92839829291080E-06
5  2  -1.14785110610915E-06
5  5    1.0000000000000    
5  6   -1.2971554615639    
6  6    1.0000000000000    


 nonzero elements in generating polynomial are :

  f( 28)=f( 30 00 00 )=-8.63541287978080E-02
  f( 29)=f( 21 00 00 )=  6.8236491900432    
  f( 33)=f( 20 00 01 )= -13.186859041594    
  f( 34)=f( 12 00 00 )=  18.027003162755    
  f( 38)=f( 11 00 01 )= -21.919307809637    
  f( 39)=f( 10 20 00 )= -16.384993634707    
  f( 40)=f( 10 11 00 )= -30.073681634089    
  f( 43)=f( 10 02 00 )= -11.954383812438    
  f( 48)=f( 10 00 02 )=  15.498844669979    
  f( 49)=f( 03 00 00 )=  7.2079401210731    
  f( 53)=f( 02 00 01 )= -16.327221153490    
  f( 54)=f( 01 20 00 )= -10.663639030292    
  f( 55)=f( 01 11 00 )= -10.586754719338    
  f( 58)=f( 01 02 00 )=  2.7978403396612    
  f( 63)=f( 01 00 02 )=  15.426916204205    
  f( 67)=f( 00 20 01 )= -4.1899160869422    
  f( 70)=f( 00 11 01 )= -8.9239394355006    
  f( 76)=f( 00 02 01 )= -2.8540713349032    
  f( 83)=f( 00 00 03 )= -5.8393552940816    
  f( 84)=f( 40 00 00 )= -935.26932526768    
  f( 85)=f( 31 00 00 )= -4152.4331374606    
  f( 89)=f( 30 00 01 )=  972.99876080117    
  f( 90)=f( 22 00 00 )= -8984.6188305945    
  f( 94)=f( 21 00 01 )=  4062.4297031985    
  f( 95)=f( 20 20 00 )= -2610.9405079165    
  f( 96)=f( 20 11 00 )= -3211.1324487656    
  f( 99)=f( 20 02 00 )= -458.51693643017    
  f(104)=f( 20 00 02 )= -3355.5486259704    
  f(105)=f( 13 00 00 )= -8679.0688142990    
  f(109)=f( 12 00 01 )=  3508.9844962900    
  f(110)=f( 11 20 00 )= -5705.4175206187    
  f(111)=f( 11 11 00 )= -8701.7916928523    
  f(114)=f( 11 02 00 )= -2835.3671674134    
  f(119)=f( 11 00 02 )= -6786.2329218644    
  f(123)=f( 10 20 01 )= -1532.0181173860    
  f(126)=f( 10 11 01 )= -3328.4610436284    
  f(132)=f( 10 02 01 )= -3158.8688093474    
  f(139)=f( 10 00 03 )=  1525.1604802875    
  f(140)=f( 04 00 00 )= -3218.9399948552    
  f(144)=f( 03 00 01 )=  243.71747239600    
  f(145)=f( 02 20 00 )= -3665.7154469964    
  f(146)=f( 02 11 00 )= -5027.5235012644    
  f(149)=f( 02 02 00 )= -2282.8443787839    
  f(154)=f( 02 00 02 )= -3171.3024933924    
  f(158)=f( 01 20 01 )= -1513.8755556523    
  f(161)=f( 01 11 01 )= -3821.7282047854    
  f(167)=f( 01 02 01 )= -3660.2679082706    
  f(174)=f( 01 00 03 )=  1243.8477923516    
  f(175)=f( 00 40 00 )= -362.05210232473    
  f(176)=f( 00 31 00 )= -1146.5235109940    
  f(179)=f( 00 22 00 )= -2822.7712783005    
  f(184)=f( 00 20 02 )= -54.209820577700    
  f(185)=f( 00 13 00 )= -3278.3225243100    
  f(190)=f( 00 11 02 )= -102.76590223306    
  f(195)=f( 00 04 00 )= -1330.3864703922    
  f(200)=f( 00 02 02 )=  35.609777280197    
  f(209)=f( 00 00 04 )= -283.74890090271    
  f(210)=f( 50 00 00 )= -39911.306222620    
  f(211)=f( 41 00 00 )= -151067.30929299    
  f(215)=f( 40 00 01 )= -165152.95652586    
  f(216)=f( 32 00 00 )= -244904.48400311    
  f(220)=f( 31 00 01 )= -517028.70729698    
  f(221)=f( 30 20 00 )=  36155.636736698    
  f(222)=f( 30 11 00 )=  81288.360258651    
  f(225)=f( 30 02 00 )= -8279.8659810493    
  f(230)=f( 30 00 02 )=  134488.37481007    
  f(231)=f( 23 00 00 )= -180828.42154457    
  f(235)=f( 22 00 01 )= -443356.98802589    
  f(236)=f( 21 20 00 )= -201155.32752164    
  f(237)=f( 21 11 00 )= -388688.64941500    
  f(240)=f( 21 02 00 )= -250786.23324027    
  f(245)=f( 21 00 02 )=  180923.47340179    
  f(249)=f( 20 20 01 )= -56875.697030605    
  f(252)=f( 20 11 01 )= -342726.80760141    
  f(258)=f( 20 02 01 )= -249129.06332248    
  f(265)=f( 20 00 03 )= -51562.098176363    
  f(266)=f( 14 00 00 )= -48322.098251229    
  f(270)=f( 13 00 01 )=  64766.442909554    
  f(271)=f( 12 20 00 )= -431554.19016346    
  f(272)=f( 12 11 00 )= -900702.25341417    
  f(275)=f( 12 02 00 )= -428969.86288381    
  f(280)=f( 12 00 02 )= -107917.12454082    
  f(284)=f( 11 20 01 )= -108951.22423485    
  f(287)=f( 11 11 01 )= -665596.26764439    
  f(293)=f( 11 02 01 )= -533295.63090354    
  f(300)=f( 11 00 03 )=  137661.73528174    
  f(301)=f( 10 40 00 )= -111314.93043139    
  f(302)=f( 10 31 00 )= -607710.26901784    
  f(305)=f( 10 22 00 )= -1080238.4767797    
  f(310)=f( 10 20 02 )= -69928.656800249    
  f(311)=f( 10 13 00 )= -799854.75475368    
  f(316)=f( 10 11 02 )= -135879.05626761    
  f(321)=f( 10 04 00 )= -230514.70403373    
  f(326)=f( 10 02 02 )= -19779.853794394    
  f(335)=f( 10 00 04 )= -52305.834272089    
  f(336)=f( 05 00 00 )= -2147.7540435572    
  f(340)=f( 04 00 01 )=  158046.17510920    
  f(341)=f( 03 20 00 )= -250883.80012032    
  f(342)=f( 03 11 00 )= -497222.15596232    
  f(345)=f( 03 02 00 )= -207444.47368224    
  f(350)=f( 03 00 02 )= -112816.20124749    
  f(354)=f( 02 20 01 )= -10266.786863372    
  f(357)=f( 02 11 01 )= -280791.22347561    
  f(363)=f( 02 02 01 )= -240884.45777629    
  f(370)=f( 02 00 03 )=  187415.67844253    
  f(371)=f( 01 40 00 )= -163847.30977045    
  f(372)=f( 01 31 00 )= -680551.53326395    
  f(375)=f( 01 22 00 )= -1038040.6223831    
  f(380)=f( 01 20 02 )= -48773.806948265    
  f(381)=f( 01 13 00 )= -642368.52844510    
  f(386)=f( 01 11 02 )= -101546.30049321    
  f(391)=f( 01 04 00 )= -132949.68832551    
  f(396)=f( 01 02 02 )=  31608.009216158    
  f(405)=f( 01 00 04 )= -102819.79178827    
  f(409)=f( 00 40 01 )=  5657.5402871074    
  f(412)=f( 00 31 01 )= -62258.529508923    
  f(418)=f( 00 22 01 )= -180104.43822121    
  f(425)=f( 00 20 03 )= -14502.561146496    
  f(428)=f( 00 13 01 )= -177532.12797900    
  f(435)=f( 00 11 03 )= -17102.500511872    
  f(443)=f( 00 04 01 )= -56438.032200745    
  f(450)=f( 00 02 03 )= -32310.462600876    
  f(461)=f( 00 00 05 )=  11167.927224787    
  f(462)=f( 60 00 00 )= -1833710.2612161    
  f(463)=f( 51 00 00 )= -6719985.2792510    
  f(467)=f( 50 00 01 )=  7907994.2985536    
  f(468)=f( 42 00 00 )= -11863327.511161    
  f(472)=f( 41 00 01 )=  47597744.243540    
  f(473)=f( 40 20 00 )=  6976463.9683754    
  f(474)=f( 40 11 00 )=  7572426.3526349    
  f(477)=f( 40 02 00 )=  4403903.0549344    
  f(482)=f( 40 00 02 )= -5245089.8079050    
  f(483)=f( 33 00 00 )= -8705902.3471615    
  f(487)=f( 32 00 01 )=  122142874.29663    
  f(488)=f( 31 20 00 )=  29290741.039909    
  f(489)=f( 31 11 00 )=  38104453.572634    
  f(492)=f( 31 02 00 )=  25384415.863015    
  f(497)=f( 31 00 02 )=  2578673.1845268    
  f(501)=f( 30 20 01 )= -9295343.1963136    
  f(504)=f( 30 11 01 )= -14449276.216120    
  f(510)=f( 30 02 01 )=  2655739.7192345    
  f(517)=f( 30 00 03 )= -10604717.347339    
  f(518)=f( 24 00 00 )=  2606630.6225028    
  f(522)=f( 23 00 01 )=  160439759.88279    
  f(523)=f( 22 20 00 )=  48964999.174631    
  f(524)=f( 22 11 00 )=  66807576.000496    
  f(527)=f( 22 02 00 )=  46279763.981907    
  f(532)=f( 22 00 02 )=  27511508.122889    
  f(536)=f( 21 20 01 )= -21952773.791084    
  f(539)=f( 21 11 01 )= -39310975.127981    
  f(545)=f( 21 02 01 )=  11989438.468364    
  f(552)=f( 21 00 03 )= -42666286.221088    
  f(553)=f( 20 40 00 )= -12709114.397087    
  f(554)=f( 20 31 00 )= -50257422.488754    
  f(557)=f( 20 22 00 )= -74789903.495063    
  f(562)=f( 20 20 02 )=  205898.03430485    
  f(563)=f( 20 13 00 )= -55447589.602316    
  f(568)=f( 20 11 02 )=  2865853.6267465    
  f(573)=f( 20 04 00 )= -15485869.474250    
  f(578)=f( 20 02 02 )= -8803533.3848008    
  f(587)=f( 20 00 04 )=  8580820.8279500    
  f(588)=f( 15 00 00 )=  7730915.1550497    
  f(592)=f( 14 00 01 )=  101633807.89316    
  f(593)=f( 13 20 00 )=  38546609.670481    
  f(594)=f( 13 11 00 )=  51456919.168824    
  f(597)=f( 13 02 00 )=  34570380.036511    
  f(602)=f( 13 00 02 )=  24619855.575600    
  f(606)=f( 12 20 01 )= -9365327.4102775    
  f(609)=f( 12 11 01 )= -18530083.321987    
  f(615)=f( 12 02 01 )=  20390978.563613    
  f(622)=f( 12 00 03 )= -43470900.610589    
  f(623)=f( 11 40 00 )= -23400880.592586    
  f(624)=f( 11 31 00 )= -97752659.887263    
  f(627)=f( 11 22 00 )= -140999597.10929    
  f(632)=f( 11 20 02 )= -2828662.8073360    
  f(633)=f( 11 13 00 )= -96674220.425858    
  f(638)=f( 11 11 02 )=  7041641.2242541    
  f(643)=f( 11 04 00 )= -25745335.169054    
  f(648)=f( 11 02 02 )= -9761546.5526779    
  f(657)=f( 11 00 04 )=  17696617.525169    
  f(661)=f( 10 40 01 )=  954519.91550883    
  f(664)=f( 10 31 01 )=  6785326.4662393    
  f(670)=f( 10 22 01 )=  7064862.3387644    
  f(677)=f( 10 20 03 )=  577534.20243055    
  f(680)=f( 10 13 01 )=  4412013.7473350    
  f(687)=f( 10 11 03 )= -4520543.8400320    
  f(695)=f( 10 04 01 )=  2137737.5391720    
  f(702)=f( 10 02 03 )= -1787323.0015515    
  f(713)=f( 10 00 05 )= -2596959.0743805    
  f(714)=f( 06 00 00 )=  3310071.0976592    
  f(718)=f( 05 00 01 )=  24713067.727452    
  f(719)=f( 04 20 00 )=  10590336.730897    
  f(720)=f( 04 11 00 )=  13572668.007361    
  f(723)=f( 04 02 00 )=  9031081.7664800    
  f(728)=f( 04 00 02 )=  3636683.7784391    
  f(732)=f( 03 20 01 )=  4855372.9002752    
  f(735)=f( 03 11 01 )=  7238510.9570600    
  f(741)=f( 03 02 01 )=  11586180.101859    
  f(748)=f( 03 00 03 )= -11310047.205339    
  f(749)=f( 02 40 00 )= -17748136.739890    
  f(750)=f( 02 31 00 )= -65601653.347226    
  f(753)=f( 02 22 00 )= -85975367.109514    
  f(758)=f( 02 20 02 )= -3239334.4292117    
  f(759)=f( 02 13 00 )= -54460901.687298    
  f(764)=f( 02 11 02 )=  4959879.4516667    
  f(769)=f( 02 04 00 )= -15305841.649944    
  f(774)=f( 02 02 02 )=  190765.21477715    
  f(783)=f( 02 00 04 )=  5097049.2294027    
  f(787)=f( 01 40 01 )=  7666804.6964437    
  f(790)=f( 01 31 01 )=  29778819.266198    
  f(796)=f( 01 22 01 )=  41385377.455507    
  f(803)=f( 01 20 03 )=  2072140.4575821    
  f(806)=f( 01 13 01 )=  30002064.774753    
  f(813)=f( 01 11 03 )= -922325.35792880    
  f(821)=f( 01 04 01 )=  11119328.322870    
  f(828)=f( 01 02 03 )= -2381145.3851014    
  f(839)=f( 01 00 05 )= -483875.59354123    
  f(840)=f( 00 60 00 )= -858705.66308995    
  f(841)=f( 00 51 00 )= -238612.03909485    
  f(844)=f( 00 42 00 )=  7048031.7630176    
  f(849)=f( 00 40 02 )= -2071062.5106336    
  f(850)=f( 00 33 00 )=  16604416.444770    
  f(855)=f( 00 31 02 )= -9488685.4920444    
  f(860)=f( 00 24 00 )=  17168400.257985    
  f(865)=f( 00 22 02 )= -16412698.116686    
  f(874)=f( 00 20 04 )= -1021719.7476567    
  f(875)=f( 00 15 00 )=  9050360.6281154    
  f(880)=f( 00 13 02 )= -13078926.608575    
  f(889)=f( 00 11 04 )= -2135655.9593362    
  f(896)=f( 00 06 00 )=  2152605.7998266    
  f(901)=f( 00 04 02 )= -4621025.9580518    
  f(910)=f( 00 02 04 )= -912927.12586726    
  f(923)=f( 00 00 06 )= -130688.32020334    
