 nconst=          14
    n    constr      conval
           1 pi                                                             3.1415926535897931     
           2 twopi                                                          6.2831853071795862     
           3 clight                                                         299792458.00000000     
           4 brho                                                          0.33526429140179725     
           5 gamma                                                          196.69280144029901     
           6 charge                                                        -1.0000000000000000     
           7 mass                                                           511005.00000000006     
           8 beta                                                          0.99998707603185399     
           9 energy                                                         100511005.00000000     
          10 ekinetic                                                       100000000.00000000     
          11 pc                                                             100509705.99897304     
          12 p0sc                                                          0.33526429140179725     
          13 freqscl                                                        47713451.592369422     
          14 omegascl                                                       299792458.00000000     
  
 na=         209
 listing of n,nt1(n),nt2(n) for n=1,...,na
   1    7   47 beam             beam                 1     1         10    1
   2    7   48 units            units               11     2          5    2
   3    7   78 globaldefaults   setdefaults         16     4          5    0
   4    1   42 drift            drift1              21     4          3    1
   5    1   42 drift            drift2              24     5          3    1
   6    1   46 quadrupole       quad1               27     6         12    1
   7    1   42 drift            drift3              39     7          3    1
   8    1   46 quadrupole       quad2               42     8         12    1
   9    1   42 drift            drift4              54     9          3    1
  10    1   46 quadrupole       quad3               57    10         12    1
  11    1   42 drift            drift5              69    11          3    1
  12    1   42 drift            drift6              72    12          3    1
  13    1   42 drift            drift7              75    13          3    1
  14    1   44 sbend            dipole1             78    14         28    0
  15    1   42 drift            drift8             106    14          3    1
  16    1   42 drift            drift9             109    15          3    1
  17    1   42 drift            drift10            112    16          3    1
  18    1   42 drift            drift11            115    17          3    1
  19    1   46 quadrupole       quad4              118    18         12    1
  20    1   42 drift            drift12            130    19          3    1
  21    1   42 drift            drift13            133    20          3    1
  22    1   42 drift            drift14            136    21          3    1
  23    1   42 drift            drift15            139    22          3    1
  24    1   46 quadrupole       quad5              142    23         12    1
  25    1   42 drift            drift16            154    24          3    1
  26    1   42 drift            drift17            157    25          3    1
  27    1   42 drift            drift18            160    26          3    1
  28    1   42 drift            drift19            163    27          3    1
  29    1   46 quadrupole       quad6              166    28         12    1
  30    1   42 drift            drift20            178    29          3    1
  31    1   42 drift            drift21            181    30          3    1
  32    1   42 drift            drift22            184    31          3    1
  33    1   42 drift            drift23            187    32          3    1
  34    1   44 sbend            dipole2            190    33         28    0
  35    1   42 drift            drift24            218    33          3    1
  36    1   42 drift            drift25            221    34          3    1
  37    1   42 drift            drift26            224    35          3    1
  38    1   42 drift            drift27            227    36          3    1
  39    1   46 quadrupole       quad7              230    37         12    1
  40    1   42 drift            drift28            242    38          3    1
  41    1   42 drift            drift29            245    39          3    1
  42    1   42 drift            drift30            248    40          3    1
  43    1   42 drift            drift31            251    41          3    1
  44    1   46 quadrupole       quad8              254    42         12    1
  45    1   42 drift            drift32            266    43          3    1
  46    1   42 drift            drift33            269    44          3    1
  47    1   42 drift            drift34            272    45          3    1
  48    1   46 quadrupole       quad9              275    46         12    1
  49    1   42 drift            drift35            287    47          3    1
  50    1   42 drift            drift36            290    48          3    1
  51    1   42 drift            drift37            293    49          3    1
  52    1   46 quadrupole       quad10             296    50         12    1
  53    1   42 drift            drift38            308    51          3    1
  54    1   42 drift            drift39            311    52          3    1
  55    1   44 sbend            dipole3            314    53         28    0
  56    1   42 drift            drift40            342    53          3    1
  57    1   42 drift            drift41            345    54          3    1
  58    1   46 quadrupole       quad11             348    55         12    1
  59    1   42 drift            drift42            360    56          3    1
  60    1   42 drift            drift43            363    57          3    1
  61    1   42 drift            drift44            366    58          3    1
  62    1   42 drift            drift45            369    59          3    1
  63    1   46 quadrupole       quad12             372    60         12    1
  64    1   42 drift            drift46            384    61          3    1
  65    1   42 drift            drift47            387    62          3    1
  66    1   42 drift            drift48            390    63          3    1
  67    1   42 drift            drift49            393    64          3    1
  68    1   42 drift            drift50            396    65          3    1
  69    1   42 drift            drift51            399    66          3    1
  70    1   42 drift            drift52            402    67          3    1
  71    1   42 drift            drift53            405    68          3    1
  72    1   42 drift            drift54            408    69          3    1
  73    1   46 quadrupole       quad13             411    70         12    1
  74    1   42 drift            drift55            423    71          3    1
  75    1   42 drift            drift56            426    72          3    1
  76    1   42 drift            drift57            429    73          3    1
  77    1   42 drift            drift58            432    74          3    1
  78    1   42 drift            drift59            435    75          3    1
  79    1   42 drift            drift60            438    76          3    1
  80    1   42 drift            drift61            441    77          3    1
  81    1   42 drift            drift62            444    78          3    1
  82    1   42 drift            drift63            447    79          3    1
  83    1   46 quadrupole       quad14             450    80         12    1
  84    1   42 drift            drift64            462    81          3    1
  85    1   42 drift            drift65            465    82          3    1
  86    1   42 drift            drift66            468    83          3    1
  87    1   42 drift            drift67            471    84          3    1
  88    1   46 quadrupole       quad15             474    85         12    1
  89    1   42 drift            drift68            486    86          3    1
  90    1   42 drift            drift69            489    87          3    1
  91    1   44 sbend            dipole4            492    88         28    0
  92    1   42 drift            drift70            520    88          3    1
  93    1   42 drift            drift71            523    89          3    1
  94    1   46 quadrupole       quad16             526    90         12    1
  95    1   42 drift            drift72            538    91          3    1
  96    1   42 drift            drift73            541    92          3    1
  97    1   42 drift            drift74            544    93          3    1
  98    1   46 quadrupole       quad17             547    94         12    1
  99    1   42 drift            drift75            559    95          3    1
 100    1   42 drift            drift76            562    96          3    1
 101    1   42 drift            drift77            565    97          3    1
 102    1   42 drift            drift78            568    98          3    1
 103    1   46 quadrupole       quad18             571    99         12    1
 104    1   42 drift            drift79            583   100          3    1
 105    1   42 drift            drift80            586   101          3    1
 106    1   42 drift            drift81            589   102          3    1
 107    1   42 drift            drift82            592   103          3    1
 108    1   46 quadrupole       quad19             595   104         12    1
 109    1   42 drift            drift83            607   105          3    1
 110    1   42 drift            drift84            610   106          3    1
 111    1   42 drift            drift85            613   107          3    1
 112    1   42 drift            drift86            616   108          3    1
 113    1   44 sbend            dipole5            619   109         28    0
 114    1   42 drift            drift87            647   109          3    1
 115    1   42 drift            drift88            650   110          3    1
 116    1   42 drift            drift89            653   111          3    1
 117    1   42 drift            drift90            656   112          3    1
 118    1   46 quadrupole       quad20             659   113         12    1
 119    1   42 drift            drift91            671   114          3    1
 120    1   42 drift            drift92            674   115          3    1
 121    1   42 drift            drift93            677   116          3    1
 122    1   42 drift            drift94            680   117          3    1
 123    1   46 quadrupole       quad21             683   118         12    1
 124    1   42 drift            drift95            695   119          3    1
 125    1   42 drift            drift96            698   120          3    1
 126    1   42 drift            drift97            701   121          3    1
 127    1   42 drift            drift98            704   122          3    1
 128    1   46 quadrupole       quad22             707   123         12    1
 129    1   42 drift            drift99            719   124          3    1
 130    1   42 drift            drift100           722   125          3    1
 131    1   42 drift            drift101           725   126          3    1
 132    1   42 drift            drift102           728   127          3    1
 133    1   44 sbend            dipole6            731   128         28    0
 134    1   42 drift            drift103           759   128          3    1
 135    1   42 drift            drift104           762   129          3    1
 136    1   42 drift            drift105           765   130          3    1
 137    1   46 quadrupole       quad23             768   131         12    1
 138    1   42 drift            drift106           780   132          3    1
 139    1   46 quadrupole       quad24             783   133         12    1
 140    1   42 drift            drift107           795   134          3    1
 141    1   46 quadrupole       quad25             798   135         12    1
 142    1   42 drift            drift108           810   136          3    1
 143    1   42 drift            drift109           813   137          3    1
 144    1   42 drift            drift110           816   138          3    1
 145    1   42 drift            drift111           819   139          3    1
 146    1   42 drift            drift112           822   140          3    1
 147    1   46 quadrupole       quad26             825   141         12    1
 148    1   42 drift            drift113           837   142          3    1
 149    1   46 quadrupole       quad27             840   143         12    1
 150    1   42 drift            drift114           852   144          3    1
 151    1   46 quadrupole       quad28             855   145         12    1
 152    1   42 drift            drift115           867   146          3    1
 153    1   42 drift            drift116           870   147          3    1
 154    1   42 drift            drift117           873   148          3    1
 155    1   44 sbend            dipole7            876   149         28    0
 156    1   42 drift            drift118           904   149          3    1
 157    1   42 drift            drift119           907   150          3    1
 158    1   42 drift            drift120           910   151          3    1
 159    1   42 drift            drift121           913   152          3    1
 160    1   46 quadrupole       quad29             916   153         12    1
 161    1   42 drift            drift122           928   154          3    1
 162    1   46 quadrupole       quad30             931   155         12    1
 163    1   42 drift            drift123           943   156          3    1
 164    1   42 drift            drift124           946   157          3    1
 165    1   42 drift            drift125           949   158          3    1
 166    1   42 drift            drift126           952   159          3    1
 167    1   42 drift            drift127           955   160          3    1
 168    1   42 drift            drift128           958   161          3    1
 169    1   42 drift            drift129           961   162          3    1
 170    1   42 drift            drift130           964   163          3    1
 171    1   42 drift            drift131           967   164          3    1
 172    1   46 quadrupole       quad31             970   165         12    1
 173    1   42 drift            drift132           982   166          3    1
 174    1   46 quadrupole       quad32             985   167         12    1
 175    1   42 drift            drift133           997   168          3    1
 176    1   42 drift            drift134          1000   169          3    1
 177    1   42 drift            drift135          1003   170          3    1
 178    1   46 quadrupole       quad33            1006   171         12    1
 179    1   42 drift            drift136          1018   172          3    1
 180    1   46 quadrupole       quad34            1021   173         12    1
 181    1   42 drift            drift137          1033   174          3    1
 182    1   42 drift            drift138          1036   175          3    1
 183    1   42 drift            drift139          1039   176          3    1
 184    1   42 drift            drift140          1042   177          3    1
 185    1   42 drift            drift141          1045   178          3    1
 186    1   42 drift            drift142          1048   179          3    1
 187    1   42 drift            drift143          1051   180          3    1
 188    1   42 drift            drift144          1054   181          3    1
 189    1   42 drift            drift145          1057   182          3    1
 190    1   46 quadrupole       quad35            1060   183         12    1
 191    1   42 drift            drift146          1072   184          3    1
 192    1   46 quadrupole       quad36            1075   185         12    1
 193    1   42 drift            drift147          1087   186          3    1
 194    1   42 drift            drift148          1090   187          3    1
 195    1   42 drift            drift149          1093   188          3    1
 196    1   42 drift            drift150          1096   189          3    1
 197    1   44 sbend            dipole8           1099   190         28    0
 198    1   42 drift            drift151          1127   190          3    1
 199    1   42 drift            drift152          1130   191          3    1
 200    1   42 drift            drift153          1133   192          3    1
 201    1   46 quadrupole       quad37            1136   193         12    1
 202    1   42 drift            drift154          1148   194          3    1
 203    1   46 quadrupole       quad38            1151   195         12    1
 204    1   42 drift            drift155          1163   196          3    1
 205    1   46 quadrupole       quad39            1166   197         12    1
 206    1   42 drift            drift156          1178   198          3    1
 207    1   42 drift            drift157          1181   199          3    1
 208    7   11 ptm              ptm               1184   200          5    0
 209    7   10 end              fin               1189   200          0    1
