  0.0000000E+00  0.6510000E+00  0.0000000E+00
  0.0000000E+00  0.6510000E+00 -0.2874740E-04
  0.0000000E+00  0.6510000E+00 -0.5749480E-04
  0.0000000E+00  0.6510000E+00 -0.8624219E-04
  0.0000000E+00  0.6510000E+00 -0.1149896E-03
  0.0000000E+00  0.6510000E+00 -0.1437370E-03
  0.0000000E+00  0.6510000E+00 -0.1724844E-03
  0.0000000E+00  0.6510000E+00 -0.2012318E-03
  0.0000000E+00  0.6510000E+00 -0.2299792E-03
  0.0000000E+00  0.6510000E+00 -0.2587266E-03
  0.0000000E+00  0.6510000E+00 -0.2874740E-03
  0.0000000E+00  0.6510000E+00 -0.3162214E-03
  0.0000000E+00  0.6510000E+00 -0.3449688E-03
  0.0000000E+00  0.6510000E+00 -0.3737161E-03
  0.0000000E+00  0.6510000E+00 -0.4024635E-03
  0.0000000E+00  0.6510000E+00 -0.4312109E-03
  0.0000000E+00  0.6510000E+00 -0.4599583E-03
  0.0000000E+00  0.6510001E+00 -0.4887057E-03
  0.0000000E+00  0.6510001E+00 -0.5174531E-03
  0.0000000E+00  0.6510001E+00 -0.5462005E-03
  0.0000000E+00  0.6510001E+00 -0.5749479E-03
  0.0000000E+00  0.6510001E+00 -0.6036953E-03
  0.0000000E+00  0.6510001E+00 -0.6324426E-03
  0.0000000E+00  0.6510001E+00 -0.6611900E-03
  0.0000000E+00  0.6510001E+00 -0.6899374E-03
  0.0000000E+00  0.6510001E+00 -0.7186848E-03
  0.0000000E+00  0.6510001E+00 -0.7474322E-03
  0.0000000E+00  0.6510001E+00 -0.7761795E-03
  0.0000000E+00  0.6510001E+00 -0.8049269E-03
  0.0000000E+00  0.6510002E+00 -0.8336743E-03
  0.0000000E+00  0.6510002E+00 -0.8624217E-03
  0.0000000E+00  0.6510002E+00 -0.8911690E-03
  0.0000000E+00  0.6510002E+00 -0.9199164E-03
  0.0000000E+00  0.6510002E+00 -0.9486638E-03
  0.0000000E+00  0.6510002E+00 -0.9774111E-03
  0.0000000E+00  0.6510002E+00 -0.1006158E-02
  0.0000000E+00  0.6510002E+00 -0.1034906E-02
  0.0000000E+00  0.6510003E+00 -0.1063653E-02
  0.0000000E+00  0.6510003E+00 -0.1092401E-02
  0.0000000E+00  0.6510003E+00 -0.1121148E-02
  0.0000000E+00  0.6510003E+00 -0.1149895E-02
  0.0000000E+00  0.6510003E+00 -0.1178643E-02
  0.0000000E+00  0.6510003E+00 -0.1207390E-02
  0.0000000E+00  0.6510003E+00 -0.1236137E-02
  0.0000000E+00  0.6510004E+00 -0.1264885E-02
  0.0000000E+00  0.6510004E+00 -0.1293632E-02
  0.0000000E+00  0.6510004E+00 -0.1322379E-02
  0.0000000E+00  0.6510004E+00 -0.1351127E-02
  0.0000000E+00  0.6510004E+00 -0.1379874E-02
  0.0000000E+00  0.6510004E+00 -0.1408621E-02
  0.0000000E+00  0.6510005E+00 -0.1437369E-02
  0.0000000E+00  0.6510005E+00 -0.1466116E-02
  0.0000000E+00  0.6510005E+00 -0.1494863E-02
  0.0000000E+00  0.6510005E+00 -0.1523611E-02
  0.0000000E+00  0.6510005E+00 -0.1552358E-02
  0.0000000E+00  0.6510006E+00 -0.1581105E-02
  0.0000000E+00  0.6510006E+00 -0.1609852E-02
  0.0000000E+00  0.6510006E+00 -0.1638600E-02
  0.0000000E+00  0.6510006E+00 -0.1667347E-02
  0.0000000E+00  0.6510006E+00 -0.1696094E-02
  0.0000000E+00  0.6510007E+00 -0.1724842E-02
  0.0000000E+00  0.6510007E+00 -0.1753589E-02
  0.0000000E+00  0.6510007E+00 -0.1782336E-02
  0.0000000E+00  0.6510007E+00 -0.1811084E-02
  0.0000000E+00  0.6510008E+00 -0.1839831E-02
  0.0000000E+00  0.6510008E+00 -0.1868578E-02
  0.0000000E+00  0.6510008E+00 -0.1897325E-02
  0.0000000E+00  0.6510008E+00 -0.1926073E-02
  0.0000000E+00  0.6510009E+00 -0.1954820E-02
  0.0000000E+00  0.6510009E+00 -0.1983567E-02
  0.0000000E+00  0.6510009E+00 -0.2012314E-02
  0.0000000E+00  0.6510009E+00 -0.2041062E-02
  0.0000000E+00  0.6510010E+00 -0.2069809E-02
  0.0000000E+00  0.6510010E+00 -0.2098556E-02
  0.0000000E+00  0.6510010E+00 -0.2127303E-02
  0.0000000E+00  0.6510010E+00 -0.2156051E-02
  0.0000000E+00  0.6510011E+00 -0.2184798E-02
  0.0000000E+00  0.6510011E+00 -0.2213545E-02
  0.0000000E+00  0.6510011E+00 -0.2242292E-02
  0.0000000E+00  0.6510012E+00 -0.2271039E-02
  0.0000000E+00  0.6510012E+00 -0.2299787E-02
  0.0000000E+00  0.6510012E+00 -0.2328534E-02
  0.0000000E+00  0.6510013E+00 -0.2357281E-02
  0.0000000E+00  0.6510013E+00 -0.2386028E-02
  0.0000000E+00  0.6510013E+00 -0.2414775E-02
  0.0000000E+00  0.6510013E+00 -0.2443523E-02
  0.0000000E+00  0.6510014E+00 -0.2472270E-02
  0.0000000E+00  0.6510014E+00 -0.2501017E-02
  0.0000000E+00  0.6510014E+00 -0.2529764E-02
  0.0000000E+00  0.6510015E+00 -0.2558511E-02
  0.0000000E+00  0.6510015E+00 -0.2587258E-02
  0.0000000E+00  0.6510015E+00 -0.2616006E-02
  0.0000000E+00  0.6510016E+00 -0.2644753E-02
  0.0000000E+00  0.6510016E+00 -0.2673500E-02
  0.0000000E+00  0.6510016E+00 -0.2702247E-02
  0.0000000E+00  0.6510017E+00 -0.2730994E-02
  0.0000000E+00  0.6510017E+00 -0.2759741E-02
  0.0000000E+00  0.6510017E+00 -0.2788488E-02
  0.0000000E+00  0.6510018E+00 -0.2817235E-02
  0.0000000E+00  0.6510018E+00 -0.2845983E-02
  0.0000000E+00  0.6510019E+00 -0.2874730E-02
  0.0000000E+00  0.6510019E+00 -0.2903477E-02
  0.0000000E+00  0.6510019E+00 -0.2932224E-02
  0.0000000E+00  0.6510020E+00 -0.2960971E-02
  0.0000000E+00  0.6510020E+00 -0.2989718E-02
  0.0000000E+00  0.6510021E+00 -0.3018465E-02
  0.0000000E+00  0.6510021E+00 -0.3047212E-02
  0.0000000E+00  0.6510021E+00 -0.3075959E-02
  0.0000000E+00  0.6510022E+00 -0.3104706E-02
  0.0000000E+00  0.6510022E+00 -0.3133453E-02
  0.0000000E+00  0.6510023E+00 -0.3162200E-02
  0.0000000E+00  0.6510023E+00 -0.3190947E-02
  0.0000000E+00  0.6510023E+00 -0.3219694E-02
  0.0000000E+00  0.6510024E+00 -0.3248441E-02
  0.0000000E+00  0.6510024E+00 -0.3277188E-02
  0.0000000E+00  0.6510025E+00 -0.3305935E-02
  0.0000000E+00  0.6510025E+00 -0.3334682E-02
  0.0000000E+00  0.6510025E+00 -0.3363429E-02
  0.0000000E+00  0.6510026E+00 -0.3392176E-02
  0.0000000E+00  0.6510026E+00 -0.3420923E-02
  0.0000000E+00  0.6510027E+00 -0.3449670E-02
  0.0000000E+00  0.6510027E+00 -0.3478417E-02
  0.0000000E+00  0.6510028E+00 -0.3507164E-02
  0.0000000E+00  0.6510028E+00 -0.3535911E-02
  0.0000000E+00  0.6510029E+00 -0.3564658E-02
  0.0000000E+00  0.6510029E+00 -0.3593405E-02
  0.0000000E+00  0.6510030E+00 -0.3622152E-02
  0.0000000E+00  0.6510030E+00 -0.3650899E-02
  0.0000000E+00  0.6510030E+00 -0.3679646E-02
  0.0000000E+00  0.6510031E+00 -0.3708393E-02
  0.0000000E+00  0.6510031E+00 -0.3737140E-02
  0.0000000E+00  0.6510032E+00 -0.3765886E-02
  0.0000000E+00  0.6510032E+00 -0.3794633E-02
  0.0000000E+00  0.6510033E+00 -0.3823380E-02
  0.0000000E+00  0.6510033E+00 -0.3852127E-02
  0.0000000E+00  0.6510034E+00 -0.3880874E-02
  0.0000000E+00  0.6510034E+00 -0.3909621E-02
  0.0000000E+00  0.6510035E+00 -0.3938368E-02
  0.0000000E+00  0.6510035E+00 -0.3967114E-02
  0.0000000E+00  0.6510036E+00 -0.3995861E-02
  0.0000000E+00  0.6510036E+00 -0.4024608E-02
  0.0000000E+00  0.6510037E+00 -0.4053355E-02
  0.0000000E+00  0.6510038E+00 -0.4082102E-02
  0.0000000E+00  0.6510038E+00 -0.4110848E-02
  0.0000000E+00  0.6510039E+00 -0.4139595E-02
  0.0000000E+00  0.6510039E+00 -0.4168342E-02
  0.0000000E+00  0.6510040E+00 -0.4197089E-02
  0.0000000E+00  0.6510040E+00 -0.4225835E-02
  0.0000000E+00  0.6510041E+00 -0.4254582E-02
  0.0000000E+00  0.6510041E+00 -0.4283329E-02
  0.0000000E+00  0.6510042E+00 -0.4312076E-02
  0.0000000E+00  0.6510042E+00 -0.4340822E-02
  0.0000000E+00  0.6510043E+00 -0.4369569E-02
  0.0000000E+00  0.6510044E+00 -0.4398316E-02
  0.0000000E+00  0.6510044E+00 -0.4427062E-02
  0.0000000E+00  0.6510045E+00 -0.4455809E-02
  0.0000000E+00  0.6510045E+00 -0.4484556E-02
  0.0000000E+00  0.6510046E+00 -0.4513302E-02
  0.0000000E+00  0.6510046E+00 -0.4542049E-02
  0.0000000E+00  0.6510047E+00 -0.4570796E-02
  0.0000000E+00  0.6510048E+00 -0.4599542E-02
  0.0000000E+00  0.6510048E+00 -0.4628289E-02
  0.0000000E+00  0.6510049E+00 -0.4657036E-02
  0.0000000E+00  0.6510049E+00 -0.4685782E-02
  0.0000000E+00  0.6510050E+00 -0.4714529E-02
  0.0000000E+00  0.6510051E+00 -0.4743275E-02
  0.0000000E+00  0.6510051E+00 -0.4772022E-02
  0.0000000E+00  0.6510052E+00 -0.4800769E-02
  0.0000000E+00  0.6510052E+00 -0.4829515E-02
  0.0000000E+00  0.6510053E+00 -0.4858262E-02
  0.0000000E+00  0.6510054E+00 -0.4887008E-02
  0.0000000E+00  0.6510054E+00 -0.4915755E-02
  0.0000000E+00  0.6510055E+00 -0.4944501E-02
  0.0000000E+00  0.6510056E+00 -0.4973248E-02
  0.0000000E+00  0.6510056E+00 -0.5001994E-02
  0.0000000E+00  0.6510057E+00 -0.5030741E-02
  0.0000000E+00  0.6510058E+00 -0.5059487E-02
  0.0000000E+00  0.6510058E+00 -0.5088234E-02
  0.0000000E+00  0.6510059E+00 -0.5116980E-02
  0.0000000E+00  0.6510060E+00 -0.5145726E-02
  0.0000000E+00  0.6510060E+00 -0.5174473E-02
  0.0000000E+00  0.6510061E+00 -0.5203219E-02
  0.0000000E+00  0.6510062E+00 -0.5231966E-02
  0.0000000E+00  0.6510062E+00 -0.5260712E-02
  0.0000000E+00  0.6510063E+00 -0.5289459E-02
  0.0000000E+00  0.6510064E+00 -0.5318205E-02
  0.0000000E+00  0.6510064E+00 -0.5346951E-02
  0.0000000E+00  0.6510065E+00 -0.5375698E-02
  0.0000000E+00  0.6510066E+00 -0.5404444E-02
  0.0000000E+00  0.6510066E+00 -0.5433190E-02
  0.0000000E+00  0.6510067E+00 -0.5461937E-02
  0.0000000E+00  0.6510068E+00 -0.5490683E-02
  0.0000000E+00  0.6510069E+00 -0.5519429E-02
  0.0000000E+00  0.6510069E+00 -0.5548175E-02
  0.0000000E+00  0.6510070E+00 -0.5576922E-02
  0.0000000E+00  0.6510071E+00 -0.5605668E-02
  0.0000000E+00  0.6510071E+00 -0.5634414E-02
  0.0000000E+00  0.6510072E+00 -0.5663160E-02
  0.0000000E+00  0.6510073E+00 -0.5691907E-02
  0.0000000E+00  0.6510074E+00 -0.5720653E-02
  0.0000000E+00  0.6510074E+00 -0.5749399E-02
  0.0000000E+00  0.6510075E+00 -0.5778145E-02
  0.0000000E+00  0.6510076E+00 -0.5806891E-02
  0.0000000E+00  0.6510077E+00 -0.5835638E-02
  0.0000000E+00  0.6510077E+00 -0.5864384E-02
  0.0000000E+00  0.6510078E+00 -0.5893130E-02
  0.0000000E+00  0.6510079E+00 -0.5921876E-02
  0.0000000E+00  0.6510080E+00 -0.5950622E-02
  0.0000000E+00  0.6510080E+00 -0.5979368E-02
  0.0000000E+00  0.6510081E+00 -0.6008114E-02
  0.0000000E+00  0.6510082E+00 -0.6036860E-02
  0.0000000E+00  0.6510083E+00 -0.6065606E-02
  0.0000000E+00  0.6510084E+00 -0.6094352E-02
  0.0000000E+00  0.6510084E+00 -0.6123098E-02
  0.0000000E+00  0.6510085E+00 -0.6151845E-02
  0.0000000E+00  0.6510086E+00 -0.6180591E-02
  0.0000000E+00  0.6510087E+00 -0.6209337E-02
  0.0000000E+00  0.6510088E+00 -0.6238083E-02
  0.0000000E+00  0.6510088E+00 -0.6266828E-02
  0.0000000E+00  0.6510089E+00 -0.6295574E-02
  0.0000000E+00  0.6510090E+00 -0.6324320E-02
  0.0000000E+00  0.6510091E+00 -0.6353066E-02
  0.0000000E+00  0.6510092E+00 -0.6381812E-02
  0.0000000E+00  0.6510092E+00 -0.6410558E-02
  0.0000000E+00  0.6510093E+00 -0.6439304E-02
  0.0000000E+00  0.6510094E+00 -0.6468050E-02
  0.0000000E+00  0.6510095E+00 -0.6496796E-02
  0.0000000E+00  0.6510096E+00 -0.6525542E-02
  0.0000000E+00  0.6510097E+00 -0.6554287E-02
  0.0000000E+00  0.6510098E+00 -0.6583033E-02
  0.0000000E+00  0.6510098E+00 -0.6611779E-02
  0.0000000E+00  0.6510099E+00 -0.6640525E-02
  0.0000000E+00  0.6510100E+00 -0.6669271E-02
  0.0000000E+00  0.6510101E+00 -0.6698016E-02
  0.0000000E+00  0.6510102E+00 -0.6726762E-02
  0.0000000E+00  0.6510103E+00 -0.6755508E-02
  0.0000000E+00  0.6510104E+00 -0.6784254E-02
  0.0000000E+00  0.6510104E+00 -0.6812999E-02
  0.0000000E+00  0.6510105E+00 -0.6841745E-02
  0.0000000E+00  0.6510106E+00 -0.6870491E-02
  0.0000000E+00  0.6510107E+00 -0.6899236E-02
  0.0000000E+00  0.6510108E+00 -0.6927982E-02
  0.0000000E+00  0.6510109E+00 -0.6956728E-02
  0.0000000E+00  0.6510110E+00 -0.6985473E-02
  0.0000000E+00  0.6510111E+00 -0.7014219E-02
  0.0000000E+00  0.6510112E+00 -0.7042964E-02
  0.0000000E+00  0.6510113E+00 -0.7071710E-02
  0.0000000E+00  0.6510113E+00 -0.7100456E-02
  0.0000000E+00  0.6510114E+00 -0.7129201E-02
  0.0000000E+00  0.6510115E+00 -0.7157947E-02
  0.0000000E+00  0.6510116E+00 -0.7186692E-02
  0.0000000E+00  0.6510117E+00 -0.7215438E-02
  0.0000000E+00  0.6510118E+00 -0.7244183E-02
  0.0000000E+00  0.6510119E+00 -0.7272929E-02
  0.0000000E+00  0.6510120E+00 -0.7301674E-02
  0.0000000E+00  0.6510121E+00 -0.7330420E-02
  0.0000000E+00  0.6510122E+00 -0.7359165E-02
  0.0000000E+00  0.6510123E+00 -0.7387910E-02
  0.0000000E+00  0.6510124E+00 -0.7416656E-02
  0.0000000E+00  0.6510125E+00 -0.7445401E-02
  0.0000000E+00  0.6510126E+00 -0.7474147E-02
  0.0000000E+00  0.6510127E+00 -0.7502892E-02
  0.0000000E+00  0.6510128E+00 -0.7531637E-02
  0.0000000E+00  0.6510129E+00 -0.7560383E-02
  0.0000000E+00  0.6510130E+00 -0.7589128E-02
  0.0000000E+00  0.6510131E+00 -0.7617873E-02
  0.0000000E+00  0.6510132E+00 -0.7646618E-02
  0.0000000E+00  0.6510133E+00 -0.7675364E-02
  0.0000000E+00  0.6510134E+00 -0.7704109E-02
  0.0000000E+00  0.6510135E+00 -0.7732854E-02
  0.0000000E+00  0.6510136E+00 -0.7761599E-02
  0.0000000E+00  0.6510137E+00 -0.7790345E-02
  0.0000000E+00  0.6510138E+00 -0.7819090E-02
  0.0000000E+00  0.6510139E+00 -0.7847835E-02
  0.0000000E+00  0.6510140E+00 -0.7876580E-02
  0.0000000E+00  0.6510141E+00 -0.7905325E-02
  0.0000000E+00  0.6510142E+00 -0.7934070E-02
  0.0000000E+00  0.6510143E+00 -0.7962815E-02
  0.0000000E+00  0.6510144E+00 -0.7991560E-02
  0.0000000E+00  0.6510145E+00 -0.8020305E-02
  0.0000000E+00  0.6510146E+00 -0.8049051E-02
  0.0000000E+00  0.6510147E+00 -0.8077796E-02
  0.0000000E+00  0.6510148E+00 -0.8106541E-02
  0.0000000E+00  0.6510149E+00 -0.8135286E-02
  0.0000000E+00  0.6510150E+00 -0.8164031E-02
  0.0000000E+00  0.6510151E+00 -0.8192775E-02
  0.0000000E+00  0.6510152E+00 -0.8221520E-02
  0.0000000E+00  0.6510153E+00 -0.8250265E-02
  0.0000000E+00  0.6510154E+00 -0.8279010E-02
  0.0000000E+00  0.6510155E+00 -0.8307755E-02
  0.0000000E+00  0.6510156E+00 -0.8336500E-02
  0.0000000E+00  0.6510157E+00 -0.8365245E-02
  0.0000000E+00  0.6510159E+00 -0.8393990E-02
  0.0000000E+00  0.6510160E+00 -0.8422734E-02
  0.0000000E+00  0.6510161E+00 -0.8451479E-02
  0.0000000E+00  0.6510162E+00 -0.8480224E-02
  0.0000000E+00  0.6510163E+00 -0.8508969E-02
  0.0000000E+00  0.6510164E+00 -0.8537714E-02
  0.0000000E+00  0.6510165E+00 -0.8566458E-02
  0.0000000E+00  0.6510166E+00 -0.8595203E-02
  0.0000000E+00  0.6510167E+00 -0.8623948E-02
  0.0000000E+00  0.6510169E+00 -0.8652692E-02
  0.0000000E+00  0.6510170E+00 -0.8681437E-02
  0.0000000E+00  0.6510171E+00 -0.8710182E-02
  0.0000000E+00  0.6510172E+00 -0.8738926E-02
  0.0000000E+00  0.6510173E+00 -0.8767671E-02
  0.0000000E+00  0.6510174E+00 -0.8796415E-02
  0.0000000E+00  0.6510175E+00 -0.8825160E-02
  0.0000000E+00  0.6510176E+00 -0.8853905E-02
  0.0000000E+00  0.6510178E+00 -0.8882649E-02
  0.0000000E+00  0.6510179E+00 -0.8911394E-02
  0.0000000E+00  0.6510180E+00 -0.8940138E-02
  0.0000000E+00  0.6510181E+00 -0.8968883E-02
  0.0000000E+00  0.6510182E+00 -0.8997627E-02
  0.0000000E+00  0.6510183E+00 -0.9026371E-02
  0.0000000E+00  0.6510185E+00 -0.9055116E-02
  0.0000000E+00  0.6510186E+00 -0.9083860E-02
  0.0000000E+00  0.6510187E+00 -0.9112605E-02
  0.0000000E+00  0.6510188E+00 -0.9141349E-02
  0.0000000E+00  0.6510189E+00 -0.9170093E-02
  0.0000000E+00  0.6510190E+00 -0.9198838E-02
  0.0000000E+00  0.6510192E+00 -0.9227582E-02
  0.0000000E+00  0.6510193E+00 -0.9256326E-02
  0.0000000E+00  0.6510194E+00 -0.9285070E-02
  0.0000000E+00  0.6510195E+00 -0.9313815E-02
  0.0000000E+00  0.6510196E+00 -0.9342559E-02
  0.0000000E+00  0.6510198E+00 -0.9371303E-02
  0.0000000E+00  0.6510199E+00 -0.9400047E-02
  0.0000000E+00  0.6510200E+00 -0.9428791E-02
  0.0000000E+00  0.6510201E+00 -0.9457536E-02
  0.0000000E+00  0.6510203E+00 -0.9486280E-02
  0.0000000E+00  0.6510204E+00 -0.9515024E-02
  0.0000000E+00  0.6510205E+00 -0.9543768E-02
  0.0000000E+00  0.6510206E+00 -0.9572512E-02
  0.0000000E+00  0.6510207E+00 -0.9601256E-02
  0.0000000E+00  0.6510209E+00 -0.9630000E-02
  0.0000000E+00  0.6510210E+00 -0.9658744E-02
  0.0000000E+00  0.6510211E+00 -0.9687488E-02
  0.0000000E+00  0.6510212E+00 -0.9716232E-02
  0.0000000E+00  0.6510214E+00 -0.9744976E-02
  0.0000000E+00  0.6510215E+00 -0.9773720E-02
  0.0000000E+00  0.6510216E+00 -0.9802464E-02
  0.0000000E+00  0.6510218E+00 -0.9831208E-02
  0.0000000E+00  0.6510219E+00 -0.9859952E-02
  0.0000000E+00  0.6510220E+00 -0.9888695E-02
  0.0000000E+00  0.6510221E+00 -0.9917439E-02
  0.0000000E+00  0.6510223E+00 -0.9946183E-02
  0.0000000E+00  0.6510224E+00 -0.9974927E-02
  0.0000000E+00  0.6510225E+00 -0.1000367E-01
  0.0000000E+00  0.6510227E+00 -0.1003241E-01
  0.0000000E+00  0.6510228E+00 -0.1006116E-01
  0.0000000E+00  0.6510229E+00 -0.1008990E-01
  0.0000000E+00  0.6510230E+00 -0.1011865E-01
  0.0000000E+00  0.6510232E+00 -0.1014739E-01
  0.0000000E+00  0.6510233E+00 -0.1017613E-01
  0.0000000E+00  0.6510234E+00 -0.1020488E-01
  0.0000000E+00  0.6510236E+00 -0.1023362E-01
  0.0000000E+00  0.6510237E+00 -0.1026236E-01
  0.0000000E+00  0.6510238E+00 -0.1029111E-01
  0.0000000E+00  0.6510240E+00 -0.1031985E-01
  0.0000000E+00  0.6510241E+00 -0.1034859E-01
  0.0000000E+00  0.6510242E+00 -0.1037734E-01
  0.0000000E+00  0.6510244E+00 -0.1040608E-01
  0.0000000E+00  0.6510245E+00 -0.1043482E-01
  0.0000000E+00  0.6510246E+00 -0.1046357E-01
  0.0000000E+00  0.6510248E+00 -0.1049231E-01
  0.0000000E+00  0.6510249E+00 -0.1052105E-01
  0.0000000E+00  0.6510251E+00 -0.1054980E-01
  0.0000000E+00  0.6510252E+00 -0.1057854E-01
  0.0000000E+00  0.6510253E+00 -0.1060728E-01
  0.0000000E+00  0.6510255E+00 -0.1063603E-01
  0.0000000E+00  0.6510256E+00 -0.1066477E-01
  0.0000000E+00  0.6510257E+00 -0.1069351E-01
  0.0000000E+00  0.6510259E+00 -0.1072226E-01
  0.0000000E+00  0.6510260E+00 -0.1075100E-01
  0.0000000E+00  0.6510262E+00 -0.1077974E-01
  0.0000000E+00  0.6510263E+00 -0.1080849E-01
  0.0000000E+00  0.6510264E+00 -0.1083723E-01
  0.0000000E+00  0.6510266E+00 -0.1086597E-01
  0.0000000E+00  0.6510267E+00 -0.1089472E-01
  0.0000000E+00  0.6510269E+00 -0.1092346E-01
  0.0000000E+00  0.6510270E+00 -0.1095220E-01
  0.0000000E+00  0.6510271E+00 -0.1098095E-01
  0.0000000E+00  0.6510273E+00 -0.1100969E-01
  0.0000000E+00  0.6510274E+00 -0.1103843E-01
  0.0000000E+00  0.6510276E+00 -0.1106717E-01
  0.0000000E+00  0.6510277E+00 -0.1109592E-01
  0.0000000E+00  0.6510279E+00 -0.1112466E-01
  0.0000000E+00  0.6510280E+00 -0.1115340E-01
  0.0000000E+00  0.6510281E+00 -0.1118215E-01
  0.0000000E+00  0.6510283E+00 -0.1121089E-01
  0.0000000E+00  0.6510284E+00 -0.1123963E-01
  0.0000000E+00  0.6510286E+00 -0.1126837E-01
  0.0000000E+00  0.6510287E+00 -0.1129712E-01
  0.0000000E+00  0.6510289E+00 -0.1132586E-01
  0.0000000E+00  0.6510290E+00 -0.1135460E-01
  0.0000000E+00  0.6510292E+00 -0.1138334E-01
  0.0000000E+00  0.6510293E+00 -0.1141209E-01
  0.0000000E+00  0.6510295E+00 -0.1144083E-01
  0.0000000E+00  0.6510296E+00 -0.1146957E-01
  0.0000000E+00  0.6510298E+00 -0.1149832E-01
  0.0000000E+00  0.6510299E+00 -0.1152706E-01
  0.0000000E+00  0.6510301E+00 -0.1155580E-01
  0.0000000E+00  0.6510302E+00 -0.1158454E-01
  0.0000000E+00  0.6510304E+00 -0.1161329E-01
  0.0000000E+00  0.6510305E+00 -0.1164203E-01
  0.0000000E+00  0.6510307E+00 -0.1167077E-01
  0.0000000E+00  0.6510308E+00 -0.1169951E-01
  0.0000000E+00  0.6510310E+00 -0.1172826E-01
  0.0000000E+00  0.6510311E+00 -0.1175700E-01
  0.0000000E+00  0.6510313E+00 -0.1178574E-01
  0.0000000E+00  0.6510314E+00 -0.1181448E-01
  0.0000000E+00  0.6510316E+00 -0.1184322E-01
  0.0000000E+00  0.6510317E+00 -0.1187197E-01
  0.0000000E+00  0.6510319E+00 -0.1190071E-01
  0.0000000E+00  0.6510320E+00 -0.1192945E-01
  0.0000000E+00  0.6510322E+00 -0.1195819E-01
  0.0000000E+00  0.6510323E+00 -0.1198694E-01
  0.0000000E+00  0.6510325E+00 -0.1201568E-01
  0.0000000E+00  0.6510327E+00 -0.1204442E-01
  0.0000000E+00  0.6510328E+00 -0.1207316E-01
  0.0000000E+00  0.6510330E+00 -0.1210190E-01
  0.0000000E+00  0.6510331E+00 -0.1213065E-01
  0.0000000E+00  0.6510333E+00 -0.1215939E-01
  0.0000000E+00  0.6510334E+00 -0.1218813E-01
  0.0000000E+00  0.6510336E+00 -0.1221687E-01
  0.0000000E+00  0.6510338E+00 -0.1224561E-01
  0.0000000E+00  0.6510339E+00 -0.1227436E-01
  0.0000000E+00  0.6510341E+00 -0.1230310E-01
  0.0000000E+00  0.6510342E+00 -0.1233184E-01
  0.0000000E+00  0.6510344E+00 -0.1236058E-01
  0.0000000E+00  0.6510345E+00 -0.1238932E-01
  0.0000000E+00  0.6510347E+00 -0.1241806E-01
  0.0000000E+00  0.6510349E+00 -0.1244681E-01
  0.0000000E+00  0.6510350E+00 -0.1247555E-01
  0.0000000E+00  0.6510352E+00 -0.1250429E-01
  0.0000000E+00  0.6510354E+00 -0.1253303E-01
  0.0000000E+00  0.6510355E+00 -0.1256177E-01
  0.0000000E+00  0.6510357E+00 -0.1259052E-01
  0.0000000E+00  0.6510358E+00 -0.1261926E-01
  0.0000000E+00  0.6510360E+00 -0.1264800E-01
  0.0000000E+00  0.6510362E+00 -0.1267674E-01
  0.0000000E+00  0.6510363E+00 -0.1270548E-01
  0.0000000E+00  0.6510365E+00 -0.1273422E-01
  0.0000000E+00  0.6510367E+00 -0.1276296E-01
  0.0000000E+00  0.6510368E+00 -0.1279171E-01
  0.0000000E+00  0.6510370E+00 -0.1282045E-01
  0.0000000E+00  0.6510372E+00 -0.1284919E-01
  0.0000000E+00  0.6510373E+00 -0.1287793E-01
  0.0000000E+00  0.6510375E+00 -0.1290667E-01
  0.0000000E+00  0.6510377E+00 -0.1293541E-01
  0.0000000E+00  0.6510378E+00 -0.1296415E-01
  0.0000000E+00  0.6510380E+00 -0.1299289E-01
  0.0000000E+00  0.6510382E+00 -0.1302164E-01
  0.0000000E+00  0.6510383E+00 -0.1305038E-01
  0.0000000E+00  0.6510385E+00 -0.1307912E-01
  0.0000000E+00  0.6510387E+00 -0.1310786E-01
  0.0000000E+00  0.6510388E+00 -0.1313660E-01
  0.0000000E+00  0.6510390E+00 -0.1316534E-01
  0.0000000E+00  0.6510392E+00 -0.1319408E-01
  0.0000000E+00  0.6510394E+00 -0.1322282E-01
  0.0000000E+00  0.6510395E+00 -0.1325156E-01
  0.0000000E+00  0.6510397E+00 -0.1328031E-01
  0.0000000E+00  0.6510399E+00 -0.1330905E-01
  0.0000000E+00  0.6510400E+00 -0.1333779E-01
  0.0000000E+00  0.6510402E+00 -0.1336653E-01
  0.0000000E+00  0.6510404E+00 -0.1339527E-01
  0.0000000E+00  0.6510406E+00 -0.1342401E-01
  0.0000000E+00  0.6510407E+00 -0.1345275E-01
  0.0000000E+00  0.6510409E+00 -0.1348149E-01
  0.0000000E+00  0.6510411E+00 -0.1351023E-01
  0.0000000E+00  0.6510413E+00 -0.1353897E-01
  0.0000000E+00  0.6510414E+00 -0.1356771E-01
  0.0000000E+00  0.6510416E+00 -0.1359645E-01
  0.0000000E+00  0.6510418E+00 -0.1362520E-01
  0.0000000E+00  0.6510420E+00 -0.1365394E-01
  0.0000000E+00  0.6510421E+00 -0.1368268E-01
  0.0000000E+00  0.6510423E+00 -0.1371142E-01
  0.0000000E+00  0.6510425E+00 -0.1374016E-01
  0.0000000E+00  0.6510427E+00 -0.1376890E-01
  0.0000000E+00  0.6510429E+00 -0.1379764E-01
  0.0000000E+00  0.6510430E+00 -0.1382638E-01
  0.0000000E+00  0.6510432E+00 -0.1385512E-01
  0.0000000E+00  0.6510434E+00 -0.1388386E-01
  0.0000000E+00  0.6510436E+00 -0.1391260E-01
  0.0000000E+00  0.6510437E+00 -0.1394134E-01
  0.0000000E+00  0.6510439E+00 -0.1397008E-01
  0.0000000E+00  0.6510441E+00 -0.1399882E-01
  0.0000000E+00  0.6510443E+00 -0.1402756E-01
  0.0000000E+00  0.6510445E+00 -0.1405630E-01
  0.0000000E+00  0.6510447E+00 -0.1408504E-01
  0.0000000E+00  0.6510448E+00 -0.1411378E-01
  0.0000000E+00  0.6510450E+00 -0.1414252E-01
  0.0000000E+00  0.6510452E+00 -0.1417126E-01
  0.0000000E+00  0.6510454E+00 -0.1420000E-01
  0.0000000E+00  0.6510456E+00 -0.1422874E-01
  0.0000000E+00  0.6510458E+00 -0.1425748E-01
  0.0000000E+00  0.6510459E+00 -0.1428622E-01
  0.0000000E+00  0.6510461E+00 -0.1431496E-01
  0.0000000E+00  0.6510463E+00 -0.1434370E-01
  0.0000000E+00  0.6510465E+00 -0.1437244E-01
  0.0000000E+00  0.6510467E+00 -0.1440118E-01
  0.0000000E+00  0.6510469E+00 -0.1442992E-01
  0.0000000E+00  0.6510471E+00 -0.1445866E-01
  0.0000000E+00  0.6510472E+00 -0.1448740E-01
  0.0000000E+00  0.6510474E+00 -0.1451614E-01
  0.0000000E+00  0.6510476E+00 -0.1454488E-01
  0.0000000E+00  0.6510478E+00 -0.1457362E-01
  0.0000000E+00  0.6510480E+00 -0.1460236E-01
  0.0000000E+00  0.6510482E+00 -0.1463110E-01
  0.0000000E+00  0.6510484E+00 -0.1465984E-01
  0.0000000E+00  0.6510486E+00 -0.1468858E-01
  0.0000000E+00  0.6510488E+00 -0.1471732E-01
  0.0000000E+00  0.6510489E+00 -0.1474606E-01
  0.0000000E+00  0.6510491E+00 -0.1477480E-01
  0.0000000E+00  0.6510493E+00 -0.1480354E-01
  0.0000000E+00  0.6510495E+00 -0.1483228E-01
  0.0000000E+00  0.6510497E+00 -0.1486101E-01
  0.0000000E+00  0.6510499E+00 -0.1488975E-01
  0.0000000E+00  0.6510501E+00 -0.1491849E-01
  0.0000000E+00  0.6510503E+00 -0.1494723E-01
  0.0000000E+00  0.6510505E+00 -0.1497597E-01
  0.0000000E+00  0.6510507E+00 -0.1500471E-01
  0.0000000E+00  0.6510509E+00 -0.1503345E-01
  0.0000000E+00  0.6510511E+00 -0.1506219E-01
  0.0000000E+00  0.6510513E+00 -0.1509093E-01
  0.0000000E+00  0.6510515E+00 -0.1511967E-01
  0.0000000E+00  0.6510517E+00 -0.1514841E-01
  0.0000000E+00  0.6510518E+00 -0.1517715E-01
  0.0000000E+00  0.6510520E+00 -0.1520588E-01
  0.0000000E+00  0.6510522E+00 -0.1523462E-01
  0.0000000E+00  0.6510524E+00 -0.1526336E-01
  0.0000000E+00  0.6510526E+00 -0.1529210E-01
  0.0000000E+00  0.6510528E+00 -0.1532084E-01
  0.0000000E+00  0.6510530E+00 -0.1534958E-01
  0.0000000E+00  0.6510532E+00 -0.1537832E-01
  0.0000000E+00  0.6510534E+00 -0.1540706E-01
  0.0000000E+00  0.6510536E+00 -0.1543580E-01
  0.0000000E+00  0.6510538E+00 -0.1546453E-01
  0.0000000E+00  0.6510540E+00 -0.1549327E-01
  0.0000000E+00  0.6510542E+00 -0.1552201E-01
  0.0000000E+00  0.6510544E+00 -0.1555075E-01
  0.0000000E+00  0.6510546E+00 -0.1557949E-01
  0.0000000E+00  0.6510548E+00 -0.1560823E-01
  0.0000000E+00  0.6510550E+00 -0.1563697E-01
  0.0000000E+00  0.6510552E+00 -0.1566570E-01
  0.0000000E+00  0.6510554E+00 -0.1569444E-01
  0.0000000E+00  0.6510556E+00 -0.1572318E-01
  0.0000000E+00  0.6510559E+00 -0.1575192E-01
  0.0000000E+00  0.6510561E+00 -0.1578066E-01
  0.0000000E+00  0.6510563E+00 -0.1580940E-01
  0.0000000E+00  0.6510565E+00 -0.1583813E-01
  0.0000000E+00  0.6510567E+00 -0.1586687E-01
  0.0000000E+00  0.6510569E+00 -0.1589561E-01
  0.0000000E+00  0.6510571E+00 -0.1592435E-01
  0.0000000E+00  0.6510573E+00 -0.1595309E-01
  0.0000000E+00  0.6510575E+00 -0.1598182E-01
  0.0000000E+00  0.6510577E+00 -0.1601056E-01
  0.0000000E+00  0.6510579E+00 -0.1603930E-01
  0.0000000E+00  0.6510581E+00 -0.1606804E-01
  0.0000000E+00  0.6510583E+00 -0.1609678E-01
  0.0000000E+00  0.6510585E+00 -0.1612551E-01
  0.0000000E+00  0.6510587E+00 -0.1615425E-01
  0.0000000E+00  0.6510590E+00 -0.1618299E-01
  0.0000000E+00  0.6510592E+00 -0.1621173E-01
  0.0000000E+00  0.6510594E+00 -0.1624047E-01
  0.0000000E+00  0.6510596E+00 -0.1626920E-01
  0.0000000E+00  0.6510598E+00 -0.1629794E-01
  0.0000000E+00  0.6510600E+00 -0.1632668E-01
  0.0000000E+00  0.6510602E+00 -0.1635542E-01
  0.0000000E+00  0.6510604E+00 -0.1638415E-01
  0.0000000E+00  0.6510606E+00 -0.1641289E-01
  0.0000000E+00  0.6510608E+00 -0.1644163E-01
  0.0000000E+00  0.6510611E+00 -0.1647037E-01
  0.0000000E+00  0.6510613E+00 -0.1649910E-01
  0.0000000E+00  0.6510615E+00 -0.1652784E-01
  0.0000000E+00  0.6510617E+00 -0.1655658E-01
  0.0000000E+00  0.6510619E+00 -0.1658532E-01
  0.0000000E+00  0.6510621E+00 -0.1661405E-01
  0.0000000E+00  0.6510623E+00 -0.1664279E-01
  0.0000000E+00  0.6510626E+00 -0.1667153E-01
  0.0000000E+00  0.6510628E+00 -0.1670027E-01
  0.0000000E+00  0.6510630E+00 -0.1672900E-01
  0.0000000E+00  0.6510632E+00 -0.1675774E-01
  0.0000000E+00  0.6510634E+00 -0.1678648E-01
  0.0000000E+00  0.6510636E+00 -0.1681521E-01
  0.0000000E+00  0.6510639E+00 -0.1684395E-01
  0.0000000E+00  0.6510641E+00 -0.1687269E-01
  0.0000000E+00  0.6510643E+00 -0.1690143E-01
  0.0000000E+00  0.6510645E+00 -0.1693016E-01
  0.0000000E+00  0.6510647E+00 -0.1695890E-01
  0.0000000E+00  0.6510650E+00 -0.1698764E-01
  0.0000000E+00  0.6510652E+00 -0.1701637E-01
  0.0000000E+00  0.6510654E+00 -0.1704511E-01
  0.0000000E+00  0.6510656E+00 -0.1707385E-01
  0.0000000E+00  0.6510658E+00 -0.1710258E-01
  0.0000000E+00  0.6510661E+00 -0.1713132E-01
  0.0000000E+00  0.6510663E+00 -0.1716006E-01
  0.0000000E+00  0.6510665E+00 -0.1718879E-01
  0.0000000E+00  0.6510667E+00 -0.1721753E-01
  0.0000000E+00  0.6510670E+00 -0.1724627E-01
  0.0000000E+00  0.6510672E+00 -0.1727500E-01
  0.0000000E+00  0.6510674E+00 -0.1730374E-01
  0.0000000E+00  0.6510676E+00 -0.1733248E-01
  0.0000000E+00  0.6510678E+00 -0.1736121E-01
  0.0000000E+00  0.6510681E+00 -0.1738995E-01
  0.0000000E+00  0.6510683E+00 -0.1741868E-01
  0.0000000E+00  0.6510685E+00 -0.1744742E-01
  0.0000000E+00  0.6510687E+00 -0.1747616E-01
  0.0000000E+00  0.6510690E+00 -0.1750489E-01
  0.0000000E+00  0.6510692E+00 -0.1753363E-01
  0.0000000E+00  0.6510694E+00 -0.1756237E-01
  0.0000000E+00  0.6510697E+00 -0.1759110E-01
  0.0000000E+00  0.6510699E+00 -0.1761984E-01
  0.0000000E+00  0.6510701E+00 -0.1764857E-01
  0.0000000E+00  0.6510703E+00 -0.1767731E-01
  0.0000000E+00  0.6510706E+00 -0.1770605E-01
  0.0000000E+00  0.6510708E+00 -0.1773478E-01
  0.0000000E+00  0.6510710E+00 -0.1776352E-01
  0.0000000E+00  0.6510713E+00 -0.1779225E-01
  0.0000000E+00  0.6510715E+00 -0.1782099E-01
  0.0000000E+00  0.6510717E+00 -0.1784973E-01
  0.0000000E+00  0.6510720E+00 -0.1787846E-01
  0.0000000E+00  0.6510722E+00 -0.1790720E-01
  0.0000000E+00  0.6510724E+00 -0.1793593E-01
  0.0000000E+00  0.6510726E+00 -0.1796467E-01
  0.0000000E+00  0.6510729E+00 -0.1799340E-01
  0.0000000E+00  0.6510731E+00 -0.1802214E-01
  0.0000000E+00  0.6510733E+00 -0.1805087E-01
  0.0000000E+00  0.6510736E+00 -0.1807961E-01
  0.0000000E+00  0.6510738E+00 -0.1810835E-01
  0.0000000E+00  0.6510740E+00 -0.1813708E-01
  0.0000000E+00  0.6510743E+00 -0.1816582E-01
  0.0000000E+00  0.6510745E+00 -0.1819455E-01
  0.0000000E+00  0.6510748E+00 -0.1822329E-01
  0.0000000E+00  0.6510750E+00 -0.1825202E-01
  0.0000000E+00  0.6510752E+00 -0.1828076E-01
  0.0000000E+00  0.6510755E+00 -0.1830949E-01
  0.0000000E+00  0.6510757E+00 -0.1833823E-01
  0.0000000E+00  0.6510759E+00 -0.1836696E-01
  0.0000000E+00  0.6510762E+00 -0.1839570E-01
  0.0000000E+00  0.6510764E+00 -0.1842443E-01
  0.0000000E+00  0.6510767E+00 -0.1845317E-01
  0.0000000E+00  0.6510769E+00 -0.1848190E-01
  0.0000000E+00  0.6510771E+00 -0.1851064E-01
  0.0000000E+00  0.6510774E+00 -0.1853937E-01
  0.0000000E+00  0.6510776E+00 -0.1856811E-01
  0.0000000E+00  0.6510779E+00 -0.1859684E-01
  0.0000000E+00  0.6510781E+00 -0.1862558E-01
  0.0000000E+00  0.6510783E+00 -0.1865431E-01
  0.0000000E+00  0.6510786E+00 -0.1868305E-01
  0.0000000E+00  0.6510788E+00 -0.1871178E-01
  0.0000000E+00  0.6510791E+00 -0.1874052E-01
  0.0000000E+00  0.6510793E+00 -0.1876925E-01
  0.0000000E+00  0.6510795E+00 -0.1879798E-01
  0.0000000E+00  0.6510798E+00 -0.1882672E-01
  0.0000000E+00  0.6510800E+00 -0.1885545E-01
  0.0000000E+00  0.6510803E+00 -0.1888419E-01
  0.0000000E+00  0.6510805E+00 -0.1891292E-01
  0.0000000E+00  0.6510808E+00 -0.1894166E-01
  0.0000000E+00  0.6510810E+00 -0.1897039E-01
  0.0000000E+00  0.6510813E+00 -0.1899913E-01
  0.0000000E+00  0.6510815E+00 -0.1902786E-01
  0.0000000E+00  0.6510817E+00 -0.1905659E-01
  0.0000000E+00  0.6510820E+00 -0.1908533E-01
  0.0000000E+00  0.6510822E+00 -0.1911406E-01
  0.0000000E+00  0.6510825E+00 -0.1914280E-01
  0.0000000E+00  0.6510827E+00 -0.1917153E-01
  0.0000000E+00  0.6510830E+00 -0.1920026E-01
  0.0000000E+00  0.6510832E+00 -0.1922900E-01
  0.0000000E+00  0.6510835E+00 -0.1925773E-01
  0.0000000E+00  0.6510837E+00 -0.1928647E-01
  0.0000000E+00  0.6510840E+00 -0.1931520E-01
  0.0000000E+00  0.6510842E+00 -0.1934393E-01
  0.0000000E+00  0.6510845E+00 -0.1937267E-01
  0.0000000E+00  0.6510847E+00 -0.1940140E-01
  0.0000000E+00  0.6510850E+00 -0.1943013E-01
  0.0000000E+00  0.6510852E+00 -0.1945887E-01
  0.0000000E+00  0.6510855E+00 -0.1948760E-01
  0.0000000E+00  0.6510857E+00 -0.1951633E-01
  0.0000000E+00  0.6510860E+00 -0.1954507E-01
  0.0000000E+00  0.6510862E+00 -0.1957380E-01
  0.0000000E+00  0.6510865E+00 -0.1960254E-01
  0.0000000E+00  0.6510868E+00 -0.1963127E-01
  0.0000000E+00  0.6510870E+00 -0.1966000E-01
  0.0000000E+00  0.6510873E+00 -0.1968874E-01
  0.0000000E+00  0.6510875E+00 -0.1971747E-01
  0.0000000E+00  0.6510878E+00 -0.1974620E-01
  0.0000000E+00  0.6510880E+00 -0.1977493E-01
  0.0000000E+00  0.6510883E+00 -0.1980367E-01
  0.0000000E+00  0.6510885E+00 -0.1983240E-01
  0.0000000E+00  0.6510888E+00 -0.1986113E-01
  0.0000000E+00  0.6510891E+00 -0.1988987E-01
  0.0000000E+00  0.6510893E+00 -0.1991860E-01
  0.0000000E+00  0.6510896E+00 -0.1994733E-01
  0.0000000E+00  0.6510898E+00 -0.1997607E-01
  0.0000000E+00  0.6510901E+00 -0.2000480E-01
  0.0000000E+00  0.6510903E+00 -0.2003353E-01
  0.0000000E+00  0.6510906E+00 -0.2006226E-01
  0.0000000E+00  0.6510909E+00 -0.2009100E-01
  0.0000000E+00  0.6510911E+00 -0.2011973E-01
  0.0000000E+00  0.6510914E+00 -0.2014846E-01
  0.0000000E+00  0.6510916E+00 -0.2017719E-01
  0.0000000E+00  0.6510919E+00 -0.2020593E-01
  0.0000000E+00  0.6510922E+00 -0.2023466E-01
  0.0000000E+00  0.6510924E+00 -0.2026339E-01
  0.0000000E+00  0.6510927E+00 -0.2029212E-01
  0.0000000E+00  0.6510930E+00 -0.2032086E-01
  0.0000000E+00  0.6510932E+00 -0.2034959E-01
  0.0000000E+00  0.6510935E+00 -0.2037832E-01
  0.0000000E+00  0.6510937E+00 -0.2040705E-01
  0.0000000E+00  0.6510940E+00 -0.2043579E-01
  0.0000000E+00  0.6510943E+00 -0.2046452E-01
  0.0000000E+00  0.6510945E+00 -0.2049325E-01
  0.0000000E+00  0.6510948E+00 -0.2052198E-01
  0.0000000E+00  0.6510951E+00 -0.2055071E-01
  0.0000000E+00  0.6510953E+00 -0.2057945E-01
  0.0000000E+00  0.6510956E+00 -0.2060818E-01
  0.0000000E+00  0.6510959E+00 -0.2063691E-01
  0.0000000E+00  0.6510961E+00 -0.2066564E-01
  0.0000000E+00  0.6510964E+00 -0.2069437E-01
  0.0000000E+00  0.6510967E+00 -0.2072310E-01
  0.0000000E+00  0.6510969E+00 -0.2075184E-01
  0.0000000E+00  0.6510972E+00 -0.2078057E-01
  0.0000000E+00  0.6510975E+00 -0.2080930E-01
  0.0000000E+00  0.6510978E+00 -0.2083803E-01
  0.0000000E+00  0.6510980E+00 -0.2086676E-01
  0.0000000E+00  0.6510983E+00 -0.2089549E-01
  0.0000000E+00  0.6510986E+00 -0.2092423E-01
  0.0000000E+00  0.6510988E+00 -0.2095296E-01
  0.0000000E+00  0.6510991E+00 -0.2098169E-01
  0.0000000E+00  0.6510994E+00 -0.2101042E-01
  0.0000000E+00  0.6510996E+00 -0.2103915E-01
  0.0000000E+00  0.6510999E+00 -0.2106788E-01
  0.0000000E+00  0.6511002E+00 -0.2109661E-01
  0.0000000E+00  0.6511005E+00 -0.2112534E-01
  0.0000000E+00  0.6511007E+00 -0.2115408E-01
  0.0000000E+00  0.6511010E+00 -0.2118281E-01
  0.0000000E+00  0.6511013E+00 -0.2121154E-01
  0.0000000E+00  0.6511016E+00 -0.2124027E-01
  0.0000000E+00  0.6511018E+00 -0.2126900E-01
  0.0000000E+00  0.6511021E+00 -0.2129773E-01
  0.0000000E+00  0.6511024E+00 -0.2132646E-01
  0.0000000E+00  0.6511027E+00 -0.2135519E-01
  0.0000000E+00  0.6511029E+00 -0.2138392E-01
  0.0000000E+00  0.6511032E+00 -0.2141265E-01
  0.0000000E+00  0.6511035E+00 -0.2144138E-01
  0.0000000E+00  0.6511038E+00 -0.2147011E-01
  0.0000000E+00  0.6511041E+00 -0.2149884E-01
  0.0000000E+00  0.6511043E+00 -0.2152758E-01
  0.0000000E+00  0.6511046E+00 -0.2155631E-01
  0.0000000E+00  0.6511049E+00 -0.2158504E-01
  0.0000000E+00  0.6511052E+00 -0.2161377E-01
  0.0000000E+00  0.6511054E+00 -0.2164250E-01
  0.0000000E+00  0.6511057E+00 -0.2167123E-01
  0.0000000E+00  0.6511060E+00 -0.2169996E-01
  0.0000000E+00  0.6511063E+00 -0.2172869E-01
  0.0000000E+00  0.6511066E+00 -0.2175742E-01
  0.0000000E+00  0.6511069E+00 -0.2178615E-01
  0.0000000E+00  0.6511071E+00 -0.2181488E-01
  0.0000000E+00  0.6511074E+00 -0.2184361E-01
  0.0000000E+00  0.6511077E+00 -0.2187234E-01
  0.0000000E+00  0.6511080E+00 -0.2190107E-01
  0.0000000E+00  0.6511083E+00 -0.2192980E-01
  0.0000000E+00  0.6511086E+00 -0.2195853E-01
  0.0000000E+00  0.6511088E+00 -0.2198726E-01
  0.0000000E+00  0.6511091E+00 -0.2201599E-01
  0.0000000E+00  0.6511094E+00 -0.2204472E-01
  0.0000000E+00  0.6511097E+00 -0.2207345E-01
  0.0000000E+00  0.6511100E+00 -0.2210218E-01
  0.0000000E+00  0.6511103E+00 -0.2213091E-01
  0.0000000E+00  0.6511105E+00 -0.2215963E-01
  0.0000000E+00  0.6511108E+00 -0.2218836E-01
  0.0000000E+00  0.6511111E+00 -0.2221709E-01
  0.0000000E+00  0.6511114E+00 -0.2224582E-01
  0.0000000E+00  0.6511117E+00 -0.2227455E-01
  0.0000000E+00  0.6511120E+00 -0.2230328E-01
  0.0000000E+00  0.6511123E+00 -0.2233201E-01
  0.0000000E+00  0.6511126E+00 -0.2236074E-01
  0.0000000E+00  0.6511129E+00 -0.2238947E-01
  0.0000000E+00  0.6511131E+00 -0.2241820E-01
  0.0000000E+00  0.6511134E+00 -0.2244693E-01
  0.0000000E+00  0.6511137E+00 -0.2247566E-01
  0.0000000E+00  0.6511140E+00 -0.2250439E-01
  0.0000000E+00  0.6511143E+00 -0.2253311E-01
  0.0000000E+00  0.6511146E+00 -0.2256184E-01
  0.0000000E+00  0.6511149E+00 -0.2259057E-01
  0.0000000E+00  0.6511152E+00 -0.2261930E-01
  0.0000000E+00  0.6511155E+00 -0.2264803E-01
  0.0000000E+00  0.6511158E+00 -0.2267676E-01
  0.0000000E+00  0.6511161E+00 -0.2270549E-01
  0.0000000E+00  0.6511164E+00 -0.2273421E-01
  0.0000000E+00  0.6511167E+00 -0.2276294E-01
  0.0000000E+00  0.6511169E+00 -0.2279167E-01
  0.0000000E+00  0.6511172E+00 -0.2282040E-01
  0.0000000E+00  0.6511175E+00 -0.2284913E-01
  0.0000000E+00  0.6511178E+00 -0.2287786E-01
  0.0000000E+00  0.6511181E+00 -0.2290659E-01
  0.0000000E+00  0.6511184E+00 -0.2293531E-01
  0.0000000E+00  0.6511187E+00 -0.2296404E-01
  0.0000000E+00  0.6511190E+00 -0.2299277E-01
  0.0000000E+00  0.6511193E+00 -0.2302150E-01
  0.0000000E+00  0.6511196E+00 -0.2305023E-01
  0.0000000E+00  0.6511199E+00 -0.2307895E-01
  0.0000000E+00  0.6511202E+00 -0.2310768E-01
  0.0000000E+00  0.6511205E+00 -0.2313641E-01
  0.0000000E+00  0.6511208E+00 -0.2316514E-01
  0.0000000E+00  0.6511211E+00 -0.2319387E-01
  0.0000000E+00  0.6511214E+00 -0.2322259E-01
  0.0000000E+00  0.6511217E+00 -0.2325132E-01
  0.0000000E+00  0.6511220E+00 -0.2328005E-01
  0.0000000E+00  0.6511223E+00 -0.2330878E-01
  0.0000000E+00  0.6511226E+00 -0.2333750E-01
  0.0000000E+00  0.6511229E+00 -0.2336623E-01
  0.0000000E+00  0.6511232E+00 -0.2339496E-01
  0.0000000E+00  0.6511235E+00 -0.2342369E-01
  0.0000000E+00  0.6511238E+00 -0.2345241E-01
  0.0000000E+00  0.6511241E+00 -0.2348114E-01
  0.0000000E+00  0.6511244E+00 -0.2350987E-01
  0.0000000E+00  0.6511247E+00 -0.2353859E-01
  0.0000000E+00  0.6511250E+00 -0.2356732E-01
  0.0000000E+00  0.6511254E+00 -0.2359605E-01
  0.0000000E+00  0.6511257E+00 -0.2362478E-01
  0.0000000E+00  0.6511260E+00 -0.2365350E-01
  0.0000000E+00  0.6511263E+00 -0.2368223E-01
  0.0000000E+00  0.6511266E+00 -0.2371096E-01
  0.0000000E+00  0.6511269E+00 -0.2373968E-01
  0.0000000E+00  0.6511272E+00 -0.2376841E-01
  0.0000000E+00  0.6511275E+00 -0.2379714E-01
  0.0000000E+00  0.6511278E+00 -0.2382586E-01
  0.0000000E+00  0.6511281E+00 -0.2385459E-01
  0.0000000E+00  0.6511284E+00 -0.2388332E-01
  0.0000000E+00  0.6511287E+00 -0.2391204E-01
  0.0000000E+00  0.6511290E+00 -0.2394077E-01
  0.0000000E+00  0.6511294E+00 -0.2396950E-01
  0.0000000E+00  0.6511297E+00 -0.2399822E-01
  0.0000000E+00  0.6511300E+00 -0.2402695E-01
  0.0000000E+00  0.6511303E+00 -0.2405568E-01
  0.0000000E+00  0.6511306E+00 -0.2408440E-01
  0.0000000E+00  0.6511309E+00 -0.2411313E-01
  0.0000000E+00  0.6511312E+00 -0.2414185E-01
  0.0000000E+00  0.6511315E+00 -0.2417058E-01
  0.0000000E+00  0.6511318E+00 -0.2419931E-01
  0.0000000E+00  0.6511322E+00 -0.2422803E-01
  0.0000000E+00  0.6511325E+00 -0.2425676E-01
  0.0000000E+00  0.6511328E+00 -0.2428548E-01
  0.0000000E+00  0.6511331E+00 -0.2431421E-01
  0.0000000E+00  0.6511334E+00 -0.2434294E-01
  0.0000000E+00  0.6511337E+00 -0.2437166E-01
  0.0000000E+00  0.6511340E+00 -0.2440039E-01
  0.0000000E+00  0.6511344E+00 -0.2442911E-01
  0.0000000E+00  0.6511347E+00 -0.2445784E-01
  0.0000000E+00  0.6511350E+00 -0.2448656E-01
  0.0000000E+00  0.6511353E+00 -0.2451529E-01
  0.0000000E+00  0.6511356E+00 -0.2454401E-01
  0.0000000E+00  0.6511359E+00 -0.2457274E-01
  0.0000000E+00  0.6511363E+00 -0.2460147E-01
  0.0000000E+00  0.6511366E+00 -0.2463019E-01
  0.0000000E+00  0.6511369E+00 -0.2465892E-01
  0.0000000E+00  0.6511372E+00 -0.2468764E-01
  0.0000000E+00  0.6511375E+00 -0.2471637E-01
  0.0000000E+00  0.6511379E+00 -0.2474509E-01
  0.0000000E+00  0.6511382E+00 -0.2477382E-01
  0.0000000E+00  0.6511385E+00 -0.2480254E-01
  0.0000000E+00  0.6511388E+00 -0.2483127E-01
  0.0000000E+00  0.6511391E+00 -0.2485999E-01
  0.0000000E+00  0.6511395E+00 -0.2488872E-01
  0.0000000E+00  0.6511398E+00 -0.2491744E-01
  0.0000000E+00  0.6511401E+00 -0.2494617E-01
  0.0000000E+00  0.6511404E+00 -0.2497489E-01
  0.0000000E+00  0.6511408E+00 -0.2500361E-01
  0.0000000E+00  0.6511411E+00 -0.2503234E-01
  0.0000000E+00  0.6511414E+00 -0.2506106E-01
  0.0000000E+00  0.6511417E+00 -0.2508979E-01
  0.0000000E+00  0.6511421E+00 -0.2511851E-01
  0.0000000E+00  0.6511424E+00 -0.2514724E-01
  0.0000000E+00  0.6511427E+00 -0.2517596E-01
  0.0000000E+00  0.6511430E+00 -0.2520469E-01
  0.0000000E+00  0.6511434E+00 -0.2523341E-01
  0.0000000E+00  0.6511437E+00 -0.2526213E-01
  0.0000000E+00  0.6511440E+00 -0.2529086E-01
  0.0000000E+00  0.6511443E+00 -0.2531958E-01
  0.0000000E+00  0.6511447E+00 -0.2534831E-01
  0.0000000E+00  0.6511450E+00 -0.2537703E-01
  0.0000000E+00  0.6511453E+00 -0.2540575E-01
  0.0000000E+00  0.6511457E+00 -0.2543448E-01
  0.0000000E+00  0.6511460E+00 -0.2546320E-01
  0.0000000E+00  0.6511463E+00 -0.2549192E-01
  0.0000000E+00  0.6511466E+00 -0.2552065E-01
  0.0000000E+00  0.6511470E+00 -0.2554937E-01
  0.0000000E+00  0.6511473E+00 -0.2557810E-01
  0.0000000E+00  0.6511476E+00 -0.2560682E-01
  0.0000000E+00  0.6511480E+00 -0.2563554E-01
  0.0000000E+00  0.6511483E+00 -0.2566427E-01
  0.0000000E+00  0.6511486E+00 -0.2569299E-01
  0.0000000E+00  0.6511490E+00 -0.2572171E-01
  0.0000000E+00  0.6511493E+00 -0.2575044E-01
  0.0000000E+00  0.6511496E+00 -0.2577916E-01
  0.0000000E+00  0.6511500E+00 -0.2580788E-01
  0.0000000E+00  0.6511503E+00 -0.2583660E-01
  0.0000000E+00  0.6511506E+00 -0.2586533E-01
  0.0000000E+00  0.6511510E+00 -0.2589405E-01
  0.0000000E+00  0.6511513E+00 -0.2592277E-01
  0.0000000E+00  0.6511516E+00 -0.2595150E-01
  0.0000000E+00  0.6511520E+00 -0.2598022E-01
  0.0000000E+00  0.6511523E+00 -0.2600894E-01
  0.0000000E+00  0.6511526E+00 -0.2603766E-01
  0.0000000E+00  0.6511530E+00 -0.2606639E-01
  0.0000000E+00  0.6511533E+00 -0.2609511E-01
  0.0000000E+00  0.6511537E+00 -0.2612383E-01
  0.0000000E+00  0.6511540E+00 -0.2615255E-01
  0.0000000E+00  0.6511543E+00 -0.2618128E-01
  0.0000000E+00  0.6511547E+00 -0.2621000E-01
  0.0000000E+00  0.6511550E+00 -0.2623872E-01
  0.0000000E+00  0.6511554E+00 -0.2626744E-01
  0.0000000E+00  0.6511557E+00 -0.2629617E-01
  0.0000000E+00  0.6511560E+00 -0.2632489E-01
  0.0000000E+00  0.6511564E+00 -0.2635361E-01
  0.0000000E+00  0.6511567E+00 -0.2638233E-01
  0.0000000E+00  0.6511571E+00 -0.2641105E-01
  0.0000000E+00  0.6511574E+00 -0.2643978E-01
  0.0000000E+00  0.6511577E+00 -0.2646850E-01
  0.0000000E+00  0.6511581E+00 -0.2649722E-01
  0.0000000E+00  0.6511584E+00 -0.2652594E-01
  0.0000000E+00  0.6511588E+00 -0.2655466E-01
  0.0000000E+00  0.6511591E+00 -0.2658338E-01
  0.0000000E+00  0.6511595E+00 -0.2661211E-01
  0.0000000E+00  0.6511598E+00 -0.2664083E-01
  0.0000000E+00  0.6511601E+00 -0.2666955E-01
  0.0000000E+00  0.6511605E+00 -0.2669827E-01
  0.0000000E+00  0.6511608E+00 -0.2672699E-01
  0.0000000E+00  0.6511612E+00 -0.2675571E-01
  0.0000000E+00  0.6511615E+00 -0.2678443E-01
  0.0000000E+00  0.6511619E+00 -0.2681316E-01
  0.0000000E+00  0.6511622E+00 -0.2684188E-01
  0.0000000E+00  0.6511626E+00 -0.2687060E-01
  0.0000000E+00  0.6511629E+00 -0.2689932E-01
  0.0000000E+00  0.6511633E+00 -0.2692804E-01
  0.0000000E+00  0.6511636E+00 -0.2695676E-01
  0.0000000E+00  0.6511640E+00 -0.2698548E-01
  0.0000000E+00  0.6511643E+00 -0.2701420E-01
  0.0000000E+00  0.6511647E+00 -0.2704292E-01
  0.0000000E+00  0.6511650E+00 -0.2707164E-01
  0.0000000E+00  0.6511654E+00 -0.2710036E-01
  0.0000000E+00  0.6511657E+00 -0.2712909E-01
  0.0000000E+00  0.6511661E+00 -0.2715781E-01
  0.0000000E+00  0.6511664E+00 -0.2718653E-01
  0.0000000E+00  0.6511668E+00 -0.2721525E-01
  0.0000000E+00  0.6511671E+00 -0.2724397E-01
  0.0000000E+00  0.6511675E+00 -0.2727269E-01
  0.0000000E+00  0.6511678E+00 -0.2730141E-01
  0.0000000E+00  0.6511682E+00 -0.2733013E-01
  0.0000000E+00  0.6511685E+00 -0.2735885E-01
  0.0000000E+00  0.6511689E+00 -0.2738757E-01
  0.0000000E+00  0.6511692E+00 -0.2741629E-01
  0.0000000E+00  0.6511696E+00 -0.2744501E-01
  0.0000000E+00  0.6511700E+00 -0.2747373E-01
  0.0000000E+00  0.6511703E+00 -0.2750245E-01
  0.0000000E+00  0.6511707E+00 -0.2753117E-01
  0.0000000E+00  0.6511710E+00 -0.2755989E-01
  0.0000000E+00  0.6511714E+00 -0.2758861E-01
  0.0000000E+00  0.6511717E+00 -0.2761733E-01
  0.0000000E+00  0.6511721E+00 -0.2764605E-01
  0.0000000E+00  0.6511725E+00 -0.2767476E-01
  0.0000000E+00  0.6511728E+00 -0.2770348E-01
  0.0000000E+00  0.6511732E+00 -0.2773220E-01
  0.0000000E+00  0.6511735E+00 -0.2776092E-01
  0.0000000E+00  0.6511739E+00 -0.2778964E-01
  0.0000000E+00  0.6511742E+00 -0.2781836E-01
  0.0000000E+00  0.6511746E+00 -0.2784708E-01
  0.0000000E+00  0.6511750E+00 -0.2787580E-01
  0.0000000E+00  0.6511753E+00 -0.2790452E-01
  0.0000000E+00  0.6511757E+00 -0.2793324E-01
  0.0000000E+00  0.6511761E+00 -0.2796196E-01
  0.0000000E+00  0.6511764E+00 -0.2799067E-01
  0.0000000E+00  0.6511768E+00 -0.2801939E-01
  0.0000000E+00  0.6511771E+00 -0.2804811E-01
  0.0000000E+00  0.6511775E+00 -0.2807683E-01
  0.0000000E+00  0.6511779E+00 -0.2810555E-01
  0.0000000E+00  0.6511782E+00 -0.2813427E-01
  0.0000000E+00  0.6511786E+00 -0.2816299E-01
  0.0000000E+00  0.6511790E+00 -0.2819170E-01
  0.0000000E+00  0.6511793E+00 -0.2822042E-01
  0.0000000E+00  0.6511797E+00 -0.2824914E-01
  0.0000000E+00  0.6511801E+00 -0.2827786E-01
  0.0000000E+00  0.6511804E+00 -0.2830658E-01
  0.0000000E+00  0.6511808E+00 -0.2833530E-01
  0.0000000E+00  0.6511812E+00 -0.2836401E-01
  0.0000000E+00  0.6511815E+00 -0.2839273E-01
  0.0000000E+00  0.6511819E+00 -0.2842145E-01
  0.0000000E+00  0.6511823E+00 -0.2845017E-01
  0.0000000E+00  0.6511826E+00 -0.2847889E-01
  0.0000000E+00  0.6511830E+00 -0.2850760E-01
  0.0000000E+00  0.6511834E+00 -0.2853632E-01
  0.0000000E+00  0.6511837E+00 -0.2856504E-01
  0.0000000E+00  0.6511841E+00 -0.2859376E-01
  0.0000000E+00  0.6511845E+00 -0.2862247E-01
  0.0000000E+00  0.6511848E+00 -0.2865119E-01
  0.0000000E+00  0.6511852E+00 -0.2867991E-01
  0.0000000E+00  0.6511856E+00 -0.2870863E-01
  0.0000000E+00  0.6511860E+00 -0.2873734E-01
