 reading SIF input for MAD monitor
 reading SIF input for MAD monitor
 reading SIF input for MAD monitor
 reading SIF input for MAD monitor
 reading SIF input for MAD monitor
 reading SIF input for MAD monitor
 reading SIF input for MAD monitor
 reading SIF input for MAD monitor
 reading SIF input for MAD monitor
 reading SIF input for MAD monitor
 reading SIF input for MAD monitor
 reading SIF input for MAD monitor
 reading SIF input for MAD monitor
 reading SIF input for MAD monitor
 reading SIF input for MAD monitor
 reading SIF input for MAD monitor
 reading SIF input for MAD monitor
 reading SIF input for MAD monitor
 reading SIF input for MAD monitor
 reading SIF input for MAD monitor
 reading SIF input for MAD monitor
 reading SIF input for MAD monitor
 sbend, user input l=  0.80929638579999996      code computed rho=  0.77282112150394056     
 sbend, B=  0.64962999570822433     

 matrix for map is :

  9.99968E-01  6.96210E-05  0.00000E+00  0.00000E+00  0.00000E+00 -1.14795E-06
 -1.45445E+00  9.99930E-01  0.00000E+00  0.00000E+00  0.00000E+00 -2.58777E-07
  0.00000E+00  0.00000E+00  9.99995E-01  3.98474E-07  0.00000E+00  0.00000E+00
  0.00000E+00  0.00000E+00 -1.45444E+00  1.00000E+00  0.00000E+00  0.00000E+00
  1.92840E-06 -1.14785E-06  0.00000E+00  0.00000E+00  1.00000E+00 -1.29716E+00
  0.00000E+00  0.00000E+00  0.00000E+00  0.00000E+00  0.00000E+00  1.00000E+00

 nonzero matrix elements in full precision:
1  1   0.99996848658384    
1  2   6.96210082837337E-05
1  6  -1.14794918745886E-06
2  1   -1.4544453588239    
2  2   0.99993025126576    
2  6  -2.58777078359210E-07
3  3   0.99999537300250    
3  4   3.98474363699775E-07
4  3   -1.4544384163340    
4  4    1.0000040474598    
5  1   1.92839829291080E-06
5  2  -1.14785110610915E-06
5  5    1.0000000000000    
5  6   -1.2971554615639    
6  6    1.0000000000000    


 nonzero elements in generating polynomial are :

  f( 28)=f( 30 00 00 )=  22.195275685603    
  f( 29)=f( 21 00 00 )=  30.741973092979    
  f( 33)=f( 20 00 01 )= -42.508432668819    
  f( 34)=f( 12 00 00 )=  17.469324659502    
  f( 38)=f( 11 00 01 )= -92.767295080528    
  f( 39)=f( 10 20 00 )= -2.9289603042428    
  f( 40)=f( 10 11 00 )=  18.217674618827    
  f( 43)=f( 10 02 00 )=  24.126165297250    
  f( 48)=f( 10 00 02 )=  27.336322952929    
  f( 49)=f( 03 00 00 )= -3.3546525720034    
  f( 53)=f( 02 00 01 )= -54.493480182779    
  f( 54)=f( 01 20 00 )=  10.693228729121    
  f( 55)=f( 01 11 00 )=  64.316432821253    
  f( 58)=f( 01 02 00 )=  60.271118671841    
  f( 63)=f( 01 00 02 )=  42.422774151176    
  f( 67)=f( 00 20 01 )=  6.4999069960065    
  f( 70)=f( 00 11 01 )= -9.6827732161641    
  f( 76)=f( 00 02 01 )= -15.180335165460    
  f( 83)=f( 00 00 03 )= -19.963360802952    
  f( 84)=f( 40 00 00 )= -233.51373784906    
  f( 85)=f( 31 00 00 )= -349.95830818815    
  f( 89)=f( 30 00 01 )=  1104.5806570630    
  f( 90)=f( 22 00 00 )= -915.38002603168    
  f( 94)=f( 21 00 01 )=  3723.2735022243    
  f( 95)=f( 20 20 00 )= -2798.7530378883    
  f( 96)=f( 20 11 00 )= -5183.9983077979    
  f( 99)=f( 20 02 00 )= -4860.2594784649    
  f(104)=f( 20 00 02 )= -2673.0987729215    
  f(105)=f( 13 00 00 )= -2031.9291379150    
  f(109)=f( 12 00 01 )=  3980.9047087238    
  f(110)=f( 11 20 00 )= -3579.6304090491    
  f(111)=f( 11 11 00 )= -5746.6050927721    
  f(114)=f( 11 02 00 )= -6505.5423937038    
  f(119)=f( 11 00 02 )= -4946.9887722006    
  f(123)=f( 10 20 01 )= -1645.9741938296    
  f(126)=f( 10 11 01 )= -3858.7497368525    
  f(132)=f( 10 02 01 )= -2184.3628549231    
  f(139)=f( 10 00 03 )=  1348.7558246748    
  f(140)=f( 04 00 00 )= -1366.5613874084    
  f(144)=f( 03 00 01 )=  1007.5539637444    
  f(145)=f( 02 20 00 )= -2600.1073934892    
  f(146)=f( 02 11 00 )= -2420.7950874750    
  f(149)=f( 02 02 00 )= -3689.4234362564    
  f(154)=f( 02 00 02 )= -2112.3455788022    
  f(158)=f( 01 20 01 )= -438.91783340356    
  f(161)=f( 01 11 01 )= -2501.4579930661    
  f(167)=f( 01 02 01 )= -938.68818603950    
  f(174)=f( 01 00 03 )=  1373.5322463776    
  f(175)=f( 00 40 00 )=  1000.8810525369    
  f(176)=f( 00 31 00 )=  3439.7633843160    
  f(179)=f( 00 22 00 )=  2612.3161609988    
  f(184)=f( 00 20 02 )= -623.47708104855    
  f(185)=f( 00 13 00 )= -1172.2432173423    
  f(190)=f( 00 11 02 )= -1433.1858512024    
  f(195)=f( 00 04 00 )= -1405.4679393293    
  f(200)=f( 00 02 02 )= -1318.8049200956    
  f(209)=f( 00 00 04 )= -496.83592417875    
  f(210)=f( 50 00 00 )=  87516.983152747    
  f(211)=f( 41 00 00 )=  433832.12009108    
  f(215)=f( 40 00 01 )=  30397.204691471    
  f(216)=f( 32 00 00 )=  1007088.8981862    
  f(220)=f( 31 00 01 )= -34868.600181773    
  f(221)=f( 30 20 00 )= -86168.273132958    
  f(222)=f( 30 11 00 )= -598996.75009082    
  f(225)=f( 30 02 00 )= -202284.71535710    
  f(230)=f( 30 00 02 )=  161935.58729172    
  f(231)=f( 23 00 00 )=  1237938.0870879    
  f(235)=f( 22 00 01 )= -342940.24040693    
  f(236)=f( 21 20 00 )= -78862.394347467    
  f(237)=f( 21 11 00 )= -1390148.4952467    
  f(240)=f( 21 02 00 )= -358492.35486769    
  f(245)=f( 21 00 02 )=  385049.52915024    
  f(249)=f( 20 20 01 )=  58661.353146903    
  f(252)=f( 20 11 01 )=  138959.90177530    
  f(258)=f( 20 02 01 )=  24462.611080399    
  f(265)=f( 20 00 03 )= -43836.388180326    
  f(266)=f( 14 00 00 )=  786409.17676544    
  f(270)=f( 13 00 01 )= -454461.74245090    
  f(271)=f( 12 20 00 )=  34949.299504359    
  f(272)=f( 12 11 00 )= -1127794.9560963    
  f(275)=f( 12 02 00 )= -191551.91687425    
  f(280)=f( 12 00 02 )=  237535.50255537    
  f(284)=f( 11 20 01 )=  34375.844070108    
  f(287)=f( 11 11 01 )=  265242.25447963    
  f(293)=f( 11 02 01 )=  979.52130203393    
  f(300)=f( 11 00 03 )=  35318.097967142    
  f(301)=f( 10 40 00 )= -154132.73994624    
  f(302)=f( 10 31 00 )= -683377.99503298    
  f(305)=f( 10 22 00 )= -1133642.6569565    
  f(310)=f( 10 20 02 )= -173283.30740482    
  f(311)=f( 10 13 00 )= -791207.88997320    
  f(316)=f( 10 11 02 )= -410927.97398250    
  f(321)=f( 10 04 00 )= -166163.86974033    
  f(326)=f( 10 02 02 )= -149373.08347682    
  f(335)=f( 10 00 04 )=  334.92283475873    
  f(336)=f( 05 00 00 )=  218502.85571427    
  f(340)=f( 04 00 01 )= -176770.30411591    
  f(341)=f( 03 20 00 )= -91375.411067526    
  f(342)=f( 03 11 00 )= -492568.86540649    
  f(345)=f( 03 02 00 )= -25581.495864501    
  f(350)=f( 03 00 02 )=  32081.967411320    
  f(354)=f( 02 20 01 )=  26333.892365600    
  f(357)=f( 02 11 01 )=  127780.38092546    
  f(363)=f( 02 02 01 )= -143073.07543424    
  f(370)=f( 02 00 03 )=  65748.363005290    
  f(371)=f( 01 40 00 )= -235771.89053887    
  f(372)=f( 01 31 00 )= -716455.15736679    
  f(375)=f( 01 22 00 )= -900747.58370874    
  f(380)=f( 01 20 02 )= -106437.98131192    
  f(381)=f( 01 13 00 )= -416791.03824024    
  f(386)=f( 01 11 02 )= -232964.98627292    
  f(391)=f( 01 04 00 )=  1288.2408341942    
  f(396)=f( 01 02 02 )=  53571.876564931    
  f(405)=f( 01 00 04 )= -20571.994355659    
  f(409)=f( 00 40 01 )=  4666.0466243439    
  f(412)=f( 00 31 01 )= -109877.06079250    
  f(418)=f( 00 22 01 )= -276719.32507132    
  f(425)=f( 00 20 03 )= -5804.6997656150    
  f(428)=f( 00 13 01 )= -248498.66143621    
  f(435)=f( 00 11 03 )= -7162.2184382875    
  f(443)=f( 00 04 01 )= -80701.961115514    
  f(450)=f( 00 02 03 )= -44163.193222149    
  f(461)=f( 00 00 05 )=  518.94817424929    
  f(462)=f( 60 00 00 )= -17278424.609665    
  f(463)=f( 51 00 00 )= -88293670.666835    
  f(467)=f( 50 00 01 )= -10665833.501546    
  f(468)=f( 42 00 00 )= -193120003.05844    
  f(472)=f( 41 00 01 )= -18866669.150435    
  f(473)=f( 40 20 00 )= -16332587.413363    
  f(474)=f( 40 11 00 )=  6418736.5132826    
  f(477)=f( 40 02 00 )= -10597003.489154    
  f(482)=f( 40 00 02 )= -16882489.361469    
  f(483)=f( 33 00 00 )= -225733143.91367    
  f(487)=f( 32 00 01 )=  12140301.070913    
  f(488)=f( 31 20 00 )= -63333246.191172    
  f(489)=f( 31 11 00 )= -22058843.778395    
  f(492)=f( 31 02 00 )= -59196481.620584    
  f(497)=f( 31 00 02 )= -59763408.390894    
  f(501)=f( 30 20 01 )=  3398777.7707327    
  f(504)=f( 30 11 01 )=  11200408.169295    
  f(510)=f( 30 02 01 )=  5513394.8182803    
  f(517)=f( 30 00 03 )=  2145912.4236995    
  f(518)=f( 24 00 00 )= -150831893.42929    
  f(522)=f( 23 00 01 )=  66051401.032298    
  f(523)=f( 22 20 00 )= -64048452.443138    
  f(524)=f( 22 11 00 )= -40191103.656620    
  f(527)=f( 22 02 00 )= -95259688.032973    
  f(532)=f( 22 00 02 )= -85630051.449740    
  f(536)=f( 21 20 01 )=  187229.83120256    
  f(539)=f( 21 11 01 )=  12337237.480987    
  f(545)=f( 21 02 01 )=  14547155.094358    
  f(552)=f( 21 00 03 )= -4405944.0538126    
  f(553)=f( 20 40 00 )=  8145850.0912674    
  f(554)=f( 20 31 00 )=  16132560.089402    
  f(557)=f( 20 22 00 )=  7013962.2402463    
  f(562)=f( 20 20 02 )= -7252700.1688163    
  f(563)=f( 20 13 00 )= -6250133.3781976    
  f(568)=f( 20 11 02 )= -5970061.5905792    
  f(573)=f( 20 04 00 )= -10566037.253206    
  f(578)=f( 20 02 02 )= -11183991.730515    
  f(587)=f( 20 00 04 )=  4003042.6424490    
  f(588)=f( 15 00 00 )= -56111874.772768    
  f(592)=f( 14 00 01 )=  71427696.980799    
  f(593)=f( 13 20 00 )= -14660095.951762    
  f(594)=f( 13 11 00 )= -14938768.961426    
  f(597)=f( 13 02 00 )= -65867881.693162    
  f(602)=f( 13 00 02 )= -57854599.800854    
  f(606)=f( 12 20 01 )= -28610591.421242    
  f(609)=f( 12 11 01 )= -45607894.593116    
  f(615)=f( 12 02 01 )=  2012346.3037978    
  f(622)=f( 12 00 03 )= -9252792.6297393    
  f(623)=f( 11 40 00 )=  5100200.5807283    
  f(624)=f( 11 31 00 )= -20649145.724023    
  f(627)=f( 11 22 00 )= -66312501.259837    
  f(632)=f( 11 20 02 )= -19164762.092953    
  f(633)=f( 11 13 00 )= -72331867.558071    
  f(638)=f( 11 11 02 )= -21102058.304109    
  f(643)=f( 11 04 00 )= -37855564.725138    
  f(648)=f( 11 02 02 )= -36206408.049296    
  f(657)=f( 11 00 04 )=  7302948.5132395    
  f(661)=f( 10 40 01 )=  5873152.1277975    
  f(664)=f( 10 31 01 )=  39766992.033442    
  f(670)=f( 10 22 01 )=  69928419.735956    
  f(677)=f( 10 20 03 )=  9169886.7827190    
  f(680)=f( 10 13 01 )=  54351068.471803    
  f(687)=f( 10 11 03 )=  14954784.034293    
  f(695)=f( 10 04 01 )=  16591037.775826    
  f(702)=f( 10 02 03 )=  14667321.931315    
  f(713)=f( 10 00 05 )= -172276.82949857    
  f(714)=f( 06 00 00 )= -10321485.057625    
  f(718)=f( 05 00 01 )=  27260457.010027    
  f(719)=f( 04 20 00 )=  982691.10605858    
  f(720)=f( 04 11 00 )= -5248007.0995704    
  f(723)=f( 04 02 00 )= -21576202.591741    
  f(728)=f( 04 00 02 )= -17440507.280715    
  f(732)=f( 03 20 01 )= -18085265.180009    
  f(735)=f( 03 11 01 )= -34579103.883063    
  f(741)=f( 03 02 01 )=  2081275.5790419    
  f(748)=f( 03 00 03 )= -501023.49642745    
  f(749)=f( 02 40 00 )= -16909468.024939    
  f(750)=f( 02 31 00 )= -57875443.003915    
  f(753)=f( 02 22 00 )= -72697504.536365    
  f(758)=f( 02 20 02 )= -11744711.262182    
  f(759)=f( 02 13 00 )= -53659050.514194    
  f(764)=f( 02 11 02 )= -16476413.858328    
  f(769)=f( 02 04 00 )= -22195492.480454    
  f(774)=f( 02 02 02 )= -30485590.654343    
  f(783)=f( 02 00 04 )= -575254.17310130    
  f(787)=f( 01 40 01 )=  15700235.746357    
  f(790)=f( 01 31 01 )=  52771211.199400    
  f(796)=f( 01 22 01 )=  62282502.356229    
  f(803)=f( 01 20 03 )=  12227423.175478    
  f(806)=f( 01 13 01 )=  35052666.632728    
  f(813)=f( 01 11 03 )=  23376323.846115    
  f(821)=f( 01 04 01 )=  6751303.1934076    
  f(828)=f( 01 02 03 )=  21323669.974478    
  f(839)=f( 01 00 05 )=  1266513.8294700    
  f(840)=f( 00 60 00 )= -3386885.4175112    
  f(841)=f( 00 51 00 )= -3529212.6982565    
  f(844)=f( 00 42 00 )=  21480704.896264    
  f(849)=f( 00 40 02 )= -1120657.1104292    
  f(850)=f( 00 33 00 )=  58685290.414775    
  f(855)=f( 00 31 02 )=  129032.13690847    
  f(860)=f( 00 24 00 )=  59637025.679453    
  f(865)=f( 00 22 02 )=  6476673.9715552    
  f(874)=f( 00 20 04 )= -2068463.6845849    
  f(875)=f( 00 15 00 )=  27548615.175908    
  f(880)=f( 00 13 02 )=  7235843.6214579    
  f(889)=f( 00 11 04 )= -4358746.0029793    
  f(896)=f( 00 06 00 )=  4797222.5418890    
  f(901)=f( 00 04 02 )=  2515995.0969623    
  f(910)=f( 00 02 04 )= -3929458.0263731    
  f(923)=f( 00 00 06 )= -247973.96604927    
