 sssquad has been used
 eps=   5.0000000000000003E-002
     
 number of squaring np=           8
 norm of the linear part of the map generators   1.5448035540000000     
 scale   3.9062500000000000E-003
     
 sssquad has been used
 eps=   5.0000000000000003E-002
     
 number of squaring np=           9
 norm of the linear part of the map generators   2.9861781120000002     
 scale   1.9531250000000000E-003
     
 sssquad has been used
 eps=   5.0000000000000003E-002
     
 number of squaring np=           9
 norm of the linear part of the map generators   2.6355192669999998     
 scale   1.9531250000000000E-003
     
 sbend, user input l=  0.80929638579999996      code computed rho=  0.77282112150394056     
 sbend, B=  0.43381874805564274     
 sssquad has been used
 eps=   5.0000000000000003E-002
     
 number of squaring np=           9
 norm of the linear part of the map generators   2.7435356909999995     
 scale   1.9531250000000000E-003
     
 sssquad has been used
 eps=   5.0000000000000003E-002
     
 number of squaring np=           9
 norm of the linear part of the map generators   2.5174675930000001     
 scale   1.9531250000000000E-003
     
 sssquad has been used
 eps=   5.0000000000000003E-002
     
 number of squaring np=           9
 norm of the linear part of the map generators   2.2766215270000001     
 scale   1.9531250000000000E-003
     
 sssquad has been used
 eps=   5.0000000000000003E-002
     
 number of squaring np=           8
 norm of the linear part of the map generators   1.4276710429999999     
 scale   3.9062500000000000E-003
     
 sssquad has been used
 eps=   5.0000000000000003E-002
     
 number of squaring np=           8
 norm of the linear part of the map generators   1.2484047469999999     
 scale   3.9062500000000000E-003
     
 sssquad has been used
 eps=   5.0000000000000003E-002
     
 number of squaring np=           8
 norm of the linear part of the map generators   1.1566226870000000     
 scale   3.9062500000000000E-003
     
 sssquad has been used
 eps=   5.0000000000000003E-002
     
 number of squaring np=           7
 norm of the linear part of the map generators  0.79794319499999988     
 scale   7.8125000000000000E-003
     
 sssquad has been used
 eps=   5.0000000000000003E-002
     
 number of squaring np=           7
 norm of the linear part of the map generators  0.94149641460000011     
 scale   7.8125000000000000E-003
     
 sssquad has been used
 eps=   5.0000000000000003E-002
     
 number of squaring np=           8
 norm of the linear part of the map generators   1.2603832539999997     
 scale   3.9062500000000000E-003
     
 sssquad has been used
 eps=   5.0000000000000003E-002
     
 number of squaring np=           8
 norm of the linear part of the map generators   1.4251318010000000     
 scale   3.9062500000000000E-003
     
 sssquad has been used
 eps=   5.0000000000000003E-002
     
 number of squaring np=           8
 norm of the linear part of the map generators   1.2603832539999997     
 scale   3.9062500000000000E-003
     
 sssquad has been used
 eps=   5.0000000000000003E-002
     
 number of squaring np=           7
 norm of the linear part of the map generators  0.94149641460000011     
 scale   7.8125000000000000E-003
     
 sssquad has been used
 eps=   5.0000000000000003E-002
     
 number of squaring np=           7
 norm of the linear part of the map generators  0.79794319499999988     
 scale   7.8125000000000000E-003
     
 sssquad has been used
 eps=   5.0000000000000003E-002
     
 number of squaring np=           8
 norm of the linear part of the map generators   1.1566226870000000     
 scale   3.9062500000000000E-003
     
 sssquad has been used
 eps=   5.0000000000000003E-002
     
 number of squaring np=           8
 norm of the linear part of the map generators   1.2484047469999999     
 scale   3.9062500000000000E-003
     
 sssquad has been used
 eps=   5.0000000000000003E-002
     
 number of squaring np=           8
 norm of the linear part of the map generators   1.4276710429999999     
 scale   3.9062500000000000E-003
     
 sssquad has been used
 eps=   5.0000000000000003E-002
     
 number of squaring np=           9
 norm of the linear part of the map generators   2.2766215270000001     
 scale   1.9531250000000000E-003
     
 sssquad has been used
 eps=   5.0000000000000003E-002
     
 number of squaring np=           9
 norm of the linear part of the map generators   2.5174675930000001     
 scale   1.9531250000000000E-003
     
 sssquad has been used
 eps=   5.0000000000000003E-002
     
 number of squaring np=           9
 norm of the linear part of the map generators   2.7435356909999995     
 scale   1.9531250000000000E-003
     
 sssquad has been used
 eps=   5.0000000000000003E-002
     
 number of squaring np=           9
 norm of the linear part of the map generators   2.6355192669999998     
 scale   1.9531250000000000E-003
     
 sssquad has been used
 eps=   5.0000000000000003E-002
     
 number of squaring np=           9
 norm of the linear part of the map generators   2.9861781120000002     
 scale   1.9531250000000000E-003
     
 sssquad has been used
 eps=   5.0000000000000003E-002
     
 number of squaring np=           8
 norm of the linear part of the map generators   1.5448035540000000     
 scale   3.9062500000000000E-003
     
 sssquad has been used
 eps=   5.0000000000000003E-002
     
 number of squaring np=           8
 norm of the linear part of the map generators   1.7317883079999998     
 scale   3.9062500000000000E-003
     
 sssquad has been used
 eps=   5.0000000000000003E-002
     
 number of squaring np=           9
 norm of the linear part of the map generators   3.4096733330000002     
 scale   1.9531250000000000E-003
     
 sssquad has been used
 eps=   5.0000000000000003E-002
     
 number of squaring np=           9
 norm of the linear part of the map generators   2.2811376019999998     
 scale   1.9531250000000000E-003
     
 sssquad has been used
 eps=   5.0000000000000003E-002
     
 number of squaring np=           9
 norm of the linear part of the map generators   4.1520511960000004     
 scale   1.9531250000000000E-003
     
 sssquad has been used
 eps=   5.0000000000000003E-002
     
 number of squaring np=           9
 norm of the linear part of the map generators   2.8727726200000001     
 scale   1.9531250000000000E-003
     
 sssquad has been used
 eps=   5.0000000000000003E-002
     
 number of squaring np=           9
 norm of the linear part of the map generators   2.7823923900000000     
 scale   1.9531250000000000E-003
     
 sssquad has been used
 eps=   5.0000000000000003E-002
     
 number of squaring np=           8
 norm of the linear part of the map generators   1.8531221099999999     
 scale   3.9062500000000000E-003
     
 sssquad has been used
 eps=   5.0000000000000003E-002
     
 number of squaring np=           8
 norm of the linear part of the map generators   1.8531221099999999     
 scale   3.9062500000000000E-003
     
 sssquad has been used
 eps=   5.0000000000000003E-002
     
 number of squaring np=           9
 norm of the linear part of the map generators   2.7823923900000000     
 scale   1.9531250000000000E-003
     
 sssquad has been used
 eps=   5.0000000000000003E-002
     
 number of squaring np=           9
 norm of the linear part of the map generators   2.8727726200000001     
 scale   1.9531250000000000E-003
     
 sssquad has been used
 eps=   5.0000000000000003E-002
     
 number of squaring np=           9
 norm of the linear part of the map generators   4.1520511960000004     
 scale   1.9531250000000000E-003
     
 sssquad has been used
 eps=   5.0000000000000003E-002
     
 number of squaring np=           9
 norm of the linear part of the map generators   2.2811376019999998     
 scale   1.9531250000000000E-003
     
 sssquad has been used
 eps=   5.0000000000000003E-002
     
 number of squaring np=           9
 norm of the linear part of the map generators   3.4096733330000002     
 scale   1.9531250000000000E-003
     
 sssquad has been used
 eps=   5.0000000000000003E-002
     
 number of squaring np=           8
 norm of the linear part of the map generators   1.7317883079999998     
 scale   3.9062500000000000E-003
     

 matrix for map is :

  9.99969E-01  6.96142E-05  0.00000E+00  0.00000E+00  0.00000E+00 -1.14353E-06
 -1.45445E+00  9.99930E-01  0.00000E+00  0.00000E+00  0.00000E+00 -2.52115E-07
  0.00000E+00  0.00000E+00  9.99995E-01  3.77431E-07  0.00000E+00  0.00000E+00
  0.00000E+00  0.00000E+00 -1.45444E+00  1.00000E+00  0.00000E+00  0.00000E+00
  1.91531E-06 -1.14343E-06  0.00000E+00  0.00000E+00  1.00000E+00 -1.29663E+00
  0.00000E+00  0.00000E+00  0.00000E+00  0.00000E+00  0.00000E+00  1.00000E+00

 nonzero matrix elements in full precision:
1  1   0.99996851352959    
1  2   6.96141563467714E-05
1  6  -1.14353059794823E-06
2  1   -1.4544453602518    
2  2   0.99993023428703    
2  6  -2.52115141795324E-07
3  3   0.99999539753592    
3  4   3.77430988150740E-07
4  3   -1.4544384384657    
4  4    1.0000040535326    
5  1   1.91530997833977E-06
5  2  -1.14343326795829E-06
5  5    1.0000000000000    
5  6   -1.2966274147540    
6  6    1.0000000000000    


 nonzero elements in generating polynomial are :

  f( 28)=f( 30 00 00 )= 0.96489570811817    
  f( 29)=f( 21 00 00 )=  1.7762326317490    
  f( 33)=f( 20 00 01 )= -50.498475164694    
  f( 34)=f( 12 00 00 )= 0.39198099799115    
  f( 38)=f( 11 00 01 )= -75.263709194282    
  f( 39)=f( 10 20 00 )=-0.89947970504598    
  f( 40)=f( 10 11 00 )=-0.35761128543856    
  f( 43)=f( 10 02 00 )= 0.16591034940814    
  f( 48)=f( 10 00 02 )=  9.6212635045286    
  f( 49)=f( 03 00 00 )=-0.25178149603581    
  f( 53)=f( 02 00 01 )= -49.898251581349    
  f( 54)=f( 01 20 00 )= -1.7836103370386    
  f( 55)=f( 01 11 00 )= 0.20033039688651    
  f( 58)=f( 01 02 00 )=-0.73200255511507    
  f( 63)=f( 01 00 02 )=  20.022302235716    
  f( 67)=f( 00 20 01 )= -34.729669472687    
  f( 70)=f( 00 11 01 )= -43.568710705468    
  f( 76)=f( 00 02 01 )= -27.971386153128    
  f( 83)=f( 00 00 03 )= -12.487177813404    
  f( 84)=f( 40 00 00 )= -117.34650629850    
  f( 85)=f( 31 00 00 )= -356.87485098800    
  f( 89)=f( 30 00 01 )=  57.874846776583    
  f( 90)=f( 22 00 00 )= -531.75269099760    
  f( 94)=f( 21 00 01 )=  170.35379818346    
  f( 95)=f( 20 20 00 )= -90.140144273569    
  f( 96)=f( 20 11 00 )= -127.72520945591    
  f( 99)=f( 20 02 00 )= -75.259030177373    
  f(104)=f( 20 00 02 )= -254.96976219362    
  f(105)=f( 13 00 00 )= -405.08421474078    
  f(109)=f( 12 00 01 )=  152.05853313469    
  f(110)=f( 11 20 00 )= -140.96140923821    
  f(111)=f( 11 11 00 )= -211.70415623683    
  f(114)=f( 11 02 00 )= -120.30457997384    
  f(119)=f( 11 00 02 )= -488.73201129842    
  f(123)=f( 10 20 01 )=  113.79411010457    
  f(126)=f( 10 11 01 )=  142.17857621059    
  f(132)=f( 10 02 01 )=  27.517875633370    
  f(139)=f( 10 00 03 )=  311.00726683662    
  f(140)=f( 04 00 00 )= -146.52715952618    
  f(144)=f( 03 00 01 )=  58.794243130920    
  f(145)=f( 02 20 00 )= -86.360310585343    
  f(146)=f( 02 11 00 )= -124.68272317423    
  f(149)=f( 02 02 00 )= -79.903294883746    
  f(154)=f( 02 00 02 )= -394.16646569882    
  f(158)=f( 01 20 01 )=  110.56992190820    
  f(161)=f( 01 11 01 )=  185.23607948105    
  f(167)=f( 01 02 01 )=  87.291131684382    
  f(174)=f( 01 00 03 )=  194.49289817904    
  f(175)=f( 00 40 00 )= -46.134469681519    
  f(176)=f( 00 31 00 )= -135.05891130148    
  f(179)=f( 00 22 00 )= -180.28060634689    
  f(184)=f( 00 20 02 )=  15.447685121516    
  f(185)=f( 00 13 00 )= -115.50550191928    
  f(190)=f( 00 11 02 )=  155.58151630595    
  f(195)=f( 00 04 00 )= -32.800921081097    
  f(200)=f( 00 02 02 )= -42.726423044888    
  f(209)=f( 00 00 04 )= -65.374825295797    
  f(210)=f( 50 00 00 )=  243.48076965296    
  f(211)=f( 41 00 00 )=  1370.8204142814    
  f(215)=f( 40 00 01 )= -2572.1621606071    
  f(216)=f( 32 00 00 )=  2601.0525442434    
  f(220)=f( 31 00 01 )= -11484.975783946    
  f(221)=f( 30 20 00 )=  366.17385729125    
  f(222)=f( 30 11 00 )= -105.05051479390    
  f(225)=f( 30 02 00 )=  133.14262534013    
  f(230)=f( 30 00 02 )=  1219.8752050660    
  f(231)=f( 23 00 00 )=  2322.2339317799    
  f(235)=f( 22 00 01 )= -23058.883052671    
  f(236)=f( 21 20 00 )=  842.24154844484    
  f(237)=f( 21 11 00 )= -74.423510079595    
  f(240)=f( 21 02 00 )=  581.77556813934    
  f(245)=f( 21 00 02 )= -1405.5474429574    
  f(249)=f( 20 20 01 )= -1406.9256265016    
  f(252)=f( 20 11 01 )= -1077.3017310178    
  f(258)=f( 20 02 01 )= -1185.3861378497    
  f(265)=f( 20 00 03 )= -5224.8343252620    
  f(266)=f( 14 00 00 )=  892.31928020932    
  f(270)=f( 13 00 01 )= -20773.779183472    
  f(271)=f( 12 20 00 )=  657.41875565394    
  f(272)=f( 12 11 00 )= -221.35036872566    
  f(275)=f( 12 02 00 )=  637.12324186184    
  f(280)=f( 12 00 02 )= -4101.6500016770    
  f(284)=f( 11 20 01 )= -1267.5919256182    
  f(287)=f( 11 11 01 )= -1491.8498247671    
  f(293)=f( 11 02 01 )= -2926.7138644420    
  f(300)=f( 11 00 03 )= -30793.770872073    
  f(301)=f( 10 40 00 )=  267.77299170783    
  f(302)=f( 10 31 00 )=  329.14782975573    
  f(305)=f( 10 22 00 )=  20.232153745305    
  f(310)=f( 10 20 02 )=  3335.3498420668    
  f(311)=f( 10 13 00 )= -204.53123271988    
  f(316)=f( 10 11 02 )=  955.73420708087    
  f(321)=f( 10 04 00 )= -68.296780138260    
  f(326)=f( 10 02 02 )=  170.35174524036    
  f(335)=f( 10 00 04 )=  1968.1690778143    
  f(336)=f( 05 00 00 )=  47.201286865644    
  f(340)=f( 04 00 01 )= -6980.1933733372    
  f(341)=f( 03 20 00 )=  124.69556246842    
  f(342)=f( 03 11 00 )= -193.45022170166    
  f(345)=f( 03 02 00 )=  269.90243901344    
  f(350)=f( 03 00 02 )= -1632.6011089816    
  f(354)=f( 02 20 01 )= -216.94229172700    
  f(357)=f( 02 11 01 )= -468.63301472861    
  f(363)=f( 02 02 01 )= -2198.6264232387    
  f(370)=f( 02 00 03 )= -21679.670083068    
  f(371)=f( 01 40 00 )=  2.0211938559106    
  f(372)=f( 01 31 00 )=  88.068644666890    
  f(375)=f( 01 22 00 )=  217.65432408247    
  f(380)=f( 01 20 02 )=  420.44624156987    
  f(381)=f( 01 13 00 )=  222.33888195986    
  f(386)=f( 01 11 02 )= -2372.9341312793    
  f(391)=f( 01 04 00 )=  132.74740393873    
  f(396)=f( 01 02 02 )= -671.91617765073    
  f(405)=f( 01 00 04 )= -4453.6941250187    
  f(409)=f( 00 40 01 )=  8.6268025970669    
  f(412)=f( 00 31 01 )=  732.00492422244    
  f(418)=f( 00 22 01 )=  786.75803657307    
  f(425)=f( 00 20 03 )=  4898.6485445959    
  f(428)=f( 00 13 01 )=  373.85937488351    
  f(435)=f( 00 11 03 )= -2220.6527174386    
  f(443)=f( 00 04 01 )= -7.9310839112785    
  f(450)=f( 00 02 03 )= -7088.6715297860    
  f(461)=f( 00 00 05 )=  751.81317816692    
  f(462)=f( 60 00 00 )= -6537.3056408901    
  f(463)=f( 51 00 00 )= -35763.594156680    
  f(467)=f( 50 00 01 )=  23217.134100735    
  f(468)=f( 42 00 00 )= -101661.05009118    
  f(472)=f( 41 00 01 )=  52873.023962655    
  f(473)=f( 40 20 00 )= -3039.1567689964    
  f(474)=f( 40 11 00 )= -4268.6468819037    
  f(477)=f( 40 02 00 )= -5960.0341461865    
  f(482)=f( 40 00 02 )= -190331.34051987    
  f(483)=f( 33 00 00 )= -166739.00634263    
  f(487)=f( 32 00 01 )=  8020.0737353059    
  f(488)=f( 31 20 00 )= -11081.888910005    
  f(489)=f( 31 11 00 )= -19050.146934358    
  f(492)=f( 31 02 00 )= -24711.718392404    
  f(497)=f( 31 00 02 )= -1117752.7677915    
  f(501)=f( 30 20 01 )= -5120.1324489102    
  f(504)=f( 30 11 01 )= -4292.2068732252    
  f(510)=f( 30 02 01 )=  11916.914560648    
  f(517)=f( 30 00 03 )= -92549.143324855    
  f(518)=f( 24 00 00 )= -162853.63678527    
  f(522)=f( 23 00 01 )= -75711.420372579    
  f(523)=f( 22 20 00 )= -19960.338949060    
  f(524)=f( 22 11 00 )= -38409.687782031    
  f(527)=f( 22 02 00 )= -44290.716744848    
  f(532)=f( 22 00 02 )= -1924984.7649118    
  f(536)=f( 21 20 01 )= -35222.150377790    
  f(539)=f( 21 11 01 )= -47494.271786444    
  f(545)=f( 21 02 01 )=  11497.952906400    
  f(552)=f( 21 00 03 )= -279637.97510558    
  f(553)=f( 20 40 00 )=  187.60843710234    
  f(554)=f( 20 31 00 )=  3576.4849609263    
  f(557)=f( 20 22 00 )= -51.915042742602    
  f(562)=f( 20 20 02 )=  83300.470269970    
  f(563)=f( 20 13 00 )= -2473.9535945526    
  f(568)=f( 20 11 02 )= -505.26140368082    
  f(573)=f( 20 04 00 )= -2038.9136948650    
  f(578)=f( 20 02 02 )= -101209.21289555    
  f(587)=f( 20 00 04 )= -998661.56651977    
  f(588)=f( 15 00 00 )= -90038.828462049    
  f(592)=f( 14 00 01 )= -84440.818515066    
  f(593)=f( 13 20 00 )= -17246.712091956    
  f(594)=f( 13 11 00 )= -36225.556669494    
  f(597)=f( 13 02 00 )= -37676.165136067    
  f(602)=f( 13 00 02 )= -1344824.4445073    
  f(606)=f( 12 20 01 )= -45818.420653772    
  f(609)=f( 12 11 01 )= -80783.459922725    
  f(615)=f( 12 02 01 )=  2424.6357713808    
  f(622)=f( 12 00 03 )= -128167.59128810    
  f(623)=f( 11 40 00 )=  1925.7586442405    
  f(624)=f( 11 31 00 )=  3139.5099810335    
  f(627)=f( 11 22 00 )= -7534.4605016010    
  f(632)=f( 11 20 02 )=  53391.754218510    
  f(633)=f( 11 13 00 )= -10246.849385468    
  f(638)=f( 11 11 02 )= -232257.30061299    
  f(643)=f( 11 04 00 )= -5290.6050555776    
  f(648)=f( 11 02 02 )= -305294.11015424    
  f(657)=f( 11 00 04 )= -1942898.2758735    
  f(661)=f( 10 40 01 )= -7135.4006240581    
  f(664)=f( 10 31 01 )= -20052.820638942    
  f(670)=f( 10 22 01 )= -12850.247077845    
  f(677)=f( 10 20 03 )= -171049.01875206    
  f(680)=f( 10 13 01 )= -1838.0989141247    
  f(687)=f( 10 11 03 )= -320545.36495252    
  f(695)=f( 10 04 01 )=  2584.8315332413    
  f(702)=f( 10 02 03 )= -70568.892983547    
  f(713)=f( 10 00 05 )= -101353.71604862    
  f(714)=f( 06 00 00 )= -22071.566970580    
  f(718)=f( 05 00 01 )= -27361.455767996    
  f(719)=f( 04 20 00 )= -6149.7618591140    
  f(720)=f( 04 11 00 )= -13176.344768749    
  f(723)=f( 04 02 00 )= -12666.387357340    
  f(728)=f( 04 00 02 )= -348557.54242636    
  f(732)=f( 03 20 01 )= -22092.494759401    
  f(735)=f( 03 11 01 )= -40726.596705412    
  f(741)=f( 03 02 01 )= -1288.4879662014    
  f(748)=f( 03 00 03 )=  8619.3787076321    
  f(749)=f( 02 40 00 )=  1128.6524519971    
  f(750)=f( 02 31 00 )=  2443.4403280183    
  f(753)=f( 02 22 00 )= -4363.4546393114    
  f(758)=f( 02 20 02 )= -38641.607796913    
  f(759)=f( 02 13 00 )= -7250.0477851447    
  f(764)=f( 02 11 02 )= -208407.80333846    
  f(769)=f( 02 04 00 )= -3966.9876886072    
  f(774)=f( 02 02 02 )= -185520.02662732    
  f(783)=f( 02 00 04 )= -547069.99775921    
  f(787)=f( 01 40 01 )= -4044.1111214384    
  f(790)=f( 01 31 01 )=  827.73784819286    
  f(796)=f( 01 22 01 )=  7337.9781695357    
  f(803)=f( 01 20 03 )= -223717.09069518    
  f(806)=f( 01 13 01 )=  7483.2051505623    
  f(813)=f( 01 11 03 )= -276704.28087997    
  f(821)=f( 01 04 01 )=  4534.0278969952    
  f(828)=f( 01 02 03 )=  1425.9045105100    
  f(839)=f( 01 00 05 )= -243845.51229662    
  f(840)=f( 00 60 00 )=  939.94149128865    
  f(841)=f( 00 51 00 )=  3602.2257464065    
  f(844)=f( 00 42 00 )=  3530.2991211172    
  f(849)=f( 00 40 02 )=  24874.739315192    
  f(850)=f( 00 33 00 )= -607.16143305930    
  f(855)=f( 00 31 02 )=  14395.645510453    
  f(860)=f( 00 24 00 )= -3430.3927554123    
  f(865)=f( 00 22 02 )= -64683.283604413    
  f(874)=f( 00 20 04 )= -152885.54393516    
  f(875)=f( 00 15 00 )= -2335.9566669410    
  f(880)=f( 00 13 02 )= -71022.326480368    
  f(889)=f( 00 11 04 )= -470139.26543399    
  f(896)=f( 00 06 00 )= -585.28010892614    
  f(901)=f( 00 04 02 )= -25364.887746681    
  f(910)=f( 00 02 04 )= -186232.95894758    
  f(923)=f( 00 00 06 )=  15814.754011967    
