 -8.79570297E-05  1.94607362E-04 -7.57127533E-05  2.20455979E-04  9.01199693E-03 -6.94750741E-03 0
 -5.99703733E-05  1.78260142E-04 -9.77115041E-05  1.65911759E-04 -5.15429827E-03  3.97353918E-03 0
 -5.89372080E-05  7.85267519E-05 -1.10116142E-04  2.65694722E-04  2.28133278E-03 -1.75871971E-03 0
  1.34952846E-04 -3.48071111E-04 -1.34819186E-04  3.19632044E-04 -3.65661985E-05  2.81898617E-05 0
 -4.54671803E-05  8.38305020E-05  9.12189943E-05 -2.06867205E-04  8.00937521E-03 -6.17456855E-03 0
  1.22546882E-04 -2.12425700E-04  1.35469255E-04 -3.05529863E-04  2.00501618E-03 -1.54570208E-03 0
  2.51781312E-05 -2.77345834E-05 -1.58574207E-05 -4.57513239E-07 -4.10848692E-03  3.16730498E-03 0
 -1.06229996E-04  3.05679280E-04  1.14431247E-04 -1.97759101E-04  1.20938450E-02 -9.32335849E-03 0
 -7.32611402E-05  1.33277517E-04  4.76133896E-05 -7.84325340E-05 -6.26759636E-04  4.83179914E-04 0
  9.91996665E-05 -1.74774586E-04 -1.00968535E-04  2.39057018E-04  5.99196666E-03 -4.61931250E-03 0
 -1.19208091E-04  2.92502461E-04 -6.70662949E-05  1.05052302E-04 -1.23257818E-02  9.50216211E-03 0
 -5.32305076E-05  6.81279351E-05  9.53289000E-05 -1.41666584E-04  8.18223035E-04 -6.30782625E-04 0
  6.36738622E-05 -2.02467184E-04 -1.01471343E-04  2.47778059E-04 -8.39793530E-03  6.47411648E-03 0
 -3.08156342E-05  1.08794181E-04  8.20878856E-05 -1.87943354E-04  7.07653184E-03 -5.45542318E-03 0
  9.59902295E-05 -2.79914493E-04 -1.27602287E-04  2.34791899E-04  1.15790755E-02 -8.92651302E-03 0
  2.42407288E-05  4.77197689E-07 -2.02573939E-05 -9.17813969E-06 -7.39871068E-03  5.70379643E-03 0
  3.57006554E-05 -1.13646313E-04 -1.14861350E-04  2.80844038E-04 -1.27007094E-02  9.79120079E-03 0
 -1.20266834E-04  3.01591895E-04 -7.61824768E-05  1.17416060E-04 -8.25999274E-03  6.36777364E-03 0
  3.24429188E-05  5.79973959E-07 -5.06506980E-05  1.48815652E-04  7.98331173E-03 -6.15447567E-03 0
  1.06382026E-04 -2.25553308E-04 -8.71383828E-05  2.27644197E-04  8.26311195E-03 -6.37017837E-03 0
  9.96399328E-05 -2.78016391E-04 -5.74142235E-05  6.07998469E-05  4.07372911E-04 -3.14050688E-04 0
  6.90491933E-05 -1.22316509E-04  6.68704533E-05 -1.97306380E-04  1.39905333E-03 -1.07855474E-03 0
  4.11264182E-05 -1.57452371E-04  3.06251274E-05 -8.22471329E-05 -1.13285915E-02  8.73341094E-03 0
 -1.13549892E-04  2.32921983E-04 -4.79710061E-05  1.40786985E-04 -2.25727293E-03  1.74017124E-03 0
 -9.37953736E-05  1.94727718E-04 -7.69696237E-05  9.82506212E-05 -8.78661725E-03  6.77375786E-03 0
  1.10887578E-04 -1.91800659E-04 -5.67845592E-07  4.97587899E-05  9.31827236E-03 -7.18362015E-03 0
 -1.71807229E-05  8.99133686E-05  3.54854246E-05 -1.47404725E-04  1.07489049E-02 -8.28652029E-03 0
 -8.39476533E-05  1.37279264E-04 -1.36269275E-04  3.36529730E-04  1.93209090E-03 -1.48948305E-03 0
  9.06014161E-05 -2.43407155E-04  2.74551366E-05 -2.63684396E-05 -9.93816490E-03  7.66150665E-03 0
  8.90334059E-05 -2.17336064E-04 -5.01841918E-05  9.03021906E-05 -2.66381145E-03  2.05357939E-03 0
  8.10363791E-05 -1.31299011E-04 -4.64144095E-05  1.53840827E-04 -1.19632116E-02  9.22265074E-03 0
  1.18233126E-04 -2.51517953E-04  4.97480304E-05 -3.86113136E-05 -1.80310304E-03  1.39004415E-03 0
 -5.22255325E-05  1.79806777E-04 -1.16947135E-04  2.93669280E-04  2.67305957E-03 -2.06070889E-03 0
 -1.04398808E-04  2.69726001E-04  8.58444338E-05 -1.48509651E-04  7.10114803E-03 -5.47440039E-03 0
 -7.35042332E-06 -2.69479874E-05 -1.36429029E-05  9.39917043E-05 -9.74958283E-03  7.51612520E-03 0
 -8.23934845E-05  1.20182051E-04  7.73735794E-05 -1.27578691E-04  3.81004328E-03 -2.93722961E-03 0
  4.10839538E-05 -4.61371288E-05 -7.10182946E-05  1.15862902E-04 -1.08481008E-02  8.36299208E-03 0
 -7.64177834E-05  2.20942106E-04 -7.15962526E-05  1.26946925E-04 -2.14368071E-03  1.65260102E-03 0
  1.75957720E-05 -7.80028683E-05  1.18279418E-04 -2.99056277E-04  7.71791243E-03 -5.94987460E-03 0
 -7.69085018E-05  1.06492353E-04  8.05742579E-05 -1.49092439E-04  7.06927651E-03 -5.44982993E-03 0
 -1.05601444E-04  2.51833424E-04  1.00176173E-04 -2.75598768E-04  8.24010655E-03 -6.35244356E-03 0
 -4.92433824E-05  1.61337714E-04  5.82559225E-05 -7.16093598E-05 -4.67150000E-03  3.60134151E-03 0
 -1.72911365E-05 -5.99602335E-06 -2.04276270E-05  7.31263417E-05  4.69267530E-03 -3.61766607E-03 0
  1.34748107E-04 -3.26631705E-04 -8.58396732E-05  2.10299627E-04  9.84893459E-03 -7.59271689E-03 0
  1.04754149E-04 -1.93039067E-04  4.88286745E-05 -1.56437408E-04 -1.14075733E-03  8.79430118E-04 0
  3.48045216E-06  8.63504980E-06  7.77381426E-05 -9.83853400E-05  1.17885612E-02 -9.08800953E-03 0
  7.92271267E-05 -1.88893938E-04  9.42913068E-05 -1.48101319E-04  2.66471992E-03 -2.05427936E-03 0
 -6.13736115E-06  6.74752230E-05  1.36700266E-04 -2.33837339E-04 -1.54092449E-03  1.18792578E-03 0
  6.54292646E-05 -1.44763734E-04 -5.99649279E-05  9.15037297E-05 -6.77720556E-03  5.22466731E-03 0
  4.01775321E-06  2.77110261E-05 -1.36442347E-04  2.45283007E-04  7.89480309E-04 -6.08624304E-04 0
 -1.06551449E-04  1.94863601E-04  7.94816655E-06 -3.60338446E-05  1.80405638E-03 -1.39077904E-03 0
  1.27656505E-04 -2.34592085E-04  4.66674607E-06  5.61610139E-05  7.26829776E-03 -5.60325857E-03 0
 -1.69059544E-05  8.09023672E-06  1.08490192E-04 -2.37841771E-04 -1.17089484E-02  9.02663463E-03 0
 -8.65938323E-06 -1.88358650E-05  3.61827165E-05 -3.68918298E-05 -4.69833266E-05  3.62202892E-05 0
 -1.30745353E-04  3.13222648E-04  7.39208748E-05 -2.12443870E-04 -3.34832724E-03  2.58128416E-03 0
  4.95526472E-05 -1.50644704E-04 -2.52662294E-05  4.98045733E-06  1.19935246E-02 -9.24601932E-03 0
  1.18269162E-05 -5.31187916E-05 -2.04180045E-05  6.10839950E-05 -7.32665441E-03  5.64824702E-03 0
  8.06313960E-06  1.47726821E-06  6.58153810E-05 -1.13905706E-04  8.56223689E-03 -6.60077928E-03 0
  1.11988600E-04 -1.76295007E-04  3.59683104E-05 -1.87046005E-05 -7.08743420E-03  5.46382808E-03 0
 -8.40539876E-05  1.97651361E-04 -1.34340805E-05  7.96411334E-05  7.54297552E-03 -5.81501292E-03 0
  4.18024780E-05 -9.90678842E-05  5.86108843E-05 -6.03046954E-05  8.69951190E-03 -6.70660690E-03 0
 -4.78954768E-05  4.31480251E-05 -5.12121583E-05  1.05841870E-04  1.55406427E-03 -1.19805557E-03 0
 -9.04758980E-05  1.92816159E-04 -9.44508264E-05  2.23532341E-04  7.16093165E-03 -5.52048857E-03 0
  1.22758751E-05 -1.94692383E-05  3.01570021E-05 -3.86133819E-06 -5.91944632E-03  4.56340548E-03 0
