 reading SIF input for MAD monitor
 reading SIF input for MAD monitor
 reading SIF input for MAD monitor
 reading SIF input for MAD monitor
 reading SIF input for MAD monitor
 reading SIF input for MAD monitor
 reading SIF input for MAD monitor
 reading SIF input for MAD monitor
 reading SIF input for MAD monitor
 reading SIF input for MAD monitor
 reading SIF input for MAD monitor
 reading SIF input for MAD monitor
 reading SIF input for MAD monitor
 reading SIF input for MAD monitor
 reading SIF input for MAD monitor
 reading SIF input for MAD monitor
 reading SIF input for MAD monitor
 reading SIF input for MAD monitor
 reading SIF input for MAD monitor
 reading SIF input for MAD monitor
 reading SIF input for MAD monitor
 reading SIF input for MAD monitor
 sssquad has been used
 eps=   5.0000000000000003E-002
     
 number of squaring np=           8
 norm of the linear part of the map generators   1.5448035539999998     
 scale   3.9062500000000000E-003
     
 sssquad has been used
 eps=   5.0000000000000003E-002
     
 number of squaring np=           9
 norm of the linear part of the map generators   2.9861781117000001     
 scale   1.9531250000000000E-003
     
 sssquad has been used
 eps=   5.0000000000000003E-002
     
 number of squaring np=           9
 norm of the linear part of the map generators   2.6355192674999999     
 scale   1.9531250000000000E-003
     
 sbend, user input l=  0.80929638579999996      code computed rho=  0.77282112150394056     
 sbend, B=  0.64962999570822433     
 sssquad has been used
 eps=   5.0000000000000003E-002
     
 number of squaring np=           9
 norm of the linear part of the map generators   2.7435356906999999     
 scale   1.9531250000000000E-003
     
 sssquad has been used
 eps=   5.0000000000000003E-002
     
 number of squaring np=           9
 norm of the linear part of the map generators   2.5174675931999997     
 scale   1.9531250000000000E-003
     
 sssquad has been used
 eps=   5.0000000000000003E-002
     
 number of squaring np=           9
 norm of the linear part of the map generators   2.2766215269000001     
 scale   1.9531250000000000E-003
     
 sssquad has been used
 eps=   5.0000000000000003E-002
     
 number of squaring np=           8
 norm of the linear part of the map generators   1.4276710434000000     
 scale   3.9062500000000000E-003
     
 sssquad has been used
 eps=   5.0000000000000003E-002
     
 number of squaring np=           8
 norm of the linear part of the map generators   1.2484047470999999     
 scale   3.9062500000000000E-003
     
 sssquad has been used
 eps=   5.0000000000000003E-002
     
 number of squaring np=           8
 norm of the linear part of the map generators   1.1566226868000000     
 scale   3.9062500000000000E-003
     
 sssquad has been used
 eps=   5.0000000000000003E-002
     
 number of squaring np=           7
 norm of the linear part of the map generators  0.79794319499999999     
 scale   7.8125000000000000E-003
     
 sssquad has been used
 eps=   5.0000000000000003E-002
     
 number of squaring np=           7
 norm of the linear part of the map generators  0.94149641459999989     
 scale   7.8125000000000000E-003
     
 sssquad has been used
 eps=   5.0000000000000003E-002
     
 number of squaring np=           8
 norm of the linear part of the map generators   1.2603832542000000     
 scale   3.9062500000000000E-003
     
 sssquad has been used
 eps=   5.0000000000000003E-002
     
 number of squaring np=           8
 norm of the linear part of the map generators   1.4251318011000000     
 scale   3.9062500000000000E-003
     
 sssquad has been used
 eps=   5.0000000000000003E-002
     
 number of squaring np=           8
 norm of the linear part of the map generators   1.2603832542000000     
 scale   3.9062500000000000E-003
     
 sssquad has been used
 eps=   5.0000000000000003E-002
     
 number of squaring np=           7
 norm of the linear part of the map generators  0.94149641459999989     
 scale   7.8125000000000000E-003
     
 sssquad has been used
 eps=   5.0000000000000003E-002
     
 number of squaring np=           7
 norm of the linear part of the map generators  0.79794319499999999     
 scale   7.8125000000000000E-003
     
 sssquad has been used
 eps=   5.0000000000000003E-002
     
 number of squaring np=           8
 norm of the linear part of the map generators   1.1566226868000000     
 scale   3.9062500000000000E-003
     
 sssquad has been used
 eps=   5.0000000000000003E-002
     
 number of squaring np=           8
 norm of the linear part of the map generators   1.2484047470999999     
 scale   3.9062500000000000E-003
     
 sssquad has been used
 eps=   5.0000000000000003E-002
     
 number of squaring np=           8
 norm of the linear part of the map generators   1.4276710434000000     
 scale   3.9062500000000000E-003
     
 sssquad has been used
 eps=   5.0000000000000003E-002
     
 number of squaring np=           9
 norm of the linear part of the map generators   2.2766215269000001     
 scale   1.9531250000000000E-003
     
 sssquad has been used
 eps=   5.0000000000000003E-002
     
 number of squaring np=           9
 norm of the linear part of the map generators   2.5174675931999997     
 scale   1.9531250000000000E-003
     
 sssquad has been used
 eps=   5.0000000000000003E-002
     
 number of squaring np=           9
 norm of the linear part of the map generators   2.7435356906999999     
 scale   1.9531250000000000E-003
     
 sssquad has been used
 eps=   5.0000000000000003E-002
     
 number of squaring np=           9
 norm of the linear part of the map generators   2.6355192674999999     
 scale   1.9531250000000000E-003
     
 sssquad has been used
 eps=   5.0000000000000003E-002
     
 number of squaring np=           9
 norm of the linear part of the map generators   2.9861781117000001     
 scale   1.9531250000000000E-003
     
 sssquad has been used
 eps=   5.0000000000000003E-002
     
 number of squaring np=           8
 norm of the linear part of the map generators   1.5448035539999998     
 scale   3.9062500000000000E-003
     
 sssquad has been used
 eps=   5.0000000000000003E-002
     
 number of squaring np=           8
 norm of the linear part of the map generators   1.7317883079000000     
 scale   3.9062500000000000E-003
     
 sssquad has been used
 eps=   5.0000000000000003E-002
     
 number of squaring np=           9
 norm of the linear part of the map generators   3.4096733327999997     
 scale   1.9531250000000000E-003
     
 sssquad has been used
 eps=   5.0000000000000003E-002
     
 number of squaring np=           9
 norm of the linear part of the map generators   2.2811376020999998     
 scale   1.9531250000000000E-003
     
 sssquad has been used
 eps=   5.0000000000000003E-002
     
 number of squaring np=           9
 norm of the linear part of the map generators   4.1520511955999995     
 scale   1.9531250000000000E-003
     
 sssquad has been used
 eps=   5.0000000000000003E-002
     
 number of squaring np=           9
 norm of the linear part of the map generators   2.8727726201999997     
 scale   1.9531250000000000E-003
     
 sssquad has been used
 eps=   5.0000000000000003E-002
     
 number of squaring np=           9
 norm of the linear part of the map generators   2.7823923896999996     
 scale   1.9531250000000000E-003
     
 sssquad has been used
 eps=   5.0000000000000003E-002
     
 number of squaring np=           8
 norm of the linear part of the map generators   1.8531221099999999     
 scale   3.9062500000000000E-003
     
 sssquad has been used
 eps=   5.0000000000000003E-002
     
 number of squaring np=           8
 norm of the linear part of the map generators   1.8531221099999999     
 scale   3.9062500000000000E-003
     
 sssquad has been used
 eps=   5.0000000000000003E-002
     
 number of squaring np=           9
 norm of the linear part of the map generators   2.7823923896999996     
 scale   1.9531250000000000E-003
     
 sssquad has been used
 eps=   5.0000000000000003E-002
     
 number of squaring np=           9
 norm of the linear part of the map generators   2.8727726201999997     
 scale   1.9531250000000000E-003
     
 sssquad has been used
 eps=   5.0000000000000003E-002
     
 number of squaring np=           9
 norm of the linear part of the map generators   4.1520511955999995     
 scale   1.9531250000000000E-003
     
 sssquad has been used
 eps=   5.0000000000000003E-002
     
 number of squaring np=           9
 norm of the linear part of the map generators   2.2811376020999998     
 scale   1.9531250000000000E-003
     
 sssquad has been used
 eps=   5.0000000000000003E-002
     
 number of squaring np=           9
 norm of the linear part of the map generators   3.4096733327999997     
 scale   1.9531250000000000E-003
     
 sssquad has been used
 eps=   5.0000000000000003E-002
     
 number of squaring np=           8
 norm of the linear part of the map generators   1.7317883079000000     
 scale   3.9062500000000000E-003
     

 matrix for map is :

  9.99968E-01  6.96210E-05  0.00000E+00  0.00000E+00  0.00000E+00 -1.14795E-06
 -1.45445E+00  9.99930E-01  0.00000E+00  0.00000E+00  0.00000E+00 -2.58777E-07
  0.00000E+00  0.00000E+00  9.99995E-01  3.98474E-07  0.00000E+00  0.00000E+00
  0.00000E+00  0.00000E+00 -1.45444E+00  1.00000E+00  0.00000E+00  0.00000E+00
  1.92840E-06 -1.14785E-06  0.00000E+00  0.00000E+00  1.00000E+00 -1.29716E+00
  0.00000E+00  0.00000E+00  0.00000E+00  0.00000E+00  0.00000E+00  1.00000E+00

 nonzero matrix elements in full precision:
1  1   0.99996848658384    
1  2   6.96210082837337E-05
1  6  -1.14794918745886E-06
2  1   -1.4544453588239    
2  2   0.99993025126576    
2  6  -2.58777078359210E-07
3  3   0.99999537300250    
3  4   3.98474363699775E-07
4  3   -1.4544384163340    
4  4    1.0000040474598    
5  1   1.92839829291080E-06
5  2  -1.14785110610915E-06
5  5    1.0000000000000    
5  6   -1.2971554615639    
6  6    1.0000000000000    


 nonzero elements in generating polynomial are :

  f( 28)=f( 30 00 00 )= -1.8422654069864    
  f( 29)=f( 21 00 00 )= -18.024377460549    
  f( 33)=f( 20 00 01 )= -13.051976837435    
  f( 34)=f( 12 00 00 )= -28.406833730035    
  f( 38)=f( 11 00 01 )= -8.6440268773948    
  f( 39)=f( 10 20 00 )=  38.546337272775    
  f( 40)=f( 10 11 00 )=  100.56280859275    
  f( 43)=f( 10 02 00 )=  74.766167341126    
  f( 48)=f( 10 00 02 )= -10.779893394441    
  f( 49)=f( 03 00 00 )= -17.021081856797    
  f( 53)=f( 02 00 01 )= -25.309047284456    
  f( 54)=f( 01 20 00 )=  29.380628325354    
  f( 55)=f( 01 11 00 )=  82.707178168527    
  f( 58)=f( 01 02 00 )=  61.785285607046    
  f( 63)=f( 01 00 02 )=  11.822018123243    
  f( 67)=f( 00 20 01 )= -2.3952816831280    
  f( 70)=f( 00 11 01 )= 0.81471814061105    
  f( 76)=f( 00 02 01 )=  6.6430271859856    
  f( 83)=f( 00 00 03 )= -9.1219902775258    
  f( 84)=f( 40 00 00 )= -1087.2814935491    
  f( 85)=f( 31 00 00 )= -2903.4845496453    
  f( 89)=f( 30 00 01 )= -239.64733769502    
  f( 90)=f( 22 00 00 )= -4431.0907335497    
  f( 94)=f( 21 00 01 )= -944.00503295190    
  f( 95)=f( 20 20 00 )= -3630.0142912688    
  f( 96)=f( 20 11 00 )= -7157.2366278635    
  f( 99)=f( 20 02 00 )= -4518.4186871799    
  f(104)=f( 20 00 02 )= -671.56116633050    
  f(105)=f( 13 00 00 )= -4253.0873323734    
  f(109)=f( 12 00 01 )= -2004.6791707403    
  f(110)=f( 11 20 00 )= -7068.0916147967    
  f(111)=f( 11 11 00 )= -16744.046062261    
  f(114)=f( 11 02 00 )= -10895.181398091    
  f(119)=f( 11 00 02 )= -1648.3757942767    
  f(123)=f( 10 20 01 )=  870.23093169209    
  f(126)=f( 10 11 01 )=  2117.6590173329    
  f(132)=f( 10 02 01 )=  830.74046727224    
  f(139)=f( 10 00 03 )=  606.48149527870    
  f(140)=f( 04 00 00 )= -2073.1610589957    
  f(144)=f( 03 00 01 )= -1224.2870200241    
  f(145)=f( 02 20 00 )= -4007.6678573991    
  f(146)=f( 02 11 00 )= -9896.7809955388    
  f(149)=f( 02 02 00 )= -6756.6133341399    
  f(154)=f( 02 00 02 )= -1373.8917280124    
  f(158)=f( 01 20 01 )=  648.51926087843    
  f(161)=f( 01 11 01 )=  1494.7922840052    
  f(167)=f( 01 02 01 )=  446.70093910032    
  f(174)=f( 01 00 03 )=  775.35627797658    
  f(175)=f( 00 40 00 )=  293.19060610265    
  f(176)=f( 00 31 00 )=  1040.6480062049    
  f(179)=f( 00 22 00 )= -97.004842837220    
  f(184)=f( 00 20 02 )= -782.35641960618    
  f(185)=f( 00 13 00 )= -2417.9079380949    
  f(190)=f( 00 11 02 )= -1653.5866296964    
  f(195)=f( 00 04 00 )= -1730.6542677185    
  f(200)=f( 00 02 02 )= -1210.9116753378    
  f(209)=f( 00 00 04 )= -168.38760502654    
  f(210)=f( 50 00 00 )=  63689.598002086    
  f(211)=f( 41 00 00 )=  285647.53876530    
  f(215)=f( 40 00 01 )= -43765.953101868    
  f(216)=f( 32 00 00 )=  490579.87054364    
  f(220)=f( 31 00 01 )= -105023.37250380    
  f(221)=f( 30 20 00 )=  8280.9631841294    
  f(222)=f( 30 11 00 )=  45500.236692128    
  f(225)=f( 30 02 00 )=  113751.35152526    
  f(230)=f( 30 00 02 )= -6577.6086470548    
  f(231)=f( 23 00 00 )=  378785.22731086    
  f(235)=f( 22 00 01 )= -181406.89268621    
  f(236)=f( 21 20 00 )=  195875.61289579    
  f(237)=f( 21 11 00 )=  558551.31144316    
  f(240)=f( 21 02 00 )=  585298.81785646    
  f(245)=f( 21 00 02 )= -61920.863340214    
  f(249)=f( 20 20 01 )= -104506.82584846    
  f(252)=f( 20 11 01 )= -218340.29743753    
  f(258)=f( 20 02 01 )= -88618.220304751    
  f(265)=f( 20 00 03 )= -56652.385639219    
  f(266)=f( 14 00 00 )=  100241.77224566    
  f(270)=f( 13 00 01 )= -101375.01930982    
  f(271)=f( 12 20 00 )=  335555.81828793    
  f(272)=f( 12 11 00 )=  951143.39491154    
  f(275)=f( 12 02 00 )=  868836.25832736    
  f(280)=f( 12 00 02 )= -117377.10226101    
  f(284)=f( 11 20 01 )=  6170.0484783013    
  f(287)=f( 11 11 01 )=  60593.608594088    
  f(293)=f( 11 02 01 )=  146519.05095998    
  f(300)=f( 11 00 03 )= -96489.390964468    
  f(301)=f( 10 40 00 )=  8112.9632083625    
  f(302)=f( 10 31 00 )=  214031.30082923    
  f(305)=f( 10 22 00 )=  711941.53960607    
  f(310)=f( 10 20 02 )= -58675.027596355    
  f(311)=f( 10 13 00 )=  835733.68674174    
  f(316)=f( 10 11 02 )= -127130.98819635    
  f(321)=f( 10 04 00 )=  338388.96976046    
  f(326)=f( 10 02 02 )= -56893.584239488    
  f(335)=f( 10 00 04 )=  13395.422609363    
  f(336)=f( 05 00 00 )= -12817.474295415    
  f(340)=f( 04 00 01 )=  32946.665625606    
  f(341)=f( 03 20 00 )=  165803.29126171    
  f(342)=f( 03 11 00 )=  540691.63674571    
  f(345)=f( 03 02 00 )=  483967.52989430    
  f(350)=f( 03 00 02 )= -50092.652190235    
  f(354)=f( 02 20 01 )=  80803.927570781    
  f(357)=f( 02 11 01 )=  255447.32630510    
  f(363)=f( 02 02 01 )=  231678.69207785    
  f(370)=f( 02 00 03 )= -25786.648960449    
  f(371)=f( 01 40 00 )=  40391.921334659    
  f(372)=f( 01 31 00 )=  323437.56399791    
  f(375)=f( 01 22 00 )=  857525.41358314    
  f(380)=f( 01 20 02 )= -44086.896749549    
  f(381)=f( 01 13 00 )=  968333.70989484    
  f(386)=f( 01 11 02 )= -90249.511011134    
  f(391)=f( 01 04 00 )=  409898.25455168    
  f(396)=f( 01 02 02 )= -4300.2721701255    
  f(405)=f( 01 00 04 )= -21588.195014733    
  f(409)=f( 00 40 01 )= -25160.354651169    
  f(412)=f( 00 31 01 )= -165995.53148227    
  f(418)=f( 00 22 01 )= -372479.27513117    
  f(425)=f( 00 20 03 )= -17818.590686276    
  f(428)=f( 00 13 01 )= -344437.60828601    
  f(435)=f( 00 11 03 )= -39371.204774027    
  f(443)=f( 00 04 01 )= -109122.78724284    
  f(450)=f( 00 02 03 )= -24526.324010377    
  f(461)=f( 00 00 05 )=  3643.3991825310    
  f(462)=f( 60 00 00 )= -5010446.4063775    
  f(463)=f( 51 00 00 )= -28647675.916090    
  f(467)=f( 50 00 01 )=  3736135.5784890    
  f(468)=f( 42 00 00 )= -70428909.159149    
  f(472)=f( 41 00 01 )=  8550714.2570638    
  f(473)=f( 40 20 00 )= -1744549.7165326    
  f(474)=f( 40 11 00 )= -11728088.354881    
  f(477)=f( 40 02 00 )= -15089088.706577    
  f(482)=f( 40 00 02 )= -236696.92115509    
  f(483)=f( 33 00 00 )= -90850061.350547    
  f(487)=f( 32 00 01 )=  5240599.0587385    
  f(488)=f( 31 20 00 )= -183859.88819632    
  f(489)=f( 31 11 00 )= -28012425.791438    
  f(492)=f( 31 02 00 )= -45991768.193313    
  f(497)=f( 31 00 02 )= -2236100.7322257    
  f(501)=f( 30 20 01 )=  1184508.0815505    
  f(504)=f( 30 11 01 )= -107708.98365542    
  f(510)=f( 30 02 01 )= -229935.23334160    
  f(517)=f( 30 00 03 )=  252115.20911040    
  f(518)=f( 24 00 00 )= -63474031.927664    
  f(522)=f( 23 00 01 )=  2754094.4160915    
  f(523)=f( 22 20 00 )=  6561530.2448650    
  f(524)=f( 22 11 00 )= -24682902.890826    
  f(527)=f( 22 02 00 )= -58290605.348886    
  f(532)=f( 22 00 02 )= -6091960.2664974    
  f(536)=f( 21 20 01 )=  5620107.1554782    
  f(539)=f( 21 11 01 )=  8011929.9533884    
  f(545)=f( 21 02 01 )=  142687.36827324    
  f(552)=f( 21 00 03 )=  897391.95681552    
  f(553)=f( 20 40 00 )= -12681190.734678    
  f(554)=f( 20 31 00 )= -58080891.646971    
  f(557)=f( 20 22 00 )= -101122507.05769    
  f(562)=f( 20 20 02 )=  2498171.8255668    
  f(563)=f( 20 13 00 )= -79059630.281490    
  f(568)=f( 20 11 02 )=  5540997.2002504    
  f(573)=f( 20 04 00 )= -24226159.408217    
  f(578)=f( 20 02 02 )=  4789264.4006045    
  f(587)=f( 20 00 04 )= -1092006.9369894    
  f(588)=f( 15 00 00 )= -22332890.027606    
  f(592)=f( 14 00 01 )=  7520679.5919425    
  f(593)=f( 13 20 00 )=  5464933.1099445    
  f(594)=f( 13 11 00 )= -9650282.2305273    
  f(597)=f( 13 02 00 )= -31867534.069833    
  f(602)=f( 13 00 02 )= -4377578.1842680    
  f(606)=f( 12 20 01 )= -9538362.7746035    
  f(609)=f( 12 11 01 )= -23949029.472284    
  f(615)=f( 12 02 01 )= -23701129.317256    
  f(622)=f( 12 00 03 )=  5186077.5063050    
  f(623)=f( 11 40 00 )= -21955812.633163    
  f(624)=f( 11 31 00 )= -100226845.51267    
  f(627)=f( 11 22 00 )= -179815856.63665    
  f(632)=f( 11 20 02 )=  16193140.000746    
  f(633)=f( 11 13 00 )= -150838851.16369    
  f(638)=f( 11 11 02 )=  34548909.955682    
  f(643)=f( 11 04 00 )= -50970912.327113    
  f(648)=f( 11 02 02 )=  19933110.327543    
  f(657)=f( 11 00 04 )= -787116.27398646    
  f(661)=f( 10 40 01 )=  1674017.4241295    
  f(664)=f( 10 31 01 )=  8222829.0929658    
  f(670)=f( 10 22 01 )=  13749974.202815    
  f(677)=f( 10 20 03 )= -2710311.2786930    
  f(680)=f( 10 13 01 )=  8567708.5074640    
  f(687)=f( 10 11 03 )= -5946142.5013375    
  f(695)=f( 10 04 01 )=  1015319.3664919    
  f(702)=f( 10 02 03 )= -1619313.7287183    
  f(713)=f( 10 00 05 )= -651434.21023756    
  f(714)=f( 06 00 00 )= -2871997.9030591    
  f(718)=f( 05 00 01 )=  4921334.2630398    
  f(719)=f( 04 20 00 )= -77799.551315781    
  f(720)=f( 04 11 00 )= -2021821.0355179    
  f(723)=f( 04 02 00 )= -5367392.2172213    
  f(728)=f( 04 00 02 )= -3308390.2702127    
  f(732)=f( 03 20 01 )= -13720100.125769    
  f(735)=f( 03 11 01 )= -33181608.978604    
  f(741)=f( 03 02 01 )= -26384761.387645    
  f(748)=f( 03 00 03 )=  5500386.6195762    
  f(749)=f( 02 40 00 )= -11241834.071017    
  f(750)=f( 02 31 00 )= -55536165.375348    
  f(753)=f( 02 22 00 )= -109858707.88540    
  f(758)=f( 02 20 02 )=  9390144.6025689    
  f(759)=f( 02 13 00 )= -101929340.36148    
  f(764)=f( 02 11 02 )=  18771809.025956    
  f(769)=f( 02 04 00 )= -37457249.876579    
  f(774)=f( 02 02 02 )=  9332602.9593107    
  f(783)=f( 02 00 04 )= -992196.67402118    
  f(787)=f( 01 40 01 )=  3387387.3260971    
  f(790)=f( 01 31 01 )=  11209326.161782    
  f(796)=f( 01 22 01 )=  10796414.934964    
  f(803)=f( 01 20 03 )= -1442373.3366643    
  f(806)=f( 01 13 01 )= -421295.05388579    
  f(813)=f( 01 11 03 )= -2580516.2918501    
  f(821)=f( 01 04 01 )= -3810318.7152107    
  f(828)=f( 01 02 03 )= -998060.19137537    
  f(839)=f( 01 00 05 )= -241468.80239649    
  f(840)=f( 00 60 00 )= -419921.30094048    
  f(841)=f( 00 51 00 )= -761666.52981916    
  f(844)=f( 00 42 00 )=  3208518.3612086    
  f(849)=f( 00 40 02 )= -2065096.0487949    
  f(850)=f( 00 33 00 )=  11462300.704370    
  f(855)=f( 00 31 02 )= -7714070.6690392    
  f(860)=f( 00 24 00 )=  12951454.280533    
  f(865)=f( 00 22 02 )= -10401801.511869    
  f(874)=f( 00 20 04 )=  599361.22627782    
  f(875)=f( 00 15 00 )=  5555926.7347933    
  f(880)=f( 00 13 02 )= -6351116.8509339    
  f(889)=f( 00 11 04 )=  1653720.2795915    
  f(896)=f( 00 06 00 )=  514617.15624941    
  f(901)=f( 00 04 02 )= -1874239.3162538    
  f(910)=f( 00 02 04 )=  1239806.7603849    
  f(923)=f( 00 00 06 )= -139193.10571917    
