 nconst=          14
    n    constr      conval
           1 pi                                                             3.1415926535897931     
           2 twopi                                                          6.2831853071795862     
           3 clight                                                         299792458.00000000     
           4 brho                                                          0.50204778184582999     
           5 gamma                                                          294.54271438661192     
           6 charge                                                        -1.0000000000000000     
           7 mass                                                           510998.90999999997     
           8 beta                                                          0.99999423665409004     
           9 energy                                                         150511006.00000000     
          10 ekinetic                                                       150000007.09000000     
          11 pc                                                             150510138.55300915     
          12 p0sc                                                          0.50204778184583010     
          13 freqscl                                                        47713451.592369422     
          14 omegascl                                                       299792458.00000000     
  
 na=          12
 listing of n,nt1(n),nt2(n) for n=1,...,na
   1    7   47 beam             beam                 1     1         10    1
   2    7   48 units            units               11     2          5    2
   3    7   78 globaldefaults   setdefaults         16     4          5    0
   4    7    4 tmi              readmap             21     4          4    0
   5    7    8 stm              savemap             25     4          1    0
   6    7    9 gtm              getmap              26     4          2    0
   7    1   35 nlinsert         nlinsert            28     4         19    0
   8    7   11 ptm              mapout              47     4          5    0
   9    7   12 iden             clear               52     4          0    0
  10    7   55 raytrace         raytrace            52     4         12    5
  11    7   54 particledump     particledump        64     9          8    5
  12    7   56 autotrack        autotrack           72    14          0    4
