 reading SIF input for MAD monitor
 reading SIF input for MAD monitor
 reading SIF input for MAD monitor
 reading SIF input for MAD monitor
 reading SIF input for MAD monitor
 reading SIF input for MAD monitor
 reading SIF input for MAD monitor
 reading SIF input for MAD monitor
 reading SIF input for MAD monitor
 reading SIF input for MAD monitor
 reading SIF input for MAD monitor
 reading SIF input for MAD monitor
 reading SIF input for MAD monitor
 reading SIF input for MAD monitor
 reading SIF input for MAD monitor
 reading SIF input for MAD monitor
 reading SIF input for MAD monitor
 reading SIF input for MAD monitor
 reading SIF input for MAD monitor
 reading SIF input for MAD monitor
 reading SIF input for MAD monitor
 reading SIF input for MAD monitor
 sbend, user input l=  0.80929638579999996      code computed rho=  0.77282112150394056     
 sbend, B=  0.64962999570822433     

 matrix for map is :

  9.99968E-01  6.96210E-05  0.00000E+00  0.00000E+00  0.00000E+00 -1.14795E-06
 -1.45445E+00  9.99930E-01  0.00000E+00  0.00000E+00  0.00000E+00 -2.58777E-07
  0.00000E+00  0.00000E+00  9.99995E-01  3.98474E-07  0.00000E+00  0.00000E+00
  0.00000E+00  0.00000E+00 -1.45444E+00  1.00000E+00  0.00000E+00  0.00000E+00
  1.92840E-06 -1.14785E-06  0.00000E+00  0.00000E+00  1.00000E+00 -1.29716E+00
  0.00000E+00  0.00000E+00  0.00000E+00  0.00000E+00  0.00000E+00  1.00000E+00

 nonzero matrix elements in full precision:
1  1   0.99996848658384    
1  2   6.96210082837337E-05
1  6  -1.14794918745886E-06
2  1   -1.4544453588239    
2  2   0.99993025126576    
2  6  -2.58777078359210E-07
3  3   0.99999537300250    
3  4   3.98474363699775E-07
4  3   -1.4544384163340    
4  4    1.0000040474598    
5  1   1.92839829291080E-06
5  2  -1.14785110610915E-06
5  5    1.0000000000000    
5  6   -1.2971554615639    
6  6    1.0000000000000    


 nonzero elements in generating polynomial are :

  f( 28)=f( 30 00 00 )= -7.9127708609252    
  f( 29)=f( 21 00 00 )= -14.360485812526    
  f( 33)=f( 20 00 01 )= -24.112349807427    
  f( 34)=f( 12 00 00 )= -2.5225157013194    
  f( 38)=f( 11 00 01 )= -30.645031892365    
  f( 39)=f( 10 20 00 )=  7.7417057884008    
  f( 40)=f( 10 11 00 )=  18.038338876759    
  f( 43)=f( 10 02 00 )=  5.6521001273933    
  f( 48)=f( 10 00 02 )=  8.8681213048314    
  f( 49)=f( 03 00 00 )=  1.3857158047104    
  f( 53)=f( 02 00 01 )= -22.346845009493    
  f( 54)=f( 01 20 00 )=  6.6736336089409    
  f( 55)=f( 01 11 00 )=  8.1123806504474    
  f( 58)=f( 01 02 00 )= -3.9064813479580    
  f( 63)=f( 01 00 02 )=  1.8383771272210    
  f( 67)=f( 00 20 01 )= -6.8217126574695    
  f( 70)=f( 00 11 01 )= -7.7714288148918    
  f( 76)=f( 00 02 01 )= 0.46132975843270    
  f( 83)=f( 00 00 03 )= 0.14687005452078    
  f( 84)=f( 40 00 00 )= -965.90321814339    
  f( 85)=f( 31 00 00 )= -3092.2874823117    
  f( 89)=f( 30 00 01 )=  262.02533227020    
  f( 90)=f( 22 00 00 )= -5575.9821384051    
  f( 94)=f( 21 00 01 )=  130.33518984726    
  f( 95)=f( 20 20 00 )= -1537.0631801500    
  f( 96)=f( 20 11 00 )= -271.26889586687    
  f( 99)=f( 20 02 00 )=  1032.1723149304    
  f(104)=f( 20 00 02 )= -1090.8193387251    
  f(105)=f( 13 00 00 )= -4954.5313211113    
  f(109)=f( 12 00 01 )= -1635.2850284121    
  f(110)=f( 11 20 00 )= -1483.0916336079    
  f(111)=f( 11 11 00 )=  1096.9730576238    
  f(114)=f( 11 02 00 )=  2567.4091493809    
  f(119)=f( 11 00 02 )= -2871.9965731824    
  f(123)=f( 10 20 01 )=  11.911288769640    
  f(126)=f( 10 11 01 )= -1774.4242624840    
  f(132)=f( 10 02 01 )= -1854.4648747572    
  f(139)=f( 10 00 03 )=  735.59264294785    
  f(140)=f( 04 00 00 )= -1764.5402271689    
  f(144)=f( 03 00 01 )= -1462.1196119044    
  f(145)=f( 02 20 00 )= -301.62991241773    
  f(146)=f( 02 11 00 )=  1740.1555131901    
  f(149)=f( 02 02 00 )=  1854.5371591469    
  f(154)=f( 02 00 02 )= -1946.3655386964    
  f(158)=f( 01 20 01 )=  779.91426630198    
  f(161)=f( 01 11 01 )= -874.54224646711    
  f(167)=f( 01 02 01 )= -1170.1726922671    
  f(174)=f( 01 00 03 )=  842.13237181367    
  f(175)=f( 00 40 00 )= -162.18317857582    
  f(176)=f( 00 31 00 )=  293.45909124995    
  f(179)=f( 00 22 00 )=  1595.1643401564    
  f(184)=f( 00 20 02 )= -605.52212175246    
  f(185)=f( 00 13 00 )=  1943.4960464219    
  f(190)=f( 00 11 02 )= -1012.5315927821    
  f(195)=f( 00 04 00 )=  849.69262164166    
  f(200)=f( 00 02 02 )= -412.84276854355    
  f(209)=f( 00 00 04 )= -249.09418726551    
  f(210)=f( 50 00 00 )= -5188.8178724162    
  f(211)=f( 41 00 00 )= -163453.32468104    
  f(215)=f( 40 00 01 )= -75078.649834629    
  f(216)=f( 32 00 00 )= -554099.37902019    
  f(220)=f( 31 00 01 )= -404216.30798755    
  f(221)=f( 30 20 00 )= -114789.21234708    
  f(222)=f( 30 11 00 )= -218001.09298961    
  f(225)=f( 30 02 00 )= -90801.960914048    
  f(230)=f( 30 00 02 )= -56699.257221577    
  f(231)=f( 23 00 00 )= -758160.26799352    
  f(235)=f( 22 00 01 )= -683675.22509750    
  f(236)=f( 21 20 00 )= -221646.10123205    
  f(237)=f( 21 11 00 )= -342668.65603525    
  f(240)=f( 21 02 00 )= -148256.47966019    
  f(245)=f( 21 00 02 )= -333715.97833256    
  f(249)=f( 20 20 01 )=  144241.13076762    
  f(252)=f( 20 11 01 )=  222697.46444660    
  f(258)=f( 20 02 01 )=  79250.564050486    
  f(265)=f( 20 00 03 )= -54413.822721071    
  f(266)=f( 14 00 00 )= -497633.02859544    
  f(270)=f( 13 00 01 )= -384100.69918692    
  f(271)=f( 12 20 00 )= -209685.92127681    
  f(272)=f( 12 11 00 )= -183314.43738460    
  f(275)=f( 12 02 00 )= -30844.053212365    
  f(280)=f( 12 00 02 )= -441143.10032296    
  f(284)=f( 11 20 01 )=  382620.75286412    
  f(287)=f( 11 11 01 )=  458577.65021650    
  f(293)=f( 11 02 01 )=  63637.080242276    
  f(300)=f( 11 00 03 )= -59095.171231033    
  f(301)=f( 10 40 00 )= -73813.077441966    
  f(302)=f( 10 31 00 )= -282596.73299616    
  f(305)=f( 10 22 00 )= -511399.48176766    
  f(310)=f( 10 20 02 )=  46312.875352608    
  f(311)=f( 10 13 00 )= -526691.19274895    
  f(316)=f( 10 11 02 )=  76787.911907391    
  f(321)=f( 10 04 00 )= -219771.26659759    
  f(326)=f( 10 02 02 )=  84942.144855059    
  f(335)=f( 10 00 04 )=  10850.818797238    
  f(336)=f( 05 00 00 )= -134929.10878073    
  f(340)=f( 04 00 01 )= -39686.833110639    
  f(341)=f( 03 20 00 )= -67240.940600009    
  f(342)=f( 03 11 00 )=  10117.397814257    
  f(345)=f( 03 02 00 )=  37852.075677915    
  f(350)=f( 03 00 02 )= -133368.01183392    
  f(354)=f( 02 20 01 )=  212632.62728410    
  f(357)=f( 02 11 01 )=  194277.94093501    
  f(363)=f( 02 02 01 )= -10254.508398819    
  f(370)=f( 02 00 03 )=  26453.647950717    
  f(371)=f( 01 40 00 )= -59600.871382827    
  f(372)=f( 01 31 00 )= -307770.91011402    
  f(375)=f( 01 22 00 )= -658206.52506961    
  f(380)=f( 01 20 02 )=  69563.920017436    
  f(381)=f( 01 13 00 )= -670392.40933481    
  f(386)=f( 01 11 02 )=  233982.63207355    
  f(391)=f( 01 04 00 )= -254584.35973623    
  f(396)=f( 01 02 02 )=  223507.83641469    
  f(405)=f( 01 00 04 )= -17067.139375939    
  f(409)=f( 00 40 01 )= -9403.2123012772    
  f(412)=f( 00 31 01 )= -18360.246409557    
  f(418)=f( 00 22 01 )= -4780.6571402689    
  f(425)=f( 00 20 03 )= -11544.419197920    
  f(428)=f( 00 13 01 )=  19690.688247144    
  f(435)=f( 00 11 03 )= -38645.572784055    
  f(443)=f( 00 04 01 )=  18918.714757280    
  f(450)=f( 00 02 03 )= -41123.928792664    
  f(461)=f( 00 00 05 )=  1067.1991205693    
  f(462)=f( 60 00 00 )= -4168613.9035007    
  f(463)=f( 51 00 00 )= -27198793.313141    
  f(467)=f( 50 00 01 )= -7073069.8783344    
  f(468)=f( 42 00 00 )= -73540989.125254    
  f(472)=f( 41 00 01 )= -34181452.137210    
  f(473)=f( 40 20 00 )=  5424598.3712342    
  f(474)=f( 40 11 00 )=  11604875.578442    
  f(477)=f( 40 02 00 )=  3199424.9368374    
  f(482)=f( 40 00 02 )= -10327693.057404    
  f(483)=f( 33 00 00 )= -108467052.61792    
  f(487)=f( 32 00 01 )= -47273394.127333    
  f(488)=f( 31 20 00 )=  13521538.694020    
  f(489)=f( 31 11 00 )=  46376527.634819    
  f(492)=f( 31 02 00 )=  24365923.248348    
  f(497)=f( 31 00 02 )= -32195172.077608    
  f(501)=f( 30 20 01 )=  7580155.0102178    
  f(504)=f( 30 11 01 )=  15357038.234334    
  f(510)=f( 30 02 01 )=  7154822.2354456    
  f(517)=f( 30 00 03 )= -6186001.4545816    
  f(518)=f( 24 00 00 )= -95685130.735507    
  f(522)=f( 23 00 01 )= -15814399.487428    
  f(523)=f( 22 20 00 )=  4657013.3100159    
  f(524)=f( 22 11 00 )=  61353042.052088    
  f(527)=f( 22 02 00 )=  44813277.278189    
  f(532)=f( 22 00 02 )= -24225539.362109    
  f(536)=f( 21 20 01 )=  24976932.411470    
  f(539)=f( 21 11 01 )=  60309268.774216    
  f(545)=f( 21 02 01 )=  35767365.098474    
  f(552)=f( 21 00 03 )= -15376445.483978    
  f(553)=f( 20 40 00 )= -577785.49183485    
  f(554)=f( 20 31 00 )=  5842377.2747583    
  f(557)=f( 20 22 00 )=  30977044.947159    
  f(562)=f( 20 20 02 )=  6614647.6748785    
  f(563)=f( 20 13 00 )=  40811243.056298    
  f(568)=f( 20 11 02 )=  1957066.4189199    
  f(573)=f( 20 04 00 )=  16177868.054938    
  f(578)=f( 20 02 02 )= -5683759.6061370    
  f(587)=f( 20 00 04 )=  48270.580516583    
  f(588)=f( 15 00 00 )= -47667689.507093    
  f(592)=f( 14 00 01 )=  11009746.998481    
  f(593)=f( 13 20 00 )= -3563533.5969821    
  f(594)=f( 13 11 00 )=  42378588.000572    
  f(597)=f( 13 02 00 )=  35547049.642703    
  f(602)=f( 13 00 02 )= -1193746.7287347    
  f(606)=f( 12 20 01 )=  25069838.535975    
  f(609)=f( 12 11 01 )=  61876004.807591    
  f(615)=f( 12 02 01 )=  39880854.145310    
  f(622)=f( 12 00 03 )= -4250450.9604041    
  f(623)=f( 11 40 00 )=  7370844.8523139    
  f(624)=f( 11 31 00 )=  38547347.845533    
  f(627)=f( 11 22 00 )=  88049365.488301    
  f(632)=f( 11 20 02 )=  3598972.0533973    
  f(633)=f( 11 13 00 )=  87659675.750569    
  f(638)=f( 11 11 02 )= -10441882.159803    
  f(643)=f( 11 04 00 )=  32056557.850481    
  f(648)=f( 11 02 02 )= -12704861.380880    
  f(657)=f( 11 00 04 )=  2877562.3106148    
  f(661)=f( 10 40 01 )= -1029620.8066248    
  f(664)=f( 10 31 01 )= -3893077.2454191    
  f(670)=f( 10 22 01 )= -7392763.3119718    
  f(677)=f( 10 20 03 )=  2189429.7137757    
  f(680)=f( 10 13 01 )= -6163597.1953665    
  f(687)=f( 10 11 03 )=  10260513.815620    
  f(695)=f( 10 04 01 )= -983494.28738789    
  f(702)=f( 10 02 03 )=  9546560.1098691    
  f(713)=f( 10 00 05 )= -678317.16584052    
  f(714)=f( 06 00 00 )= -10302860.169946    
  f(718)=f( 05 00 01 )=  7541361.9294064    
  f(719)=f( 04 20 00 )= -1631644.5064293    
  f(720)=f( 04 11 00 )=  12871132.456555    
  f(723)=f( 04 02 00 )=  10338380.892893    
  f(728)=f( 04 00 02 )=  75678.216072770    
  f(732)=f( 03 20 01 )=  9958768.8364663    
  f(735)=f( 03 11 01 )=  18319607.520432    
  f(741)=f( 03 02 01 )=  10726923.439581    
  f(748)=f( 03 00 03 )=  3236106.5466451    
  f(749)=f( 02 40 00 )=  4474816.2349485    
  f(750)=f( 02 31 00 )=  20395942.541447    
  f(753)=f( 02 22 00 )=  42443376.931637    
  f(758)=f( 02 20 02 )= -5211575.5746511    
  f(759)=f( 02 13 00 )=  39128200.955364    
  f(764)=f( 02 11 02 )= -12231316.372355    
  f(769)=f( 02 04 00 )=  13393058.960488    
  f(774)=f( 02 02 02 )= -4682907.8176244    
  f(783)=f( 02 00 04 )=  1169656.5921095    
  f(787)=f( 01 40 01 )=  40101.065676010    
  f(790)=f( 01 31 01 )=  1889974.5982914    
  f(796)=f( 01 22 01 )=  6692785.0637959    
  f(803)=f( 01 20 03 )=  808280.60181313    
  f(806)=f( 01 13 01 )=  12345625.812261    
  f(813)=f( 01 11 03 )=  5525525.8937554    
  f(821)=f( 01 04 01 )=  8298127.5108025    
  f(828)=f( 01 02 03 )=  4116897.6323018    
  f(839)=f( 01 00 05 )= -265783.76484652    
  f(840)=f( 00 60 00 )= -192011.67574908    
  f(841)=f( 00 51 00 )=  660129.99770579    
  f(844)=f( 00 42 00 )=  6116612.3139360    
  f(849)=f( 00 40 02 )= -1035289.2602108    
  f(850)=f( 00 33 00 )=  14298910.744014    
  f(855)=f( 00 31 02 )= -6567569.0806173    
  f(860)=f( 00 24 00 )=  16388509.816088    
  f(865)=f( 00 22 02 )= -14211070.810497    
  f(874)=f( 00 20 04 )=  209675.44388174    
  f(875)=f( 00 15 00 )=  10055193.628747    
  f(880)=f( 00 13 02 )= -13446316.148590    
  f(889)=f( 00 11 04 )=  82158.757835257    
  f(896)=f( 00 06 00 )=  2664813.3275191    
  f(901)=f( 00 04 02 )= -5158291.9024120    
  f(910)=f( 00 02 04 )= -106679.87516120    
  f(923)=f( 00 00 06 )= -61436.474651232    
