 reading SIF input for MAD monitor
 reading SIF input for MAD monitor
 reading SIF input for MAD monitor
 reading SIF input for MAD monitor
 reading SIF input for MAD monitor
 reading SIF input for MAD monitor
 reading SIF input for MAD monitor
 reading SIF input for MAD monitor
 reading SIF input for MAD monitor
 reading SIF input for MAD monitor
 reading SIF input for MAD monitor
 reading SIF input for MAD monitor
 reading SIF input for MAD monitor
 reading SIF input for MAD monitor
 reading SIF input for MAD monitor
 reading SIF input for MAD monitor
 reading SIF input for MAD monitor
 reading SIF input for MAD monitor
 reading SIF input for MAD monitor
 reading SIF input for MAD monitor
 reading SIF input for MAD monitor
 reading SIF input for MAD monitor
 sssquad has been used
 eps=   5.0000000000000003E-002
     
 number of squaring np=          13
 norm of the linear part of the map generators   39.354994395373694     
 scale   1.2207031250000000E-004
     
 sssquad has been used
 eps=   5.0000000000000003E-002
     
 number of squaring np=          13
 norm of the linear part of the map generators   39.354994395373694     
 scale   1.2207031250000000E-004
     
 ssssext has been used
 eps=   1.0000000000000000E-004
     
 number of squaring np=          21
 norm of the linear part of the map generators   18.740473521606525     
 scale   4.7683715820312500E-007
     
 sssquad has been used
 eps=   5.0000000000000003E-002
     
 number of squaring np=          13
 norm of the linear part of the map generators   39.354994395373694     
 scale   1.2207031250000000E-004
     
 sssquad has been used
 eps=   5.0000000000000003E-002
     
 number of squaring np=          13
 norm of the linear part of the map generators   39.354994395373694     
 scale   1.2207031250000000E-004
     
 sbend, user input l=  0.43051914291883336      code computed rho=  0.82223099629195040     
 sbend, B=  0.27805066275116896     
 sssquad has been used
 eps=   5.0000000000000003E-002
     
 number of squaring np=          13
 norm of the linear part of the map generators   39.354994395373694     
 scale   1.2207031250000000E-004
     
 sssquad has been used
 eps=   5.0000000000000003E-002
     
 number of squaring np=          13
 norm of the linear part of the map generators   39.354994395373694     
 scale   1.2207031250000000E-004
     
 sssquad has been used
 eps=   5.0000000000000003E-002
     
 number of squaring np=          13
 norm of the linear part of the map generators   39.354994395373694     
 scale   1.2207031250000000E-004
     
 sssquad has been used
 eps=   5.0000000000000003E-002
     
 number of squaring np=          13
 norm of the linear part of the map generators   39.354994395373694     
 scale   1.2207031250000000E-004
     
 sssquad has been used
 eps=   5.0000000000000003E-002
     
 number of squaring np=          13
 norm of the linear part of the map generators   39.354994395373694     
 scale   1.2207031250000000E-004
     
 sssquad has been used
 eps=   5.0000000000000003E-002
     
 number of squaring np=          13
 norm of the linear part of the map generators   39.354994395373694     
 scale   1.2207031250000000E-004
     
 sssquad has been used
 eps=   5.0000000000000003E-002
     
 number of squaring np=          13
 norm of the linear part of the map generators   39.354994395373694     
 scale   1.2207031250000000E-004
     
 ssssext has been used
 eps=   1.0000000000000000E-004
     
 number of squaring np=          21
 norm of the linear part of the map generators   18.740473521606525     
 scale   4.7683715820312500E-007
     
 sssquad has been used
 eps=   5.0000000000000003E-002
     
 number of squaring np=          13
 norm of the linear part of the map generators   39.354994395373694     
 scale   1.2207031250000000E-004
     
 ssssext has been used
 eps=   1.0000000000000000E-004
     
 number of squaring np=          21
 norm of the linear part of the map generators   18.740473521606525     
 scale   4.7683715820312500E-007
     
 sssquad has been used
 eps=   5.0000000000000003E-002
     
 number of squaring np=          13
 norm of the linear part of the map generators   39.354994395373694     
 scale   1.2207031250000000E-004
     
 sssquad has been used
 eps=   5.0000000000000003E-002
     
 number of squaring np=          13
 norm of the linear part of the map generators   39.354994395373694     
 scale   1.2207031250000000E-004
     
 ssssext has been used
 eps=   1.0000000000000000E-004
     
 number of squaring np=          21
 norm of the linear part of the map generators   18.740473521606525     
 scale   4.7683715820312500E-007
     
 sssquad has been used
 eps=   5.0000000000000003E-002
     
 number of squaring np=          13
 norm of the linear part of the map generators   39.354994395373694     
 scale   1.2207031250000000E-004
     
 sssquad has been used
 eps=   5.0000000000000003E-002
     
 number of squaring np=          13
 norm of the linear part of the map generators   39.354994395373694     
 scale   1.2207031250000000E-004
     
 sssquad has been used
 eps=   5.0000000000000003E-002
     
 number of squaring np=          13
 norm of the linear part of the map generators   39.354994395373694     
 scale   1.2207031250000000E-004
     
 sssquad has been used
 eps=   5.0000000000000003E-002
     
 number of squaring np=          13
 norm of the linear part of the map generators   39.354994395373694     
 scale   1.2207031250000000E-004
     
 sssquad has been used
 eps=   5.0000000000000003E-002
     
 number of squaring np=          13
 norm of the linear part of the map generators   39.354994395373694     
 scale   1.2207031250000000E-004
     
 ssssext has been used
 eps=   1.0000000000000000E-004
     
 number of squaring np=          21
 norm of the linear part of the map generators   18.740473521606525     
 scale   4.7683715820312500E-007
     
 ssssext has been used
 eps=   1.0000000000000000E-004
     
 number of squaring np=          21
 norm of the linear part of the map generators   18.740473521606525     
 scale   4.7683715820312500E-007
     
 sssquad has been used
 eps=   5.0000000000000003E-002
     
 number of squaring np=          13
 norm of the linear part of the map generators   39.354994395373694     
 scale   1.2207031250000000E-004
     
 ssssext has been used
 eps=   1.0000000000000000E-004
     
 number of squaring np=          21
 norm of the linear part of the map generators   18.740473521606525     
 scale   4.7683715820312500E-007
     
 ssssext has been used
 eps=   1.0000000000000000E-004
     
 number of squaring np=          21
 norm of the linear part of the map generators   18.740473521606525     
 scale   4.7683715820312500E-007
     
 sssquad has been used
 eps=   5.0000000000000003E-002
     
 number of squaring np=          13
 norm of the linear part of the map generators   39.354994395373694     
 scale   1.2207031250000000E-004
     
 sssquad has been used
 eps=   5.0000000000000003E-002
     
 number of squaring np=          13
 norm of the linear part of the map generators   39.354994395373694     
 scale   1.2207031250000000E-004
     
 sssquad has been used
 eps=   5.0000000000000003E-002
     
 number of squaring np=          13
 norm of the linear part of the map generators   39.354994395373694     
 scale   1.2207031250000000E-004
     
 sssquad has been used
 eps=   5.0000000000000003E-002
     
 number of squaring np=          13
 norm of the linear part of the map generators   39.354994395373694     
 scale   1.2207031250000000E-004
     
 sssquad has been used
 eps=   5.0000000000000003E-002
     
 number of squaring np=          13
 norm of the linear part of the map generators   39.354994395373694     
 scale   1.2207031250000000E-004
     
 ssssext has been used
 eps=   1.0000000000000000E-004
     
 number of squaring np=          21
 norm of the linear part of the map generators   18.740473521606525     
 scale   4.7683715820312500E-007
     
 sssquad has been used
 eps=   5.0000000000000003E-002
     
 number of squaring np=          13
 norm of the linear part of the map generators   39.354994395373694     
 scale   1.2207031250000000E-004
     
 sssquad has been used
 eps=   5.0000000000000003E-002
     
 number of squaring np=          13
 norm of the linear part of the map generators   39.354994395373694     
 scale   1.2207031250000000E-004
     
 ssssext has been used
 eps=   1.0000000000000000E-004
     
 number of squaring np=          21
 norm of the linear part of the map generators   18.740473521606525     
 scale   4.7683715820312500E-007
     
 sssquad has been used
 eps=   5.0000000000000003E-002
     
 number of squaring np=          13
 norm of the linear part of the map generators   39.354994395373694     
 scale   1.2207031250000000E-004
     
 ssssext has been used
 eps=   1.0000000000000000E-004
     
 number of squaring np=          21
 norm of the linear part of the map generators   18.740473521606525     
 scale   4.7683715820312500E-007
     
 sssquad has been used
 eps=   5.0000000000000003E-002
     
 number of squaring np=          13
 norm of the linear part of the map generators   39.354994395373694     
 scale   1.2207031250000000E-004
     
 sssquad has been used
 eps=   5.0000000000000003E-002
     
 number of squaring np=          13
 norm of the linear part of the map generators   39.354994395373694     
 scale   1.2207031250000000E-004
     
 sssquad has been used
 eps=   5.0000000000000003E-002
     
 number of squaring np=          13
 norm of the linear part of the map generators   39.354994395373694     
 scale   1.2207031250000000E-004
     
 sssquad has been used
 eps=   5.0000000000000003E-002
     
 number of squaring np=          13
 norm of the linear part of the map generators   39.354994395373694     
 scale   1.2207031250000000E-004
     
 sssquad has been used
 eps=   5.0000000000000003E-002
     
 number of squaring np=          13
 norm of the linear part of the map generators   39.354994395373694     
 scale   1.2207031250000000E-004
     
 sssquad has been used
 eps=   5.0000000000000003E-002
     
 number of squaring np=          13
 norm of the linear part of the map generators   39.354994395373694     
 scale   1.2207031250000000E-004
     
 sssquad has been used
 eps=   5.0000000000000003E-002
     
 number of squaring np=          13
 norm of the linear part of the map generators   39.354994395373694     
 scale   1.2207031250000000E-004
     
 sssquad has been used
 eps=   5.0000000000000003E-002
     
 number of squaring np=          13
 norm of the linear part of the map generators   39.354994395373694     
 scale   1.2207031250000000E-004
     
 sssquad has been used
 eps=   5.0000000000000003E-002
     
 number of squaring np=          13
 norm of the linear part of the map generators   39.354994395373694     
 scale   1.2207031250000000E-004
     
 ssssext has been used
 eps=   1.0000000000000000E-004
     
 number of squaring np=          21
 norm of the linear part of the map generators   18.740473521606525     
 scale   4.7683715820312500E-007
     
 sssquad has been used
 eps=   5.0000000000000003E-002
     
 number of squaring np=          13
 norm of the linear part of the map generators   39.354994395373694     
 scale   1.2207031250000000E-004
     
 sssquad has been used
 eps=   5.0000000000000003E-002
     
 number of squaring np=          13
 norm of the linear part of the map generators   39.354994395373694     
 scale   1.2207031250000000E-004
     
 hello from gspur, detmin=   9.9999999999999998E-013
 leaving gspur
 hello from gspur, detmin=   9.9999999999999998E-013
 leaving gspur
 hello from gspur, detmin=   9.9999999999999998E-013
 leaving gspur
 hello from gspur, detmin=   9.9999999999999998E-013
 leaving gspur
 hello from gspur, detmin=   9.9999999999999998E-013
 leaving gspur
