 nconst=         183
    n    constr      conval
           1 pi                                                             3.1415926535897931     
           2 twopi                                                          6.2831853071795862     
           3 clight                                                         299792458.00000000     
           4 brho                                                          0.22862187345353074     
           5 gamma                                                          1.0026644725254104     
           6 charge                                                         1.0000000000000000     
           7 mass                                                           938272013.00000000     
           8 beta                                                           7.2854116032466346E-002
           9 energy                                                         940772013.00000000     
          10 ekinetic                                                       2500000.0000000000     
          11 pc                                                             68539113.395199850     
          12 p0sc                                                          0.22862187345353077     
          13 freqscl                                                        47713451.592399999     
          14 omegascl                                                       299792458.00019211     
          15 dipap                                                          2.9000000000000001E-002
          16 kq01                                                          -8.7801769899999993     
          17 kq02                                                           13.244517450000000     
          18 kq03                                                          -13.651513270000001     
          19 kq04                                                           19.751386520000001     
          20 kq05                                                          -10.841997270000000     
          21 kq06                                                           16.248443479999999     
          22 kq07                                                          -8.2741110399999993     
          23 kq08                                                          -7.4571924699999999     
          24 kq09                                                           14.033622429999999     
          25 kq10                                                          -12.235956410000000     
          26 kq11                                                          -13.188637679999999     
          27 kq12                                                           11.506018290000000     
          28 kq13                                                          -11.104458690000000     
          29 kq14                                                          -6.7817921800000001     
          30 kq15                                                           5.1902699800000001     
          31 kq16                                                          -5.8586172999999997     
          32 kq17                                                           4.6246003900000003     
          33 kq18                                                          -4.4960768699999996     
          34 kq19                                                           6.6673714600000000     
          35 kq20                                                          -6.6914817700000002     
          36 kqa1r                                                         -8.7801769899999993     
          37 kqa2r                                                          13.244517450000000     
          38 kqa3r                                                         -13.651513270000001     
          39 kqa4r                                                          19.751386520000001     
          40 kqb1r                                                         -10.841997270000000     
          41 kqb2r                                                          16.248443479999999     
          42 kqb3r                                                         -8.2741110399999993     
          43 kqb4r                                                         -7.4571924699999999     
          44 kqb5r                                                          14.033622429999999     
          45 kqb6r                                                         -12.235956410000000     
          46 kqc1r                                                         -13.188637679999999     
          47 kqc2r                                                          11.506018290000000     
          48 kqc3r                                                         -11.104458690000000     
          49 kqd1r                                                         -6.7817921800000001     
          50 kqd2r                                                          5.1902699800000001     
          51 kqd3r                                                         -5.8586172999999997     
          52 kqd4r                                                          4.6246003900000003     
          53 kqe1r                                                         -4.4960768699999996     
          54 kqe2r                                                          6.6673714600000000     
          55 kqe3                                                          -6.6914817700000002     
          56 kqa1l                                                         -8.7801769899999993     
          57 kqa2l                                                          13.244517450000000     
          58 kqa3l                                                         -13.651513270000001     
          59 kqa4l                                                          19.751386520000001     
          60 kqb1l                                                         -10.841997270000000     
          61 kqb2l                                                          16.248443479999999     
          62 kqb3l                                                         -8.2741110399999993     
          63 kqb4l                                                         -7.4571924699999999     
          64 kqb5l                                                          14.033622429999999     
          65 kqb6l                                                         -12.235956410000000     
          66 kqc1l                                                         -13.188637679999999     
          67 kqc2l                                                          11.506018290000000     
          68 kqc3l                                                         -11.104458690000000     
          69 kqd1l                                                         -6.7817921800000001     
          70 kqd2l                                                          5.1902699800000001     
          71 kqd3l                                                         -5.8586172999999997     
          72 kqd4l                                                          4.6246003900000003     
          73 kqe1l                                                         -4.4960768699999996     
          74 kqe2l                                                          6.6673714600000000     
          75 ksel                                                           0.0000000000000000     
          76 vrf                                                            1.0000000000000000E-003
          77 pc                                                             150.00000000000000     
          78 hr                                                             228621873.45353383     
          79 r0                                                             70.000000000000000     
          80 l030                                                           36.651914291883337     
          81 l060                                                           73.303828583766673     
          82 ledge30                                                        3.2000000000000002     
          83 l30                                                            43.051914291883335     
          84 r30                                                            82.223099629462183     
          85 h30                                                            2780506.6275026929     
          86 kgap                                                           1.0639344262295083     
          87 h60                                                            2958276.7233594228     
          88 r60                                                            77.282112132468299     
          89 l60                                                            80.929638576421667     
          90 ledge60                                                        3.8129049963274966     
          91 ndnkicks                                                       3.0000000000000000     
          92 cdnmid                                                         8.1054619519999992E-003
          93 kdnmidfull                                                     0.0000000000000000     
          94 kdnmidpart                                                     0.0000000000000000     
          95 ldnmag                                                         7.4999999999999997E-002
          96 ldngap                                                         2.5000000000000001E-002
          97 ldnunit                                                       0.10000000000000001     
          98 ldnpart                                                        1.2499999999999999E-002
          99 ldn                                                            1.8000000000000000     
         100 dpsidn                                                        0.29999999999999999     
         101 b0dn                                                          0.65388827520482495     
         102 b1dn                                                          0.68829782321660427     
         103 b2dn                                                          0.74947035301532305     
         104 b3dn                                                          0.84122914771340129     
         105 b4dn                                                          0.96357420731083887     
         106 b5dn                                                           1.1165055318076360     
         107 b6dn                                                           1.3000231212037925     
         108 b7dn                                                           1.5141269754993081     
         109 b8dn                                                           1.7588170946941835     
         110 b9dn                                                           2.0340934787884182     
         111 lnl                                                            1.8000000000000000     
         112 kdn01err                                                       0.0000000000000000     
         113 kdn02err                                                       0.0000000000000000     
         114 kdn03err                                                       0.0000000000000000     
         115 kdn04err                                                       0.0000000000000000     
         116 kdn05err                                                       0.0000000000000000     
         117 kdn06err                                                       0.0000000000000000     
         118 kdn07err                                                       0.0000000000000000     
         119 kdn08err                                                       0.0000000000000000     
         120 kdn09err                                                       0.0000000000000000     
         121 kdn10err                                                       0.0000000000000000     
         122 kdn11err                                                       0.0000000000000000     
         123 kdn12err                                                       0.0000000000000000     
         124 kdn13err                                                       0.0000000000000000     
         125 kdn14err                                                       0.0000000000000000     
         126 kdn15err                                                       0.0000000000000000     
         127 kdn16err                                                       0.0000000000000000     
         128 kdn17err                                                       0.0000000000000000     
         129 kdn18err                                                       0.0000000000000000     
         130 cdn01err                                                       0.0000000000000000     
         131 cdn02err                                                       0.0000000000000000     
         132 cdn03err                                                       0.0000000000000000     
         133 cdn04err                                                       0.0000000000000000     
         134 cdn05err                                                       0.0000000000000000     
         135 cdn06err                                                       0.0000000000000000     
         136 cdn07err                                                       0.0000000000000000     
         137 cdn08err                                                       0.0000000000000000     
         138 cdn09err                                                       0.0000000000000000     
         139 cdn10err                                                       0.0000000000000000     
         140 cdn11err                                                       0.0000000000000000     
         141 cdn12err                                                       0.0000000000000000     
         142 cdn13err                                                       0.0000000000000000     
         143 cdn14err                                                       0.0000000000000000     
         144 cdn15err                                                       0.0000000000000000     
         145 cdn16err                                                       0.0000000000000000     
         146 cdn17err                                                       0.0000000000000000     
         147 cdn18err                                                       0.0000000000000000     
         148 dn01rpart                                                      0.0000000000000000     
         149 dn02rpart                                                      0.0000000000000000     
         150 dn03rpart                                                      0.0000000000000000     
         151 dn04rpart                                                      0.0000000000000000     
         152 dn05rpart                                                      0.0000000000000000     
         153 dn06rpart                                                      0.0000000000000000     
         154 dn07rpart                                                      0.0000000000000000     
         155 dn08rpart                                                      0.0000000000000000     
         156 dn09rpart                                                      0.0000000000000000     
         157 dn10rpart                                                      0.0000000000000000     
         158 dn11rpart                                                      0.0000000000000000     
         159 dn12rpart                                                      0.0000000000000000     
         160 dn13rpart                                                      0.0000000000000000     
         161 dn14rpart                                                      0.0000000000000000     
         162 dn15rpart                                                      0.0000000000000000     
         163 dn16rpart                                                      0.0000000000000000     
         164 dn17rpart                                                      0.0000000000000000     
         165 dn18rpart                                                      0.0000000000000000     
         166 sk1                                                           -252.97820220000000     
         167 sk2                                                            404.57162030000001     
         168 sk3                                                            0.0000000000000000     
         169 sk4                                                            0.0000000000000000     
         170 sk5                                                            0.0000000000000000     
         171 sk6                                                            70.000000000000000     
         172 sk1r                                                          -252.97820220000000     
         173 sk1l                                                          -252.97820220000000     
         174 sk2r                                                           404.57162030000001     
         175 sk2l                                                           404.57162030000001     
         176 sk3r                                                           0.0000000000000000     
         177 sk3l                                                           0.0000000000000000     
         178 sk4r                                                           0.0000000000000000     
         179 sk4l                                                           0.0000000000000000     
         180 sk5r                                                           0.0000000000000000     
         181 sk5l                                                           0.0000000000000000     
         182 sk6r                                                           70.000000000000000     
         183 sk6l                                                           70.000000000000000     
  
 na=         190
 listing of n,nt1(n),nt2(n) for n=1,...,na
   1    7   47 beam             beam                 1     1         10    1
   2    7   48 units            units               11     2          5    2
   3    7   78 globaldefaults   setdefaults         16     4          5    0
   4    7   11 ptm              mapout              21     4          5    0
   5    7   10 end              fin                 26     4          0    1
   6    1   42 drift            odnh                26     5          3    1
   7    1   42 drift            odnpart             29     6          3    1
   8    1   41 marker           ior                 32     7          0    0
   9    1   41 marker           iol                 32     7          0    0
  10    1   41 marker           nlr1                32     7          0    0
  11    1   41 marker           nlr2                32     7          0    0
  12    1   41 marker           nll1                32     7          0    0
  13    1   41 marker           nll2                32     7          0    0
  14    1   42 drift            on                  32     7          3    1
  15    1   41 marker           mdn09r              35     8          0    0
  16    1   41 marker           mdn08r              35     8          0    0
  17    1   41 marker           mdn07r              35     8          0    0
  18    1   41 marker           mdn06r              35     8          0    0
  19    1   41 marker           mdn05r              35     8          0    0
  20    1   41 marker           mdn04r              35     8          0    0
  21    1   41 marker           mdn03r              35     8          0    0
  22    1   41 marker           mdn02r              35     8          0    0
  23    1   41 marker           mdn01r              35     8          0    0
  24    1   41 marker           mdn10r              35     8          0    0
  25    1   41 marker           mdn11r              35     8          0    0
  26    1   41 marker           mdn12r              35     8          0    0
  27    1   41 marker           mdn13r              35     8          0    0
  28    1   41 marker           mdn14r              35     8          0    0
  29    1   41 marker           mdn15r              35     8          0    0
  30    1   41 marker           mdn16r              35     8          0    0
  31    1   41 marker           mdn17r              35     8          0    0
  32    1   41 marker           mdn18r              35     8          0    0
  33    1   35 nlinsert         dnrline             35     8         19    0
  34    1   42 drift            obpm                54     8          3    1
  35    1   42 drift            obpmm               57     9          3    1
  36    1   42 drift            obpms               60    10          3    1
  37    1   58 monitor          ibpm                63    11          9    0
  38    1   58 monitor          ibpma1              72    11          9    0
  39    1   58 monitor          ibpma2r             81    11          9    0
  40    1   58 monitor          ibpma3r             90    11          9    0
  41    1   58 monitor          ibpma2l             99    11          9    0
  42    1   58 monitor          ibpma3l            108    11          9    0
  43    1   58 monitor          ibpmb1r            117    11          9    0
  44    1   58 monitor          ibpmb2r            126    11          9    0
  45    1   58 monitor          ibpmb1l            135    11          9    0
  46    1   58 monitor          ibpmb2l            144    11          9    0
  47    1   58 monitor          ibpmc1r            153    11          9    0
  48    1   58 monitor          ibpmc2r            162    11          9    0
  49    1   58 monitor          ibpmc1l            171    11          9    0
  50    1   58 monitor          ibpmc2l            180    11          9    0
  51    1   58 monitor          ibpmd1r            189    11          9    0
  52    1   58 monitor          ibpmd2r            198    11          9    0
  53    1   58 monitor          ibpmd1l            207    11          9    0
  54    1   58 monitor          ibpmd2l            216    11          9    0
  55    1   58 monitor          ibpme1r            225    11          9    0
  56    1   58 monitor          ibpme2r            234    11          9    0
  57    1   58 monitor          ibpme1l            243    11          9    0
  58    1   58 monitor          ibpme2l            252    11          9    0
  59    1   44 sbend            m1r                261    11         28    0
  60    1   44 sbend            m4r                289    11         28    0
  61    1   44 sbend            m1l                317    11         28    0
  62    1   44 sbend            m4l                345    11         28    0
  63    1   44 sbend            m2r                373    11         28    0
  64    1   44 sbend            m3r                401    11         28    0
  65    1   44 sbend            m2l                429    11         28    0
  66    1   44 sbend            m3l                457    11         28    0
  67    1   42 drift            obcoil30           485    11          3    1
  68    1   42 drift            obcoil60           488    12          3    1
  69    1   42 drift            bumpcoil           491    13          3    1
  70    1   52 vkicker          bumpl              494    14         11    0
  71    1   52 vkicker          bumpr              505    14         11    0
  72    1   46 quadrupole       qa1r               516    14         12    1
  73    1   46 quadrupole       qa2r               528    15         12    1
  74    1   46 quadrupole       qa3r               540    16         12    1
  75    1   46 quadrupole       qa4r               552    17         12    1
  76    1   46 quadrupole       qa1l               564    18         12    1
  77    1   46 quadrupole       qa2l               576    19         12    1
  78    1   46 quadrupole       qa3l               588    20         12    1
  79    1   46 quadrupole       qa4l               600    21         12    1
  80    1   46 quadrupole       qb1r               612    22         12    1
  81    1   46 quadrupole       qb2r               624    23         12    1
  82    1   46 quadrupole       qb3r               636    24         12    1
  83    1   46 quadrupole       qb4r               648    25         12    1
  84    1   46 quadrupole       qb5r               660    26         12    1
  85    1   46 quadrupole       qb6r               672    27         12    1
  86    1   46 quadrupole       qb1l               684    28         12    1
  87    1   46 quadrupole       qb2l               696    29         12    1
  88    1   46 quadrupole       qb3l               708    30         12    1
  89    1   46 quadrupole       qb4l               720    31         12    1
  90    1   46 quadrupole       qb5l               732    32         12    1
  91    1   46 quadrupole       qb6l               744    33         12    1
  92    1   46 quadrupole       qc1r               756    34         12    1
  93    1   46 quadrupole       qc2r               768    35         12    1
  94    1   46 quadrupole       qc3r               780    36         12    1
  95    1   46 quadrupole       qc1l               792    37         12    1
  96    1   46 quadrupole       qc2l               804    38         12    1
  97    1   46 quadrupole       qc3l               816    39         12    1
  98    1   46 quadrupole       qd1r               828    40         12    1
  99    1   46 quadrupole       qd2r               840    41         12    1
 100    1   46 quadrupole       qd3r               852    42         12    1
 101    1   46 quadrupole       qd4r               864    43         12    1
 102    1   46 quadrupole       qd1l               876    44         12    1
 103    1   46 quadrupole       qd2l               888    45         12    1
 104    1   46 quadrupole       qd3l               900    46         12    1
 105    1   46 quadrupole       qd4l               912    47         12    1
 106    1   46 quadrupole       qe1r               924    48         12    1
 107    1   46 quadrupole       qe2r               936    49         12    1
 108    1   46 quadrupole       qe3                948    50         12    1
 109    1   46 quadrupole       qe1l               960    51         12    1
 110    1   46 quadrupole       qe2l               972    52         12    1
 111    1   42 drift            oqcoil             984    53          3    1
 112    1   46 quadrupole       sqa1r              987    54         12    1
 113    1   46 quadrupole       sqa2r              999    55         12    1
 114    1   46 quadrupole       sqa1l             1011    56         12    1
 115    1   46 quadrupole       sqa2l             1023    57         12    1
 116    1   46 quadrupole       sqb1r             1035    58         12    1
 117    1   46 quadrupole       sqb2r             1047    59         12    1
 118    1   46 quadrupole       sqb1l             1059    60         12    1
 119    1   46 quadrupole       sqb2l             1071    61         12    1
 120    1   46 quadrupole       sqc1r             1083    62         12    1
 121    1   46 quadrupole       sqc2r             1095    63         12    1
 122    1   46 quadrupole       sqc1l             1107    64         12    1
 123    1   46 quadrupole       sqc2l             1119    65         12    1
 124    1   46 quadrupole       sqd1r             1131    66         12    1
 125    1   46 quadrupole       sqd2r             1143    67         12    1
 126    1   46 quadrupole       sqd1l             1155    68         12    1
 127    1   46 quadrupole       sqd2l             1167    69         12    1
 128    1   46 quadrupole       sqe1r             1179    70         12    1
 129    1   46 quadrupole       sqe2r             1191    71         12    1
 130    1   46 quadrupole       sqe1l             1203    72         12    1
 131    1   46 quadrupole       sqe2l             1215    73         12    1
 132    1   42 drift            osqcoil           1227    74          3    1
 133    1   53 kicker           testtrimxy        1230    75         12    0
 134    1   42 drift            cel               1242    75          3    1
 135    1   42 drift            ods               1245    76          3    1
 136    1   42 drift            rfc               1248    77          3    1
 137    1   42 drift            odrf              1251    78          3    1
 138    1   42 drift            oal               1254    79          3    1
 139    1   42 drift            oar               1257    80          3    1
 140    1   42 drift            oa1               1260    81          3    1
 141    1   42 drift            oa2               1263    82          3    1
 142    1   42 drift            oa2s              1266    83          3    1
 143    1   42 drift            oa3               1269    84          3    1
 144    1   42 drift            ob1               1272    85          3    1
 145    1   42 drift            ob2               1275    86          3    1
 146    1   42 drift            ob3               1278    87          3    1
 147    1   42 drift            ob4               1281    88          3    1
 148    1   42 drift            ob5               1284    89          3    1
 149    1   42 drift            ob6               1287    90          3    1
 150    1   42 drift            ob7               1290    91          3    1
 151    1   42 drift            ob8               1293    92          3    1
 152    1   42 drift            oc2               1296    93          3    1
 153    1   42 drift            oc1s              1299    94          3    1
 154    1   42 drift            oc2s              1302    95          3    1
 155    1   42 drift            obm               1305    96          3    1
 156    1   42 drift            obmp              1308    97          3    1
 157    1   42 drift            obmc              1311    98          3    1
 158    1   42 drift            obms              1314    99          3    1
 159    1   42 drift            obmpc             1317   100          3    1
 160    1   41 marker           el1               1320   101          0    0
 161    1   41 marker           el2               1320   101          0    0
 162    1   42 drift            od                1320   101          3    1
 163    1   42 drift            od1               1323   102          3    1
 164    1   42 drift            od1c              1326   103          3    1
 165    1   42 drift            od2               1329   104          3    1
 166    1   42 drift            od2c              1332   105          3    1
 167    1   42 drift            od2s              1335   106          3    1
 168    1   42 drift            oe1               1338   107          3    1
 169    1   42 drift            oe2               1341   108          3    1
 170    1   42 drift            oe3               1344   109          3    1
 171    1   42 drift            oe4               1347   110          3    1
 172    1   42 drift            oe5               1350   111          3    1
 173    1   42 drift            oe6               1353   112          3    1
 174    1   42 drift            oe7               1356   113          3    1
 175    1   47 sextupole        sa1r              1359   114          9    1
 176    1   47 sextupole        sa1l              1368   115          9    1
 177    1   47 sextupole        sc1r              1377   116          9    1
 178    1   47 sextupole        sc1l              1386   117          9    1
 179    1   47 sextupole        sc2r              1395   118          9    1
 180    1   47 sextupole        sc2l              1404   119          9    1
 181    1   47 sextupole        sd1r              1413   120          9    1
 182    1   47 sextupole        sd1l              1422   121          9    1
 183    1   47 sextupole        se1r              1431   122          9    1
 184    1   47 sextupole        se1l              1440   123          9    1
 185    1   47 sextupole        se2r              1449   124          9    1
 186    1   47 sextupole        se2l              1458   125          9    1
 187    1   42 drift            osxcoils          1467   126          3    1
 188    1   42 drift            osxcoil           1470   127          3    1
 189    1   42 drift            osxcoill          1473   128          3    1
 190    8   13 tasm             tasm              1476   129          6    0
