  3.53688253E-03 -2.39492018E-03  6.07058065E-06  1.79867187E-04  4.49849727E-03 -6.94750741E-03 0
 -2.45268010E-04  3.82233391E-04 -1.14779028E-04  1.72652477E-04 -5.04265913E-03  3.97353918E-03 0
 -1.55683262E-05  3.83643845E-05 -1.13542332E-04  2.67372007E-04  2.17470250E-03 -1.75871971E-03 0
  1.35893434E-04 -3.48377591E-04 -1.35708954E-04  3.19856935E-04 -3.68712981E-05  2.81898617E-05 0
  2.40170906E-03 -1.77424700E-03  6.06974514E-05 -1.94741453E-04  4.86292931E-03 -6.17456855E-03 0
  1.43867182E-04 -2.32707146E-04  1.37168810E-04 -3.07697050E-04  1.93420809E-03 -1.54570208E-03 0
 -1.10926517E-04  1.17161726E-04 -1.52148624E-05 -8.53694852E-07 -4.08625429E-03  3.16730498E-03 0
  7.09584030E-03 -2.80574839E-03 -2.07518257E-04  7.45801384E-05  1.84203811E-03 -9.32335849E-03 0
 -7.36300801E-05  1.33597850E-04  4.76296187E-05 -7.84495804E-05 -6.30643297E-04  4.83179914E-04 0
  9.85436920E-04 -9.02304497E-04 -9.95524712E-05  2.43726403E-04  4.69761396E-03 -4.61931250E-03 0
 -5.27146089E-03 -1.79420376E-04 -2.34612799E-03  4.81985133E-03  1.98258948E-02  9.50216211E-03 0
 -5.14159486E-05  6.63518215E-05  9.56305650E-05 -1.41791357E-04  8.08477162E-04 -6.30782625E-04 0
 -7.48541084E-04  4.46970919E-04 -2.50900808E-04  2.70752313E-04 -6.73156027E-03  6.47411648E-03 0
  1.64687545E-03 -1.21848493E-03  7.07616657E-05 -1.85706212E-04  4.82759202E-03 -5.45542318E-03 0
  6.53384499E-03 -3.93743234E-03  1.17089623E-04  4.89417924E-05  3.49263834E-03 -8.92651302E-03 0
 -4.44855555E-04  4.39293254E-04 -1.41648762E-05 -1.11903657E-05 -6.56146254E-03  5.70379643E-03 0
 -2.47295287E-01  3.68346437E-01 -2.04962201E-01  4.43832127E-01  7.46020735E-01  9.79120079E-03 0
 -6.09941245E-04  6.61023498E-04 -1.25766253E-04  1.28321173E-04 -6.81181961E-03  6.36777364E-03 0
  2.43194051E-03 -1.81761106E-03 -2.84968735E-05  1.43114096E-04  4.89569988E-03 -6.15447567E-03 0
  2.60738977E-03 -2.10041641E-03 -5.04765153E-05  2.17374391E-04  5.07374346E-03 -6.37017837E-03 0
  9.98590568E-05 -2.78182530E-04 -5.74226487E-05  6.09140682E-05  4.05365462E-04 -3.14050688E-04 0
  7.62380460E-05 -1.29264632E-04  6.76655816E-05 -1.98123778E-04  1.36815042E-03 -1.07855474E-03 0
 -8.56908129E-03  5.63134877E-03  2.27718221E-04 -1.13402609E-04  2.18229757E-03  8.73341094E-03 0
 -1.32960147E-04  2.53098825E-04 -4.98093763E-05  1.42039699E-04 -2.28347925E-03  1.74017124E-03 0
 -8.07714869E-04  6.48353300E-04 -1.31044441E-04  1.05605135E-04 -6.72382894E-03  6.77375786E-03 0
  3.80140011E-03 -2.78586510E-03  2.25030943E-05  4.23379291E-05  4.76165634E-03 -7.18362015E-03 0
  5.72946279E-03 -3.38933163E-03 -1.49955438E-04 -2.56773447E-05  3.55023924E-03 -8.28652029E-03 0
 -5.68485275E-05  1.11521579E-04 -1.40441188E-04  3.38286458E-04  1.85933215E-03 -1.48948305E-03 0
 -2.10110035E-03  9.71501877E-04  5.45355303E-05 -2.18523983E-05 -5.21159794E-03  7.66150665E-03 0
  3.02399556E-05 -1.57319532E-04 -5.36707578E-05  9.09848612E-05 -2.67719813E-03  2.05357939E-03 0
 -1.16574138E-02  7.28348534E-03 -2.17975949E-03  3.64533985E-03  1.34883851E-02  9.22265074E-03 0
  9.57238598E-05 -2.29060301E-04  5.03710059E-05 -3.85292781E-05 -1.81661355E-03  1.39004415E-03 0
  3.17072858E-05  1.02909784E-04 -1.22732935E-04  2.96196782E-04  2.50215124E-03 -2.06070889E-03 0
  1.67600490E-03 -1.13853284E-03  7.49291723E-05 -1.41693991E-04  4.72950507E-03 -5.47440039E-03 0
 -1.63247318E-03  8.25940716E-04 -1.17955366E-04  1.00241478E-04 -5.74689866E-03  7.51612520E-03 0
  1.44589381E-04 -7.97845655E-05  7.94215856E-05 -1.28129296E-04  3.40689906E-03 -2.93722961E-03 0
 -4.83420019E-03  2.73514736E-03 -2.55131347E-04  7.00671183E-05 -1.83229059E-03  8.36299208E-03 0
 -9.15542897E-05  2.36715983E-04 -7.26586087E-05  1.27647350E-04 -2.16973518E-03  1.65260102E-03 0
  2.08994512E-03 -1.67623622E-03  8.82829746E-05 -2.93709809E-04  5.01099936E-03 -5.94987460E-03 0
  1.56254370E-03 -1.19382364E-03  7.17464563E-05 -1.45215739E-04  4.86260018E-03 -5.44982993E-03 0
  2.70456024E-03 -1.85336393E-03  4.35651423E-05 -2.52628545E-04  4.66884763E-03 -6.35244356E-03 0
 -1.99568125E-04  3.25321812E-04  6.32191751E-05 -7.34999402E-05 -4.61578465E-03  3.60134151E-03 0
  3.99118854E-04 -3.62792455E-04 -2.21876705E-05  7.51194578E-05  4.01336529E-03 -3.61766607E-03 0
  4.33913222E-03 -3.19818320E-03  1.31979929E-05  1.56137970E-04  4.72635269E-03 -7.59271689E-03 0
  9.90310160E-05 -1.87152501E-04  5.02137297E-05 -1.56612398E-04 -1.14951474E-03  8.79430118E-04 0
  6.85281532E-03 -3.52492757E-03  6.96555932E-06 -3.11687695E-05  2.75155057E-03 -9.08800953E-03 0
  1.35870192E-04 -2.40198809E-04  9.50463048E-05 -1.48992026E-04  2.52187595E-03 -2.05427936E-03 0
 -1.28709668E-05  7.48039596E-05  1.38062861E-04 -2.34335010E-04 -1.55769719E-03  1.18792578E-03 0
 -3.84324671E-04  3.12481645E-04 -8.50599703E-05  9.74031909E-05 -6.22843088E-03  5.22466731E-03 0
  5.51076804E-06  2.60143794E-05 -1.36997161E-04  2.45643273E-04  7.80436771E-04 -6.08624304E-04 0
 -8.10166856E-05  1.71427443E-04  8.37742666E-06 -3.61675977E-05  1.74000319E-03 -1.39077904E-03 0
  1.77703198E-03 -1.52403025E-03  6.64238058E-06  6.10687687E-05  5.05808980E-03 -5.60325857E-03 0
 -1.22509618E-02  8.83525679E-03  1.18866022E-03 -1.24775929E-03  6.81472648E-03  9.02663463E-03 0
 -8.66039780E-06 -1.88344485E-05  3.61834842E-05 -3.68902029E-05 -4.70082242E-05  3.62202892E-05 0
 -1.83052589E-04  3.70206937E-04  8.07592559E-05 -2.16742059E-04 -3.37221882E-03  2.58128416E-03 0
  7.01377904E-03 -3.73642487E-03 -7.43761619E-05  3.42514381E-05  2.86037460E-03 -9.24601932E-03 0
 -4.91038388E-04  4.33036562E-04 -4.28115906E-05  6.67130688E-05 -6.52543529E-03  5.64824702E-03 0
  2.97496696E-03 -2.18148473E-03  4.09371649E-05 -9.89693997E-05  4.82169987E-03 -6.60077928E-03 0
 -3.73793303E-04  2.95184511E-04  3.94005122E-05 -1.88413659E-05 -6.39750326E-03  5.46382808E-03 0
  2.01443740E-03 -1.42962669E-03 -5.80687817E-06  8.07433157E-05  4.79747013E-03 -5.81501292E-03 0
  3.07339508E-03 -2.31635802E-03  4.69402973E-05 -4.81915639E-05  4.89348678E-03 -6.70660690E-03 0
 -3.52573050E-05  3.13818118E-05 -5.18270831E-05  1.06127306E-04  1.51259272E-03 -1.19805557E-03 0
  1.68171874E-03 -1.20744184E-03 -7.99994018E-05  2.20393630E-04  4.79831626E-03 -5.52048857E-03 0
 -2.97451899E-04  3.11010278E-04  2.86596129E-05 -3.00716845E-06 -5.64987482E-03  4.56340548E-03 0
