 nconst=          14
    n    constr      conval
           1 pi                                                             3.1415926535897931     
           2 twopi                                                          6.2831853071795862     
           3 clight                                                         299792458.00000000     
           4 brho                                                          0.50204778184582999     
           5 gamma                                                          294.54271438661192     
           6 charge                                                        -1.0000000000000000     
           7 mass                                                           510998.90999999997     
           8 beta                                                          0.99999423665409004     
           9 energy                                                         150511006.00000000     
          10 ekinetic                                                       150000007.09000000     
          11 pc                                                             150510138.55300915     
          12 p0sc                                                          0.50204778184583010     
          13 freqscl                                                        47713451.592369422     
          14 omegascl                                                       299792458.00000000     
  
 na=         378
 listing of n,nt1(n),nt2(n) for n=1,...,na
   1    7   47 beam             beam                 1     1         10    1
   2    7   48 units            units               11     2          5    2
   3    7   78 globaldefaults   setdefaults         16     4          5    0
   4    1   58 monitor          ibpm                21     4          9    0
   5    1   58 monitor          ibpma1              30     4          9    0
   6    1   46 quadrupole       qa1r                39     4         12    1
   7    1   46 quadrupole       qa2r                51     5         12    1
   8    1   52 vkicker          bumpr               63     6         11    0
   9    1   42 drift            drift_thin_sa1r     74     6          3    1
  10    1   16 thlm             sa1r                77     7         12    0
  11    1   46 quadrupole       sqa1r               89     7         12    1
  12    1   58 monitor          ibpma2r            101     8          9    0
  13    1   46 quadrupole       qa3r               110     8         12    1
  14    1   46 quadrupole       qa4r               122     9         12    1
  15    1   58 monitor          ibpma3r            134    10          9    0
  16    1   46 quadrupole       sqa2r              143    10         12    1
  17    1   44 sbend            m1r                155    11         28    0
  18    1   46 quadrupole       sqb1r              183    11         12    1
  19    1   46 quadrupole       qb1r               195    12         12    1
  20    1   46 quadrupole       qb2r               207    13         12    1
  21    1   46 quadrupole       qb3r               219    14         12    1
  22    1   58 monitor          ibpmb1r            231    15          9    0
  23    1   41 marker           nlr1               240    15          0    0
  24    1   41 marker           mn09               240    15          0    0
  25    1   41 marker           mn08               240    15          0    0
  26    1   41 marker           mn07               240    15          0    0
  27    1   41 marker           mn06               240    15          0    0
  28    1   41 marker           mn05               240    15          0    0
  29    1   41 marker           mn04               240    15          0    0
  30    1   41 marker           mn03               240    15          0    0
  31    1   41 marker           mn02               240    15          0    0
  32    1   41 marker           mn01               240    15          0    0
  33    1   41 marker           ior                240    15          0    0
  34    1   42 drift            n.1                240    15          3    1
  35    1   42 drift            n.2                243    16          3    1
  36    1   42 drift            n.3                246    17          3    1
  37    1   42 drift            n.4                249    18          3    1
  38    1   42 drift            n.5                252    19          3    1
  39    1   42 drift            n.6                255    20          3    1
  40    1   42 drift            n.7                258    21          3    1
  41    1   42 drift            n.8                261    22          3    1
  42    1   42 drift            n.9                264    23          3    1
  43    1   42 drift            n.10               267    24          3    1
  44    1   42 drift            n.11               270    25          3    1
  45    1   42 drift            n.12               273    26          3    1
  46    1   42 drift            n.13               276    27          3    1
  47    1   42 drift            n.14               279    28          3    1
  48    1   42 drift            n.15               282    29          3    1
  49    1   42 drift            n.16               285    30          3    1
  50    1   42 drift            n.17               288    31          3    1
  51    1   42 drift            n.18               291    32          3    1
  52    1   42 drift            n.19               294    33          3    1
  53    1   42 drift            n.20               297    34          3    1
  54    1   42 drift            insert1            300    35          3    1
  55    1   41 marker           nlr2               303    36          0    0
  56    1   58 monitor          ibpmb2r            303    36          9    0
  57    1   46 quadrupole       qb4r               312    36         12    1
  58    1   46 quadrupole       qb5r               324    37         12    1
  59    1   46 quadrupole       qb6r               336    38         12    1
  60    1   46 quadrupole       sqb2r              348    39         12    1
  61    1   44 sbend            m2r                360    40         28    0
  62    1   46 quadrupole       sqc1r              388    40         12    1
  63    1   58 monitor          ibpmc1r            400    41          9    0
  64    1   46 quadrupole       qc1r               409    41         12    1
  65    1   42 drift            drift_thin_sc1r    421    42          3    1
  66    1   16 thlm             sc1r               424    43         12    0
  67    1   46 quadrupole       qc2r               436    43         12    1
  68    1   42 drift            drift_thin_sc2r    448    44          3    1
  69    1   16 thlm             sc2r               451    45         12    0
  70    1   46 quadrupole       qc3r               463    45         12    1
  71    1   58 monitor          ibpmc2r            475    46          9    0
  72    1   46 quadrupole       sqc2r              484    46         12    1
  73    1   44 sbend            m3r                496    47         28    0
  74    1   58 monitor          ibpmd1r            524    47          9    0
  75    1   46 quadrupole       sqd1r              533    47         12    1
  76    1   46 quadrupole       qd1r               545    48         12    1
  77    1   42 drift            drift_thin_sd1r    557    49          3    1
  78    1   16 thlm             sd1r               560    50         12    0
  79    1   46 quadrupole       qd2r               572    50         12    1
  80    1   41 marker           el1                584    51          0    0
  81    1   42 drift            cel                584    51          3    1
  82    1   41 marker           el2                587    52          0    0
  83    1   46 quadrupole       qd3r               587    52         12    1
  84    1   46 quadrupole       sqd2r              599    53         12    1
  85    1   46 quadrupole       qd4r               611    54         12    1
  86    1   58 monitor          ibpmd2r            623    55          9    0
  87    1   44 sbend            m4r                632    55         28    0
  88    1   58 monitor          ibpme1r            660    55          9    0
  89    1   46 quadrupole       qe1r               669    55         12    1
  90    1   46 quadrupole       sqe1r              681    56         12    1
  91    1   58 monitor          ibpme2r            693    57          9    0
  92    1   46 quadrupole       qe2r               702    57         12    1
  93    1   42 drift            drift_thin_se1r    714    58          3    1
  94    1   16 thlm             se1r               717    59         12    0
  95    1   46 quadrupole       sqe2r              729    59         12    1
  96    1   42 drift            drift_thin_se2r    741    60          3    1
  97    1   16 thlm             se2r               744    61         12    0
  98    1   46 quadrupole       qe3                756    61         12    1
  99    1   42 drift            drift_thin_se2l    768    62          3    1
 100    1   16 thlm             se2l               771    63         12    0
 101    1   46 quadrupole       sqe2l              783    63         12    1
 102    1   42 drift            drift_thin_se1l    795    64          3    1
 103    1   16 thlm             se1l               798    65         12    0
 104    1   46 quadrupole       qe2l               810    65         12    1
 105    1   58 monitor          ibpme2l            822    66          9    0
 106    1   46 quadrupole       sqe1l              831    66         12    1
 107    1   46 quadrupole       qe1l               843    67         12    1
 108    1   58 monitor          ibpme1l            855    68          9    0
 109    1   44 sbend            m4l                864    68         28    0
 110    1   58 monitor          ibpmd2l            892    68          9    0
 111    1   46 quadrupole       qd4l               901    68         12    1
 112    1   46 quadrupole       sqd2l              913    69         12    1
 113    1   46 quadrupole       qd3l               925    70         12    1
 114    1   46 quadrupole       qd2l               937    71         12    1
 115    1   42 drift            drift_thin_sd1l    949    72          3    1
 116    1   16 thlm             sd1l               952    73         12    0
 117    1   46 quadrupole       qd1l               964    73         12    1
 118    1   46 quadrupole       sqd1l              976    74         12    1
 119    1   58 monitor          ibpmd1l            988    75          9    0
 120    1   44 sbend            m3l                997    75         28    0
 121    1   46 quadrupole       sqc2l             1025    75         12    1
 122    1   58 monitor          ibpmc2l           1037    76          9    0
 123    1   46 quadrupole       qc3l              1046    76         12    1
 124    1   42 drift            drift_thin_sc2l   1058    77          3    1
 125    1   16 thlm             sc2l              1061    78         12    0
 126    1   46 quadrupole       qc2l              1073    78         12    1
 127    1   42 drift            drift_thin_sc1l   1085    79          3    1
 128    1   16 thlm             sc1l              1088    80         12    0
 129    1   46 quadrupole       qc1l              1100    80         12    1
 130    1   58 monitor          ibpmc1l           1112    81          9    0
 131    1   46 quadrupole       sqc1l             1121    81         12    1
 132    1   44 sbend            m2l               1133    82         28    0
 133    1   46 quadrupole       sqb2l             1161    82         12    1
 134    1   46 quadrupole       qb6l              1173    83         12    1
 135    1   46 quadrupole       qb5l              1185    84         12    1
 136    1   46 quadrupole       qb4l              1197    85         12    1
 137    1   58 monitor          ibpmb2l           1209    86          9    0
 138    1   41 marker           nll1              1218    86          0    0
 139    1   41 marker           iol               1218    86          0    0
 140    1   41 marker           nll2              1218    86          0    0
 141    1   58 monitor          ibpmb1l           1218    86          9    0
 142    1   46 quadrupole       qb3l              1227    86         12    1
 143    1   46 quadrupole       qb2l              1239    87         12    1
 144    1   46 quadrupole       qb1l              1251    88         12    1
 145    1   46 quadrupole       sqb1l             1263    89         12    1
 146    1   44 sbend            m1l               1275    90         28    0
 147    1   46 quadrupole       sqa2l             1303    90         12    1
 148    1   58 monitor          ibpma3l           1315    91          9    0
 149    1   46 quadrupole       qa4l              1324    91         12    1
 150    1   46 quadrupole       qa3l              1336    92         12    1
 151    1   58 monitor          ibpma2l           1348    93          9    0
 152    1   46 quadrupole       sqa1l             1357    93         12    1
 153    1   42 drift            drift_thin_sa1l   1369    94          3    1
 154    1   16 thlm             sa1l              1372    95         12    0
 155    1   52 vkicker          bumpl             1384    95         11    0
 156    1   46 quadrupole       qa2l              1395    95         12    1
 157    1   46 quadrupole       qa1l              1407    96         12    1
 158    1   42 drift            drift_thin_sadd1  1419    97          3    1
 159    1   16 thlm             sadd1             1422    98         12    0
 160    1   42 drift            drift_thin_sadd2  1434    98          3    1
 161    1   16 thlm             sadd2             1437    99         12    0
 162    1   42 drift            drift_thin_sadd3  1449    99          3    1
 163    1   16 thlm             sadd3             1452   100         12    0
 164    1   42 drift            drift_thin_sadd4  1464   100          3    1
 165    1   16 thlm             sadd4             1467   101         12    0
 166    1   42 drift            drift_thin_sadd5  1479   101          3    1
 167    1   16 thlm             sadd5             1482   102         12    0
 168    1   42 drift            drift_thin_sadd6  1494   102          3    1
 169    1   16 thlm             sadd6             1497   103         12    0
 170    1   41 marker           endmark           1509   103          0    0
 171    1   13 srfc             thincav           1509   103          8    0
 172    1   42 drift            dr001             1517   103          3    1
 173    1   42 drift            dr002             1520   104          3    1
 174    1   42 drift            dr003             1523   105          3    1
 175    1   42 drift            dr004             1526   106          3    1
 176    1   42 drift            dr005             1529   107          3    1
 177    1   42 drift            dr006             1532   108          3    1
 178    1   42 drift            dr007             1535   109          3    1
 179    1   42 drift            dr008             1538   110          3    1
 180    1   42 drift            dr009             1541   111          3    1
 181    1   42 drift            dr010             1544   112          3    1
 182    1   42 drift            dr011             1547   113          3    1
 183    1   42 drift            dr012             1550   114          3    1
 184    1   42 drift            dr013             1553   115          3    1
 185    1   42 drift            dr014             1556   116          3    1
 186    1   42 drift            dr015             1559   117          3    1
 187    1   42 drift            dr016             1562   118          3    1
 188    1   42 drift            dr017             1565   119          3    1
 189    1   42 drift            dr018             1568   120          3    1
 190    1   42 drift            dr019             1571   121          3    1
 191    1   42 drift            dr020             1574   122          3    1
 192    1   42 drift            dr021             1577   123          3    1
 193    1   42 drift            dr022             1580   124          3    1
 194    1   42 drift            dr023             1583   125          3    1
 195    1   42 drift            dr024             1586   126          3    1
 196    1   42 drift            dr025             1589   127          3    1
 197    1   42 drift            dr026             1592   128          3    1
 198    1   42 drift            dr027             1595   129          3    1
 199    1   42 drift            dr028             1598   130          3    1
 200    1   42 drift            dr029             1601   131          3    1
 201    1   42 drift            dr030             1604   132          3    1
 202    1   42 drift            dr031             1607   133          3    1
 203    1   42 drift            dr032             1610   134          3    1
 204    1   42 drift            dr033             1613   135          3    1
 205    1   42 drift            dr034             1616   136          3    1
 206    1   42 drift            dr035             1619   137          3    1
 207    1   42 drift            dr036             1622   138          3    1
 208    1   42 drift            dr037             1625   139          3    1
 209    1   42 drift            dr038             1628   140          3    1
 210    1   42 drift            dr039             1631   141          3    1
 211    1   42 drift            dr040             1634   142          3    1
 212    1   42 drift            dr041             1637   143          3    1
 213    1   42 drift            dr042             1640   144          3    1
 214    1   42 drift            dr043             1643   145          3    1
 215    1   42 drift            dr044             1646   146          3    1
 216    1   42 drift            dr045             1649   147          3    1
 217    1   42 drift            dr046             1652   148          3    1
 218    1   42 drift            dr047             1655   149          3    1
 219    1   42 drift            dr048             1658   150          3    1
 220    1   42 drift            dr049             1661   151          3    1
 221    1   42 drift            dr050             1664   152          3    1
 222    1   42 drift            dr051             1667   153          3    1
 223    1   42 drift            dr052             1670   154          3    1
 224    1   42 drift            dr053             1673   155          3    1
 225    1   42 drift            dr054             1676   156          3    1
 226    1   42 drift            dr055             1679   157          3    1
 227    1   42 drift            dr056             1682   158          3    1
 228    1   42 drift            dr057             1685   159          3    1
 229    1   42 drift            dr058             1688   160          3    1
 230    1   42 drift            dr059             1691   161          3    1
 231    1   42 drift            dr060             1694   162          3    1
 232    1   42 drift            dr061             1697   163          3    1
 233    1   42 drift            dr062             1700   164          3    1
 234    1   42 drift            dr063             1703   165          3    1
 235    1   42 drift            dr064             1706   166          3    1
 236    1   42 drift            dr065             1709   167          3    1
 237    1   42 drift            dr066             1712   168          3    1
 238    1   42 drift            dr067             1715   169          3    1
 239    1   42 drift            dr068             1718   170          3    1
 240    1   42 drift            dr069             1721   171          3    1
 241    1   42 drift            dr070             1724   172          3    1
 242    1   42 drift            dr071             1727   173          3    1
 243    1   42 drift            dr072             1730   174          3    1
 244    1   42 drift            dr073             1733   175          3    1
 245    1   42 drift            dr074             1736   176          3    1
 246    1   42 drift            dr075             1739   177          3    1
 247    1   42 drift            dr076             1742   178          3    1
 248    1   42 drift            dr077             1745   179          3    1
 249    1   42 drift            dr078             1748   180          3    1
 250    1   42 drift            dr079             1751   181          3    1
 251    1   42 drift            dr080             1754   182          3    1
 252    1   42 drift            dr081             1757   183          3    1
 253    1   42 drift            dr082             1760   184          3    1
 254    1   42 drift            dr083             1763   185          3    1
 255    1   42 drift            dr084             1766   186          3    1
 256    1   42 drift            dr085             1769   187          3    1
 257    1   42 drift            dr086             1772   188          3    1
 258    1   42 drift            dr087             1775   189          3    1
 259    1   42 drift            dr088             1778   190          3    1
 260    1   42 drift            dr089             1781   191          3    1
 261    1   42 drift            dr090             1784   192          3    1
 262    1   42 drift            dr091             1787   193          3    1
 263    1   42 drift            dr092             1790   194          3    1
 264    1   42 drift            dr093             1793   195          3    1
 265    1   42 drift            dr094             1796   196          3    1
 266    1   42 drift            dr095             1799   197          3    1
 267    1   42 drift            dr096             1802   198          3    1
 268    1   42 drift            dr097             1805   199          3    1
 269    1   42 drift            dr098             1808   200          3    1
 270    1   42 drift            dr099             1811   201          3    1
 271    1   42 drift            dr100             1814   202          3    1
 272    1   42 drift            dr101             1817   203          3    1
 273    1   42 drift            dr102             1820   204          3    1
 274    1   42 drift            dr103             1823   205          3    1
 275    1   42 drift            dr104             1826   206          3    1
 276    1   42 drift            dr105             1829   207          3    1
 277    1   42 drift            dr106             1832   208          3    1
 278    1   42 drift            dr107             1835   209          3    1
 279    1   42 drift            dr108             1838   210          3    1
 280    1   42 drift            dr109             1841   211          3    1
 281    1   42 drift            dr110             1844   212          3    1
 282    1   42 drift            dr111             1847   213          3    1
 283    1   42 drift            dr112             1850   214          3    1
 284    1   42 drift            dr113             1853   215          3    1
 285    1   42 drift            dr114             1856   216          3    1
 286    1   42 drift            dr115             1859   217          3    1
 287    1   42 drift            dr116             1862   218          3    1
 288    1   42 drift            dr117             1865   219          3    1
 289    1   42 drift            dr118             1868   220          3    1
 290    1   42 drift            dr119             1871   221          3    1
 291    1   42 drift            dr120             1874   222          3    1
 292    1   42 drift            dr121             1877   223          3    1
 293    1   42 drift            dr122             1880   224          3    1
 294    1   42 drift            dr123             1883   225          3    1
 295    1   42 drift            dr124             1886   226          3    1
 296    1   42 drift            dr125             1889   227          3    1
 297    1   42 drift            dr126             1892   228          3    1
 298    1   42 drift            dr127             1895   229          3    1
 299    1   42 drift            dr128             1898   230          3    1
 300    1   42 drift            dr129             1901   231          3    1
 301    1   42 drift            dr130             1904   232          3    1
 302    1   42 drift            dr131             1907   233          3    1
 303    1   42 drift            dr132             1910   234          3    1
 304    1   42 drift            dr133             1913   235          3    1
 305    1   42 drift            dr134             1916   236          3    1
 306    1   42 drift            dr135             1919   237          3    1
 307    1   42 drift            dr136             1922   238          3    1
 308    1   42 drift            dr137             1925   239          3    1
 309    1   42 drift            dr138             1928   240          3    1
 310    1   42 drift            dr139             1931   241          3    1
 311    1   42 drift            dr140             1934   242          3    1
 312    1   42 drift            dr141             1937   243          3    1
 313    1   42 drift            dr142             1940   244          3    1
 314    1   42 drift            dr143             1943   245          3    1
 315    1   42 drift            dr144             1946   246          3    1
 316    1   42 drift            dr145             1949   247          3    1
 317    1   42 drift            dr146             1952   248          3    1
 318    1   42 drift            dr147             1955   249          3    1
 319    1   42 drift            dr148             1958   250          3    1
 320    1   42 drift            dr149             1961   251          3    1
 321    1   42 drift            dr150             1964   252          3    1
 322    1   42 drift            dr151             1967   253          3    1
 323    1   42 drift            dr152             1970   254          3    1
 324    1   42 drift            dr153             1973   255          3    1
 325    1   42 drift            dr154             1976   256          3    1
 326    1   42 drift            dr155             1979   257          3    1
 327    1   42 drift            dr156             1982   258          3    1
 328    1   42 drift            dr157             1985   259          3    1
 329    1   42 drift            dr158             1988   260          3    1
 330    1   42 drift            dr159             1991   261          3    1
 331    1   42 drift            dr160             1994   262          3    1
 332    1   42 drift            dr161             1997   263          3    1
 333    1   42 drift            dr162             2000   264          3    1
 334    1   42 drift            dr163             2003   265          3    1
 335    1   42 drift            dr164             2006   266          3    1
 336    1   42 drift            dr165             2009   267          3    1
 337    1   42 drift            dr166             2012   268          3    1
 338    1   42 drift            dr167             2015   269          3    1
 339    1   42 drift            dr168             2018   270          3    1
 340    1   42 drift            dr169             2021   271          3    1
 341    1   42 drift            dr170             2024   272          3    1
 342    1   42 drift            dr171             2027   273          3    1
 343    1   42 drift            dr172             2030   274          3    1
 344    1   42 drift            dr173             2033   275          3    1
 345    1   42 drift            dr174             2036   276          3    1
 346    1   42 drift            dr175             2039   277          3    1
 347    1   42 drift            dr176             2042   278          3    1
 348    1   42 drift            dr177             2045   279          3    1
 349    1   42 drift            dr178             2048   280          3    1
 350    1   42 drift            dr179             2051   281          3    1
 351    1   42 drift            dr180             2054   282          3    1
 352    1   42 drift            dr181             2057   283          3    1
 353    1   42 drift            dr182             2060   284          3    1
 354    1   42 drift            dr183             2063   285          3    1
 355    1   42 drift            dr184             2066   286          3    1
 356    1   42 drift            dr185             2069   287          3    1
 357    1   42 drift            dr186             2072   288          3    1
 358    1   42 drift            dr187             2075   289          3    1
 359    1   42 drift            dr188             2078   290          3    1
 360    1   42 drift            dr189             2081   291          3    1
 361    1   42 drift            dr190             2084   292          3    1
 362    1   42 drift            dr191             2087   293          3    1
 363    1   42 drift            dr192             2090   294          3    1
 364    1   42 drift            dr193             2093   295          3    1
 365    1   42 drift            dr194             2096   296          3    1
 366    1   42 drift            dr195             2099   297          3    1
 367    1   42 drift            dr196             2102   298          3    1
 368    1   42 drift            dr197             2105   299          3    1
 369    1   42 drift            dr198             2108   300          3    1
 370    1   42 drift            dr199             2111   301          3    1
 371    1   42 drift            dr200             2114   302          3    1
 372    1   42 drift            dr201             2117   303          3    1
 373    1   42 drift            dr202             2120   304          3    1
 374    1   42 drift            dr203             2123   305          3    1
 375    1   42 drift            dr204             2126   306          3    1
 376    1   42 drift            dr205             2129   307          3    1
 377    7   10 end              fin               2132   308          0    1
 378    7   11 ptm              mapout            2132   309          5    0
