 nconst=          14
    n    constr      conval
           1 pi                                                             3.1415926535897931     
           2 twopi                                                          6.2831853071795862     
           3 clight                                                         299792458.00000000     
           4 brho                                                          0.50204778184582999     
           5 gamma                                                          294.54271438661192     
           6 charge                                                        -1.0000000000000000     
           7 mass                                                           510998.90999999997     
           8 beta                                                          0.99999423665409004     
           9 energy                                                         150511006.00000000     
          10 ekinetic                                                       150000007.09000000     
          11 pc                                                             150510138.55300915     
          12 p0sc                                                          0.50204778184583010     
          13 freqscl                                                        47713451.592369422     
          14 omegascl                                                       299792458.00000000     
  
 na=         362
 listing of n,nt1(n),nt2(n) for n=1,...,na
   1    7   47 beam             beam                 1     1         10    1
   2    7   48 units            units               11     2          5    2
   3    7   78 globaldefaults   setdefaults         16     4          5    0
   4    1   46 quadrupole       qa1r                21     4         12    1
   5    1   46 quadrupole       qa2r                33     5         12    1
   6    1   52 vkicker          bumpr               45     6         11    0
   7    1   42 drift            drift_thin_sa1r     56     6          3    1
   8    1   16 thlm             sa1r                59     7         12    0
   9    1   46 quadrupole       sqa1r               71     7         12    1
  10    1   46 quadrupole       qa3r                83     8         12    1
  11    1   46 quadrupole       qa4r                95     9         12    1
  12    1   46 quadrupole       sqa2r              107    10         12    1
  13    1   44 sbend            m1r                119    11         28    0
  14    1   46 quadrupole       sqb1r              147    11         12    1
  15    1   46 quadrupole       qb1r               159    12         12    1
  16    1   46 quadrupole       qb2r               171    13         12    1
  17    1   46 quadrupole       qb3r               183    14         12    1
  18    1   41 marker           nlr1               195    15          0    0
  19    1   41 marker           mn09               195    15          0    0
  20    1   41 marker           mn08               195    15          0    0
  21    1   41 marker           mn07               195    15          0    0
  22    1   41 marker           mn06               195    15          0    0
  23    1   41 marker           mn05               195    15          0    0
  24    1   41 marker           mn04               195    15          0    0
  25    1   41 marker           mn03               195    15          0    0
  26    1   41 marker           mn02               195    15          0    0
  27    1   41 marker           mn01               195    15          0    0
  28    1   41 marker           ior                195    15          0    0
  29    1   42 drift            n.1                195    15          3    1
  30    1   42 drift            n.2                198    16          3    1
  31    1   42 drift            n.3                201    17          3    1
  32    1   42 drift            n.4                204    18          3    1
  33    1   42 drift            n.5                207    19          3    1
  34    1   42 drift            n.6                210    20          3    1
  35    1   42 drift            n.7                213    21          3    1
  36    1   42 drift            n.8                216    22          3    1
  37    1   42 drift            n.9                219    23          3    1
  38    1   42 drift            n.10               222    24          3    1
  39    1   42 drift            n.11               225    25          3    1
  40    1   42 drift            n.12               228    26          3    1
  41    1   42 drift            n.13               231    27          3    1
  42    1   42 drift            n.14               234    28          3    1
  43    1   42 drift            n.15               237    29          3    1
  44    1   42 drift            n.16               240    30          3    1
  45    1   42 drift            n.17               243    31          3    1
  46    1   42 drift            n.18               246    32          3    1
  47    1   42 drift            n.19               249    33          3    1
  48    1   42 drift            n.20               252    34          3    1
  49    1   42 drift            insert1            255    35          3    1
  50    1   41 marker           nlr2               258    36          0    0
  51    1   46 quadrupole       qb4r               258    36         12    1
  52    1   46 quadrupole       qb5r               270    37         12    1
  53    1   46 quadrupole       qb6r               282    38         12    1
  54    1   46 quadrupole       sqb2r              294    39         12    1
  55    1   44 sbend            m2r                306    40         28    0
  56    1   46 quadrupole       sqc1r              334    40         12    1
  57    1   46 quadrupole       qc1r               346    41         12    1
  58    1   42 drift            drift_thin_sc1r    358    42          3    1
  59    1   16 thlm             sc1r               361    43         12    0
  60    1   46 quadrupole       qc2r               373    43         12    1
  61    1   42 drift            drift_thin_sc2r    385    44          3    1
  62    1   16 thlm             sc2r               388    45         12    0
  63    1   46 quadrupole       qc3r               400    45         12    1
  64    1   46 quadrupole       sqc2r              412    46         12    1
  65    1   44 sbend            m3r                424    47         28    0
  66    1   46 quadrupole       sqd1r              452    47         12    1
  67    1   46 quadrupole       qd1r               464    48         12    1
  68    1   42 drift            drift_thin_sd1r    476    49          3    1
  69    1   16 thlm             sd1r               479    50         12    0
  70    1   46 quadrupole       qd2r               491    50         12    1
  71    1   41 marker           el1                503    51          0    0
  72    1   42 drift            cel                503    51          3    1
  73    1   41 marker           el2                506    52          0    0
  74    1   46 quadrupole       qd3r               506    52         12    1
  75    1   46 quadrupole       sqd2r              518    53         12    1
  76    1   46 quadrupole       qd4r               530    54         12    1
  77    1   44 sbend            m4r                542    55         28    0
  78    1   46 quadrupole       qe1r               570    55         12    1
  79    1   46 quadrupole       sqe1r              582    56         12    1
  80    1   46 quadrupole       qe2r               594    57         12    1
  81    1   42 drift            drift_thin_se1r    606    58          3    1
  82    1   16 thlm             se1r               609    59         12    0
  83    1   46 quadrupole       sqe2r              621    59         12    1
  84    1   42 drift            drift_thin_se2r    633    60          3    1
  85    1   16 thlm             se2r               636    61         12    0
  86    1   46 quadrupole       qe3                648    61         12    1
  87    1   42 drift            drift_thin_se2l    660    62          3    1
  88    1   16 thlm             se2l               663    63         12    0
  89    1   46 quadrupole       sqe2l              675    63         12    1
  90    1   42 drift            drift_thin_se1l    687    64          3    1
  91    1   16 thlm             se1l               690    65         12    0
  92    1   46 quadrupole       qe2l               702    65         12    1
  93    1   46 quadrupole       sqe1l              714    66         12    1
  94    1   46 quadrupole       qe1l               726    67         12    1
  95    1   44 sbend            m4l                738    68         28    0
  96    1   46 quadrupole       qd4l               766    68         12    1
  97    1   46 quadrupole       sqd2l              778    69         12    1
  98    1   46 quadrupole       qd3l               790    70         12    1
  99    1   46 quadrupole       qd2l               802    71         12    1
 100    1   42 drift            drift_thin_sd1l    814    72          3    1
 101    1   16 thlm             sd1l               817    73         12    0
 102    1   46 quadrupole       qd1l               829    73         12    1
 103    1   46 quadrupole       sqd1l              841    74         12    1
 104    1   44 sbend            m3l                853    75         28    0
 105    1   46 quadrupole       sqc2l              881    75         12    1
 106    1   46 quadrupole       qc3l               893    76         12    1
 107    1   42 drift            drift_thin_sc2l    905    77          3    1
 108    1   16 thlm             sc2l               908    78         12    0
 109    1   46 quadrupole       qc2l               920    78         12    1
 110    1   42 drift            drift_thin_sc1l    932    79          3    1
 111    1   16 thlm             sc1l               935    80         12    0
 112    1   46 quadrupole       qc1l               947    80         12    1
 113    1   46 quadrupole       sqc1l              959    81         12    1
 114    1   44 sbend            m2l                971    82         28    0
 115    1   46 quadrupole       sqb2l              999    82         12    1
 116    1   46 quadrupole       qb6l              1011    83         12    1
 117    1   46 quadrupole       qb5l              1023    84         12    1
 118    1   46 quadrupole       qb4l              1035    85         12    1
 119    1   41 marker           nll1              1047    86          0    0
 120    1   41 marker           iol               1047    86          0    0
 121    1   41 marker           nll2              1047    86          0    0
 122    1   46 quadrupole       qb3l              1047    86         12    1
 123    1   46 quadrupole       qb2l              1059    87         12    1
 124    1   46 quadrupole       qb1l              1071    88         12    1
 125    1   46 quadrupole       sqb1l             1083    89         12    1
 126    1   44 sbend            m1l               1095    90         28    0
 127    1   46 quadrupole       sqa2l             1123    90         12    1
 128    1   46 quadrupole       qa4l              1135    91         12    1
 129    1   46 quadrupole       qa3l              1147    92         12    1
 130    1   46 quadrupole       sqa1l             1159    93         12    1
 131    1   42 drift            drift_thin_sa1l   1171    94          3    1
 132    1   16 thlm             sa1l              1174    95         12    0
 133    1   52 vkicker          bumpl             1186    95         11    0
 134    1   46 quadrupole       qa2l              1197    95         12    1
 135    1   46 quadrupole       qa1l              1209    96         12    1
 136    1   42 drift            drift_thin_sadd1  1221    97          3    1
 137    1   16 thlm             sadd1             1224    98         12    0
 138    1   42 drift            drift_thin_sadd2  1236    98          3    1
 139    1   16 thlm             sadd2             1239    99         12    0
 140    1   42 drift            drift_thin_sadd3  1251    99          3    1
 141    1   16 thlm             sadd3             1254   100         12    0
 142    1   42 drift            drift_thin_sadd4  1266   100          3    1
 143    1   16 thlm             sadd4             1269   101         12    0
 144    1   42 drift            drift_thin_sadd5  1281   101          3    1
 145    1   16 thlm             sadd5             1284   102         12    0
 146    1   42 drift            drift_thin_sadd6  1296   102          3    1
 147    1   16 thlm             sadd6             1299   103         12    0
 148    1   41 marker           endmark           1311   103          0    0
 149    1   13 srfc             thincav           1311   103          8    0
 150    1   42 drift            dr001             1319   103          3    1
 151    1   42 drift            dr002             1322   104          3    1
 152    1   42 drift            dr003             1325   105          3    1
 153    1   42 drift            dr004             1328   106          3    1
 154    1   42 drift            dr005             1331   107          3    1
 155    1   42 drift            dr006             1334   108          3    1
 156    1   42 drift            dr007             1337   109          3    1
 157    1   42 drift            dr008             1340   110          3    1
 158    1   42 drift            dr009             1343   111          3    1
 159    1   42 drift            dr010             1346   112          3    1
 160    1   42 drift            dr011             1349   113          3    1
 161    1   42 drift            dr012             1352   114          3    1
 162    1   42 drift            dr013             1355   115          3    1
 163    1   42 drift            dr014             1358   116          3    1
 164    1   42 drift            dr015             1361   117          3    1
 165    1   42 drift            dr016             1364   118          3    1
 166    1   42 drift            dr017             1367   119          3    1
 167    1   42 drift            dr018             1370   120          3    1
 168    1   42 drift            dr019             1373   121          3    1
 169    1   42 drift            dr020             1376   122          3    1
 170    1   42 drift            dr021             1379   123          3    1
 171    1   42 drift            dr022             1382   124          3    1
 172    1   42 drift            dr023             1385   125          3    1
 173    1   42 drift            dr024             1388   126          3    1
 174    1   42 drift            dr025             1391   127          3    1
 175    1   42 drift            dr026             1394   128          3    1
 176    1   42 drift            dr027             1397   129          3    1
 177    1   42 drift            dr028             1400   130          3    1
 178    1   42 drift            dr029             1403   131          3    1
 179    1   42 drift            dr030             1406   132          3    1
 180    1   42 drift            dr031             1409   133          3    1
 181    1   42 drift            dr032             1412   134          3    1
 182    1   42 drift            dr033             1415   135          3    1
 183    1   42 drift            dr034             1418   136          3    1
 184    1   42 drift            dr035             1421   137          3    1
 185    1   42 drift            dr036             1424   138          3    1
 186    1   42 drift            dr037             1427   139          3    1
 187    1   42 drift            dr038             1430   140          3    1
 188    1   42 drift            dr039             1433   141          3    1
 189    1   42 drift            dr040             1436   142          3    1
 190    1   42 drift            dr041             1439   143          3    1
 191    1   42 drift            dr042             1442   144          3    1
 192    1   42 drift            dr043             1445   145          3    1
 193    1   42 drift            dr044             1448   146          3    1
 194    1   42 drift            dr045             1451   147          3    1
 195    1   42 drift            dr046             1454   148          3    1
 196    1   42 drift            dr047             1457   149          3    1
 197    1   42 drift            dr048             1460   150          3    1
 198    1   42 drift            dr049             1463   151          3    1
 199    1   42 drift            dr050             1466   152          3    1
 200    1   42 drift            dr051             1469   153          3    1
 201    1   42 drift            dr052             1472   154          3    1
 202    1   42 drift            dr053             1475   155          3    1
 203    1   42 drift            dr054             1478   156          3    1
 204    1   42 drift            dr055             1481   157          3    1
 205    1   42 drift            dr056             1484   158          3    1
 206    1   42 drift            dr057             1487   159          3    1
 207    1   42 drift            dr058             1490   160          3    1
 208    1   42 drift            dr059             1493   161          3    1
 209    1   42 drift            dr060             1496   162          3    1
 210    1   42 drift            dr061             1499   163          3    1
 211    1   42 drift            dr062             1502   164          3    1
 212    1   42 drift            dr063             1505   165          3    1
 213    1   42 drift            dr064             1508   166          3    1
 214    1   42 drift            dr065             1511   167          3    1
 215    1   42 drift            dr066             1514   168          3    1
 216    1   42 drift            dr067             1517   169          3    1
 217    1   42 drift            dr068             1520   170          3    1
 218    1   42 drift            dr069             1523   171          3    1
 219    1   42 drift            dr070             1526   172          3    1
 220    1   42 drift            dr071             1529   173          3    1
 221    1   42 drift            dr072             1532   174          3    1
 222    1   42 drift            dr073             1535   175          3    1
 223    1   42 drift            dr074             1538   176          3    1
 224    1   42 drift            dr075             1541   177          3    1
 225    1   42 drift            dr076             1544   178          3    1
 226    1   42 drift            dr077             1547   179          3    1
 227    1   42 drift            dr078             1550   180          3    1
 228    1   42 drift            dr079             1553   181          3    1
 229    1   42 drift            dr080             1556   182          3    1
 230    1   42 drift            dr081             1559   183          3    1
 231    1   42 drift            dr082             1562   184          3    1
 232    1   42 drift            dr083             1565   185          3    1
 233    1   42 drift            dr084             1568   186          3    1
 234    1   42 drift            dr085             1571   187          3    1
 235    1   42 drift            dr086             1574   188          3    1
 236    1   42 drift            dr087             1577   189          3    1
 237    1   42 drift            dr088             1580   190          3    1
 238    1   42 drift            dr089             1583   191          3    1
 239    1   42 drift            dr090             1586   192          3    1
 240    1   42 drift            dr091             1589   193          3    1
 241    1   42 drift            dr092             1592   194          3    1
 242    1   42 drift            dr093             1595   195          3    1
 243    1   42 drift            dr094             1598   196          3    1
 244    1   42 drift            dr095             1601   197          3    1
 245    1   42 drift            dr096             1604   198          3    1
 246    1   42 drift            dr097             1607   199          3    1
 247    1   42 drift            dr098             1610   200          3    1
 248    1   42 drift            dr099             1613   201          3    1
 249    1   42 drift            dr100             1616   202          3    1
 250    1   42 drift            dr101             1619   203          3    1
 251    1   42 drift            dr102             1622   204          3    1
 252    1   42 drift            dr103             1625   205          3    1
 253    1   42 drift            dr104             1628   206          3    1
 254    1   42 drift            dr105             1631   207          3    1
 255    1   42 drift            dr106             1634   208          3    1
 256    1   42 drift            dr107             1637   209          3    1
 257    1   42 drift            dr108             1640   210          3    1
 258    1   42 drift            dr109             1643   211          3    1
 259    1   42 drift            dr110             1646   212          3    1
 260    1   42 drift            dr111             1649   213          3    1
 261    1   42 drift            dr112             1652   214          3    1
 262    1   42 drift            dr113             1655   215          3    1
 263    1   42 drift            dr114             1658   216          3    1
 264    1   42 drift            dr115             1661   217          3    1
 265    1   42 drift            dr116             1664   218          3    1
 266    1   42 drift            dr117             1667   219          3    1
 267    1   42 drift            dr118             1670   220          3    1
 268    1   42 drift            dr119             1673   221          3    1
 269    1   42 drift            dr120             1676   222          3    1
 270    1   42 drift            dr121             1679   223          3    1
 271    1   42 drift            dr122             1682   224          3    1
 272    1   42 drift            dr123             1685   225          3    1
 273    1   42 drift            dr124             1688   226          3    1
 274    1   42 drift            dr125             1691   227          3    1
 275    1   42 drift            dr126             1694   228          3    1
 276    1   42 drift            dr127             1697   229          3    1
 277    1   42 drift            dr128             1700   230          3    1
 278    1   42 drift            dr129             1703   231          3    1
 279    1   42 drift            dr130             1706   232          3    1
 280    1   42 drift            dr131             1709   233          3    1
 281    1   42 drift            dr132             1712   234          3    1
 282    1   42 drift            dr133             1715   235          3    1
 283    1   42 drift            dr134             1718   236          3    1
 284    1   42 drift            dr135             1721   237          3    1
 285    1   42 drift            dr136             1724   238          3    1
 286    1   42 drift            dr137             1727   239          3    1
 287    1   42 drift            dr138             1730   240          3    1
 288    1   42 drift            dr139             1733   241          3    1
 289    1   42 drift            dr140             1736   242          3    1
 290    1   42 drift            dr141             1739   243          3    1
 291    1   42 drift            dr142             1742   244          3    1
 292    1   42 drift            dr143             1745   245          3    1
 293    1   42 drift            dr144             1748   246          3    1
 294    1   42 drift            dr145             1751   247          3    1
 295    1   42 drift            dr146             1754   248          3    1
 296    1   42 drift            dr147             1757   249          3    1
 297    1   42 drift            dr148             1760   250          3    1
 298    1   42 drift            dr149             1763   251          3    1
 299    1   42 drift            dr150             1766   252          3    1
 300    1   42 drift            dr151             1769   253          3    1
 301    1   42 drift            dr152             1772   254          3    1
 302    1   42 drift            dr153             1775   255          3    1
 303    1   42 drift            dr154             1778   256          3    1
 304    1   42 drift            dr155             1781   257          3    1
 305    1   42 drift            dr156             1784   258          3    1
 306    1   42 drift            dr157             1787   259          3    1
 307    1   42 drift            dr158             1790   260          3    1
 308    1   42 drift            dr159             1793   261          3    1
 309    1   42 drift            dr160             1796   262          3    1
 310    1   42 drift            dr161             1799   263          3    1
 311    1   42 drift            dr162             1802   264          3    1
 312    1   42 drift            dr163             1805   265          3    1
 313    1   42 drift            dr164             1808   266          3    1
 314    1   42 drift            dr165             1811   267          3    1
 315    1   42 drift            dr166             1814   268          3    1
 316    1   42 drift            dr167             1817   269          3    1
 317    1   42 drift            dr168             1820   270          3    1
 318    1   42 drift            dr169             1823   271          3    1
 319    1   42 drift            dr170             1826   272          3    1
 320    1   42 drift            dr171             1829   273          3    1
 321    1   42 drift            dr172             1832   274          3    1
 322    1   42 drift            dr173             1835   275          3    1
 323    1   42 drift            dr174             1838   276          3    1
 324    1   42 drift            dr175             1841   277          3    1
 325    1   42 drift            dr176             1844   278          3    1
 326    1   42 drift            dr177             1847   279          3    1
 327    1   42 drift            dr178             1850   280          3    1
 328    1   42 drift            dr179             1853   281          3    1
 329    1   42 drift            dr180             1856   282          3    1
 330    1   42 drift            dr181             1859   283          3    1
 331    1   42 drift            dr182             1862   284          3    1
 332    1   42 drift            dr183             1865   285          3    1
 333    1   42 drift            dr184             1868   286          3    1
 334    1   42 drift            dr185             1871   287          3    1
 335    1   42 drift            dr186             1874   288          3    1
 336    1   42 drift            dr187             1877   289          3    1
 337    1   42 drift            dr188             1880   290          3    1
 338    1   42 drift            dr189             1883   291          3    1
 339    1   42 drift            dr190             1886   292          3    1
 340    1   42 drift            dr191             1889   293          3    1
 341    1   42 drift            dr192             1892   294          3    1
 342    1   42 drift            dr193             1895   295          3    1
 343    1   42 drift            dr194             1898   296          3    1
 344    1   42 drift            dr195             1901   297          3    1
 345    1   42 drift            dr196             1904   298          3    1
 346    1   42 drift            dr197             1907   299          3    1
 347    1   42 drift            dr198             1910   300          3    1
 348    1   42 drift            dr199             1913   301          3    1
 349    1   42 drift            dr200             1916   302          3    1
 350    1   42 drift            dr201             1919   303          3    1
 351    1   42 drift            dr202             1922   304          3    1
 352    1   42 drift            dr203             1925   305          3    1
 353    1   42 drift            dr204             1928   306          3    1
 354    1   42 drift            dr205             1931   307          3    1
 355    7   10 end              *in               1934   308          0    1
 356    7   11 ptm              mapout            1934   309          5    0
 357    7   12 iden             clear             1939   309          0    0
 358    7   55 raytrace         raytrace          1939   309         12    5
 359    7   54 particledump     particledump      1951   314          8    5
 360    7   56 autotrack        autotrack         1959   319          0    4
 361    7   10 end              fin               1959   323          0    1
 362    1   35 nlinsert         nlinsert          1959   324         19    0
