 reading SIF input for MAD monitor
 reading SIF input for MAD monitor
 reading SIF input for MAD monitor
 reading SIF input for MAD monitor
 reading SIF input for MAD monitor
 reading SIF input for MAD monitor
 reading SIF input for MAD monitor
 reading SIF input for MAD monitor
 reading SIF input for MAD monitor
 reading SIF input for MAD monitor
 reading SIF input for MAD monitor
 reading SIF input for MAD monitor
 reading SIF input for MAD monitor
 reading SIF input for MAD monitor
 reading SIF input for MAD monitor
 reading SIF input for MAD monitor
 reading SIF input for MAD monitor
 reading SIF input for MAD monitor
 reading SIF input for MAD monitor
 reading SIF input for MAD monitor
 reading SIF input for MAD monitor
 reading SIF input for MAD monitor
 sbend, user input l=  0.809296385800000      code computed rho=
  0.772821121503941     
 sbend, B=  0.649629995708224     
 *************************
  response to tasm command
 *************************
 
 twiss analysis of static map
 hello from gspur, detmin=  1.000000000000000E-012
 leaving gspur
 
 tunes and chromaticities for delta defined in terms of P sub tau:
 
horizontal tune = 0.160156857D-02
first order horizontal chromaticity =-8.00829815D-04
second order horizontal chromaticity = 4.90861564D+05
 horizontal tune when delta =  1.000000000000000E-003
  0.492462331466612     
 
vertical tune = 0.121160480D-03
first order vertical chromaticity =-6.05872280D-05
second order vertical chromaticity =-1.88889314D+06
 vertical tune when delta =  1.000000000000000E-003
  -1.88877204456446     
 
 tune separation when delta=  1.000000000000000E-003
   2.38123437603107     
 hello from gspur, detmin=  1.000000000000000E-012
 leaving gspur
 
 normalized anharmonicities
  hhn=  -40176745.0476737     
  vvn=  -12007132412.6681     
  hvn=  -113611194.322876     
 hello from gspur, detmin=  1.000000000000000E-012
 leaving gspur
 hello from gspur, detmin=  1.000000000000000E-012
 leaving gspur
 hello from gspur, detmin=  1.000000000000000E-012
 leaving gspur
 ***********************************************
  lie generators for iotaline in cartesian basis
 ***********************************************

 matrix for map is :

  9.99968E-01  6.96210E-05  0.00000E+00  0.00000E+00  0.00000E+00 -1.14795E-06
 -1.45445E+00  9.99930E-01  0.00000E+00  0.00000E+00  0.00000E+00 -2.58777E-07
  0.00000E+00  0.00000E+00  9.99995E-01  3.98474E-07  0.00000E+00  0.00000E+00
  0.00000E+00  0.00000E+00 -1.45444E+00  1.00000E+00  0.00000E+00  0.00000E+00
  1.92840E-06 -1.14785E-06  0.00000E+00  0.00000E+00  1.00000E+00 -1.29716E+00
  0.00000E+00  0.00000E+00  0.00000E+00  0.00000E+00  0.00000E+00  1.00000E+00
 
 nonzero matrix elements in full precision:
1  1   0.99996848658385    
1  2   6.96210082772528E-05
1  6  -1.14794918852731E-06
2  1   -1.4544453588239    
2  2   0.99993025126577    
2  6  -2.58777078036921E-07
3  3   0.99999537300250    
3  4   3.98474363595691E-07
4  3   -1.4544384163340    
4  4    1.0000040474598    
5  1   1.92839829239299E-06
5  2  -1.14785110649773E-06
5  5    1.0000000000000    
5  6   -1.2971554615639    
6  6    1.0000000000000    
 

 nonzero elements in generating polynomial are :

  f( 28)=f( 30 00 00 )=-2.25822418672185E-11
  f( 29)=f( 21 00 00 )=-3.23538222961990E-11
  f( 33)=f( 20 00 01 )= 0.72727384499912    
  f( 34)=f( 12 00 00 )=-4.27124958462102E-13
  f( 38)=f( 11 00 01 )=-6.11083406099056E-12
  f( 39)=f( 10 20 00 )=-4.48445771425066E-12
  f( 40)=f( 10 11 00 )=-1.80938554629618E-12
  f( 43)=f( 10 02 00 )=-2.31315772034320E-12
  f( 48)=f( 10 00 02 )= 6.31363651208676E-12
  f( 49)=f( 03 00 00 )=-6.37044997982388E-11
  f( 53)=f( 02 00 01 )=-4.89911583523295E-12
  f( 54)=f( 01 20 00 )=-3.95002512839172E-12
  f( 55)=f( 01 11 00 )=-5.62436260971655E-12
  f( 58)=f( 01 02 00 )=-1.78699796935468E-12
  f( 63)=f( 01 00 02 )= 7.22227827982319E-12
  f( 67)=f( 00 20 01 )= 0.72727384500089    
  f( 70)=f( 00 11 01 )= 9.48921496934929E-13
  f( 76)=f( 00 02 01 )= 1.59369045737989E-12
  f( 83)=f( 00 00 03 )=  6.4115893861244    
  f( 84)=f( 40 00 00 )=  467.67284592878    
  f( 85)=f( 31 00 00 )=  7420.9320897102    
  f( 89)=f( 30 00 01 )=  3193.4082449193    
  f( 90)=f( 22 00 00 )=  22229.256884241    
  f( 94)=f( 21 00 01 )=  14037.310026168    
  f( 95)=f( 20 20 00 )= -8303.5072405582    
  f( 96)=f( 20 11 00 )= -21007.369545106    
  f( 99)=f( 20 02 00 )= -21585.149320011    
  f(104)=f( 20 00 02 )= -9990.1913520621    
  f(105)=f( 13 00 00 )=  23314.942345786    
  f(109)=f( 12 00 01 )=  17422.596403960    
  f(110)=f( 11 20 00 )= -5813.1668606274    
  f(111)=f( 11 11 00 )=  4223.4230722291    
  f(114)=f( 11 02 00 )= -6664.5076516914    
  f(119)=f( 11 00 02 )= -21014.489376729    
  f(123)=f( 10 20 01 )= -11117.291178472    
  f(126)=f( 10 11 01 )= -18665.867906047    
  f(132)=f( 10 02 01 )= -11128.852311908    
  f(139)=f( 10 00 03 )=  5436.0340694179    
  f(140)=f( 04 00 00 )=  8055.6778314725    
  f(144)=f( 03 00 01 )=  7236.9309219792    
  f(145)=f( 02 20 00 )= -14311.366562225    
  f(146)=f( 02 11 00 )= -7606.2390621093    
  f(149)=f( 02 02 00 )=  5171.0506603417    
  f(154)=f( 02 00 02 )= -11040.037170117    
  f(158)=f( 01 20 01 )= -4439.2352421594    
  f(161)=f( 01 11 01 )= -4420.7039345339    
  f(167)=f( 01 02 01 )= -13150.241414984    
  f(174)=f( 01 00 03 )=  5578.6616870971    
  f(175)=f( 00 40 00 )=  2092.3157802388    
  f(176)=f( 00 31 00 )=  20962.253119009    
  f(179)=f( 00 22 00 )=  49204.657220812    
  f(184)=f( 00 20 02 )=  1826.0258942941    
  f(185)=f( 00 13 00 )=  44629.186148055    
  f(190)=f( 00 11 02 )=  3677.0609639569    
  f(195)=f( 00 04 00 )=  13778.899252152    
  f(200)=f( 00 02 02 )=  3321.4039048441    
  f(209)=f( 00 00 04 )= -1584.8290995153    
  f(210)=f( 50 00 00 )= -1408644.3798328    
  f(211)=f( 41 00 00 )= -9115757.1280468    
  f(215)=f( 40 00 01 )= -844652.80304924    
  f(216)=f( 32 00 00 )= -21443910.940596    
  f(220)=f( 31 00 01 )= -2727278.3596198    
  f(221)=f( 30 20 00 )= -1992024.7321208    
  f(222)=f( 30 11 00 )= -13998085.077436    
  f(225)=f( 30 02 00 )= -10086729.762591    
  f(230)=f( 30 00 02 )=  88724.595186012    
  f(231)=f( 23 00 00 )= -24340752.757960    
  f(235)=f( 22 00 01 )= -4065959.4750250    
  f(236)=f( 21 20 00 )=  8872001.0033493    
  f(237)=f( 21 11 00 )= -11574618.544219    
  f(240)=f( 21 02 00 )= -14633166.265145    
  f(245)=f( 21 00 02 )=  524982.47434962    
  f(249)=f( 20 20 01 )= -258546.17933646    
  f(252)=f( 20 11 01 )= -1401293.1076176    
  f(258)=f( 20 02 01 )=  83300.681157609    
  f(265)=f( 20 00 03 )= -302137.76679671    
  f(266)=f( 14 00 00 )= -14016852.274087    
  f(270)=f( 13 00 01 )= -3392093.2623267    
  f(271)=f( 12 20 00 )=  18870810.888239    
  f(272)=f( 12 11 00 )=  12263179.045122    
  f(275)=f( 12 02 00 )=  442050.95263057    
  f(280)=f( 12 00 02 )=  706393.01154089    
  f(284)=f( 11 20 01 )=  2182462.0835502    
  f(287)=f( 11 11 01 )= -601115.69349091    
  f(293)=f( 11 02 01 )=  771470.26053344    
  f(300)=f( 11 00 03 )=  37165.206071050    
  f(301)=f( 10 40 00 )=  3851572.7301232    
  f(302)=f( 10 31 00 )=  20873223.086893    
  f(305)=f( 10 22 00 )=  36321081.523043    
  f(310)=f( 10 20 02 )=  212419.37804544    
  f(311)=f( 10 13 00 )=  25371530.028003    
  f(316)=f( 10 11 02 )= -406464.51317299    
  f(321)=f( 10 04 00 )=  5789667.4754757    
  f(326)=f( 10 02 02 )= -1074435.0116905    
  f(335)=f( 10 00 04 )= -420902.71267782    
  f(336)=f( 05 00 00 )= -3376180.1455353    
  f(340)=f( 04 00 01 )= -1186215.0662727    
  f(341)=f( 03 20 00 )=  6709812.9473501    
  f(342)=f( 03 11 00 )=  5872538.6460333    
  f(345)=f( 03 02 00 )=  1615353.0460819    
  f(350)=f( 03 00 02 )=  341849.07922525    
  f(354)=f( 02 20 01 )=  3395231.7852727    
  f(357)=f( 02 11 01 )=  2748696.1930940    
  f(363)=f( 02 02 01 )=  3190668.6745102    
  f(370)=f( 02 00 03 )=  212803.73155306    
  f(371)=f( 01 40 00 )=  455349.96888561    
  f(372)=f( 01 31 00 )=  10170759.246460    
  f(375)=f( 01 22 00 )=  26515775.411039    
  f(380)=f( 01 20 02 )=  178596.53918900    
  f(381)=f( 01 13 00 )=  24695659.131750    
  f(386)=f( 01 11 02 )= -286471.85047044    
  f(391)=f( 01 04 00 )=  7700452.1567773    
  f(396)=f( 01 02 02 )= -1837945.4768958    
  f(405)=f( 01 00 04 )= -613829.25947605    
  f(409)=f( 00 40 01 )=  936953.48423070    
  f(412)=f( 00 31 01 )=  2871238.0206662    
  f(418)=f( 00 22 01 )=  2490247.6872767    
  f(425)=f( 00 20 03 )= -308769.81092458    
  f(428)=f( 00 13 01 )=  47609.698734478    
  f(435)=f( 00 11 03 )= -68593.816569772    
  f(443)=f( 00 04 01 )= -521379.04456159    
  f(450)=f( 00 02 03 )=  359094.33549082    
  f(461)=f( 00 00 05 )=  76559.193266955    
  f(462)=f( 60 00 00 )=  298247054.02488    
  f(463)=f( 51 00 00 )=  1666640558.9453    
  f(467)=f( 50 00 01 )= -27470376.102536    
  f(468)=f( 42 00 00 )=  4123492808.4077    
  f(472)=f( 41 00 01 )=  129803941.75121    
  f(473)=f( 40 20 00 )= -3371383430.3926    
  f(474)=f( 40 11 00 )= -5589627605.6288    
  f(477)=f( 40 02 00 )= -2527383583.7500    
  f(482)=f( 40 00 02 )= -125759210.18776    
  f(483)=f( 33 00 00 )=  5894198821.8399    
  f(487)=f( 32 00 01 )=  922291670.13141    
  f(488)=f( 31 20 00 )= -11640554296.002    
  f(489)=f( 31 11 00 )= -19120039536.323    
  f(492)=f( 31 02 00 )= -9381721843.7456    
  f(497)=f( 31 00 02 )= -592833168.20508    
  f(501)=f( 30 20 01 )= -416734378.84262    
  f(504)=f( 30 11 01 )= -371905507.16216    
  f(510)=f( 30 02 01 )=  5119769.8126398    
  f(517)=f( 30 00 03 )= -42881582.180288    
  f(518)=f( 24 00 00 )=  5051888854.8997    
  f(522)=f( 23 00 01 )=  1624799376.1017    
  f(523)=f( 22 20 00 )= -14207839510.426    
  f(524)=f( 22 11 00 )= -21219079853.869    
  f(527)=f( 22 02 00 )= -10974362630.723    
  f(532)=f( 22 00 02 )= -1053218484.1264    
  f(536)=f( 21 20 01 )= -1685856084.7538    
  f(539)=f( 21 11 01 )= -1685240071.7382    
  f(545)=f( 21 02 01 )= -363182954.71087    
  f(552)=f( 21 00 03 )=  2285649.5870055    
  f(553)=f( 20 40 00 )=  2582631239.5388    
  f(554)=f( 20 31 00 )=  8058645887.1711    
  f(557)=f( 20 22 00 )=  8559446924.6706    
  f(562)=f( 20 20 02 )= -190592087.14849    
  f(563)=f( 20 13 00 )=  2876153718.2519    
  f(568)=f( 20 11 02 )= -853760582.18775    
  f(573)=f( 20 04 00 )= -124871794.55896    
  f(578)=f( 20 02 02 )= -470627913.12480    
  f(587)=f( 20 00 04 )= -3833108.8376812    
  f(588)=f( 15 00 00 )=  2386947460.5972    
  f(592)=f( 14 00 01 )=  1160270733.6860    
  f(593)=f( 13 20 00 )= -7966478120.2014    
  f(594)=f( 13 11 00 )= -10048525713.469    
  f(597)=f( 13 02 00 )= -5855950458.3144    
  f(602)=f( 13 00 02 )= -773609747.48338    
  f(606)=f( 12 20 01 )= -2000417865.3654    
  f(609)=f( 12 11 01 )= -1561240058.5849    
  f(615)=f( 12 02 01 )=  23242162.021409    
  f(622)=f( 12 00 03 )=  53823362.481252    
  f(623)=f( 11 40 00 )=  4655685083.3259    
  f(624)=f( 11 31 00 )=  16322822595.353    
  f(627)=f( 11 22 00 )=  21487237843.330    
  f(632)=f( 11 20 02 )= -150789833.09083    
  f(633)=f( 11 13 00 )=  11743656212.893    
  f(638)=f( 11 11 02 )= -1313452445.5792    
  f(643)=f( 11 04 00 )=  2275721672.1603    
  f(648)=f( 11 02 02 )= -814994159.19129    
  f(657)=f( 11 00 04 )=  32028748.352430    
  f(661)=f( 10 40 01 )=  321094612.74195    
  f(664)=f( 10 31 01 )=  469420731.72132    
  f(670)=f( 10 22 01 )= -260004198.35542    
  f(677)=f( 10 20 03 )=  65585497.665641    
  f(680)=f( 10 13 01 )= -659080654.50638    
  f(687)=f( 10 11 03 )=  206512888.29413    
  f(695)=f( 10 04 01 )= -333322690.35177    
  f(702)=f( 10 02 03 )=  143917508.52807    
  f(713)=f( 10 00 05 )= -23902931.428562    
  f(714)=f( 06 00 00 )=  476953492.98800    
  f(718)=f( 05 00 01 )=  311165662.11787    
  f(719)=f( 04 20 00 )= -1988976802.4545    
  f(720)=f( 04 11 00 )= -2219855477.7666    
  f(723)=f( 04 02 00 )= -1615753593.9853    
  f(728)=f( 04 00 02 )= -196795191.72100    
  f(732)=f( 03 20 01 )= -695375597.62150    
  f(735)=f( 03 11 01 )= -400409758.60192    
  f(741)=f( 03 02 01 )=  32416196.052570    
  f(748)=f( 03 00 03 )=  8779771.7338775    
  f(749)=f( 02 40 00 )=  1722859264.4282    
  f(750)=f( 02 31 00 )=  6147405398.3396    
  f(753)=f( 02 22 00 )=  8743784091.5341    
  f(758)=f( 02 20 02 )= -2506352.4453843    
  f(759)=f( 02 13 00 )=  5242326374.3619    
  f(764)=f( 02 11 02 )= -397591308.84260    
  f(769)=f( 02 04 00 )=  1219705201.2737    
  f(774)=f( 02 02 02 )= -81399701.258414    
  f(783)=f( 02 00 04 )=  22525653.164259    
  f(787)=f( 01 40 01 )=  505104099.01344    
  f(790)=f( 01 31 01 )=  1538491451.8603    
  f(796)=f( 01 22 01 )=  2056661254.9504    
  f(803)=f( 01 20 03 )= -18321306.913326    
  f(806)=f( 01 13 01 )=  1741187911.7383    
  f(813)=f( 01 11 03 )=  28024687.261942    
  f(821)=f( 01 04 01 )=  622094718.62179    
  f(828)=f( 01 02 03 )= -2826873.3878431    
  f(839)=f( 01 00 05 )= -9899428.4742542    
  f(840)=f( 00 60 00 )= -282801665.20826    
  f(841)=f( 00 51 00 )= -1247993741.1588    
  f(844)=f( 00 42 00 )= -1868660178.3967    
  f(849)=f( 00 40 02 )= -30649271.539707    
  f(850)=f( 00 33 00 )= -677128884.64777    
  f(855)=f( 00 31 02 )= -92343152.536776    
  f(860)=f( 00 24 00 )=  901370505.99887    
  f(865)=f( 00 22 02 )= -227625266.74607    
  f(874)=f( 00 20 04 )=  9437427.9456452    
  f(875)=f( 00 15 00 )=  915888383.32373    
  f(880)=f( 00 13 02 )= -343986896.45421    
  f(889)=f( 00 11 04 )=  923534.21392306    
  f(896)=f( 00 06 00 )=  234641476.74934    
  f(901)=f( 00 04 02 )= -171136769.72959    
  f(910)=f( 00 02 04 )=  5297882.5327843    
  f(923)=f( 00 00 06 )= -4576526.3870389    
