  3.12125474E-03 -2.18626064E-03 -2.31930309E-05  2.03209635E-04  4.89486880E-03 -6.94750741E-03 0
 -2.12189861E-04  3.48366961E-04 -1.13510280E-04  1.72019246E-04 -5.12124785E-03  3.97353918E-03 0
 -2.23067760E-05  4.42412383E-05 -1.13901794E-04  2.67572847E-04  2.18195056E-03 -1.75871971E-03 0
  1.36003260E-04 -3.48499345E-04 -1.35831892E-04  3.19959583E-04 -3.68644053E-05  2.81898617E-05 0
  2.09963130E-03 -1.58478156E-03  7.40395208E-05 -2.04353036E-04  5.14711410E-03 -6.17456855E-03 0
  1.40538465E-04 -2.29827771E-04  1.37450992E-04 -3.07869661E-04  1.93805484E-03 -1.54570208E-03 0
 -8.68969019E-05  9.29034458E-05 -1.52486222E-05 -8.67115705E-07 -4.12566589E-03  3.16730498E-03 0
  6.93741742E-03 -3.61040941E-03 -1.36488854E-04  4.62392668E-06  2.60933031E-03 -9.32335849E-03 0
 -7.35836899E-05  1.33552755E-04  4.76311346E-05 -7.84505907E-05 -6.30744379E-04  4.83179914E-04 0
  8.65988858E-04 -8.12802036E-04 -1.04302366E-04  2.46644100E-04  4.81334604E-03 -4.61931250E-03 0
 -9.10788551E-03  6.00867296E-03 -3.50785550E-04  1.96405083E-04  2.98645923E-03  9.50216211E-03 0
 -5.17268209E-05  6.66354325E-05  9.56407097E-05 -1.41794473E-04  8.08819871E-04 -6.30782625E-04 0
 -5.44181630E-04  3.07455155E-04 -2.34654147E-04  2.68939714E-04 -7.30227690E-03  6.47411648E-03 0
  1.43094824E-03 -1.06873955E-03  7.84406346E-05 -1.90803561E-04  5.03512324E-03 -5.45542318E-03 0
  6.07876986E-03 -4.08566974E-03  6.07245294E-05  1.02059180E-04  4.09795263E-03 -8.92651302E-03 0
 -3.46417472E-04  3.60123416E-04 -1.47235671E-05 -1.10722407E-05 -6.87139367E-03  5.70379643E-03 0
 -1.25534299E-02  9.02022610E-03 -3.14963813E-03  5.19750332E-03  1.09997036E-02  9.79120079E-03 0
 -4.84106394E-04  5.89312266E-04 -1.19090486E-04  1.27608304E-04 -7.31294051E-03  6.36777364E-03 0
  2.13631451E-03 -1.63301420E-03 -3.91164741E-05  1.50885276E-04  5.17344201E-03 -6.15447567E-03 0
  2.30271269E-03 -1.91420602E-03 -6.61229558E-05  2.28978699E-04  5.35370883E-03 -6.37017837E-03 0
  9.99772050E-05 -2.78291107E-04 -5.74208007E-05  6.09116272E-05  4.05392811E-04 -3.14050688E-04 0
  7.50920915E-05 -1.28253209E-04  6.77520793E-05 -1.98182199E-04  1.36949949E-03 -1.07855474E-03 0
 -4.10266381E-03  2.01368666E-03  1.69181285E-04 -4.08065711E-05 -3.61609028E-03  8.73341094E-03 0
 -1.29825747E-04  2.49959660E-04 -4.97731603E-05  1.42041281E-04 -2.28902928E-03  1.74017124E-03 0
 -5.98605318E-04  5.35827769E-04 -1.23477216E-04  1.05640286E-04 -7.42276134E-03  6.77375786E-03 0
  3.38905996E-03 -2.58946447E-03  1.32975030E-05  4.98451587E-05  5.14814541E-03 -7.18362015E-03 0
  5.23740353E-03 -3.38974421E-03 -9.65935290E-05 -7.33964630E-05  4.12602782E-03 -8.28652029E-03 0
 -6.12378472E-05  1.15400434E-04 -1.40808385E-04  3.38502995E-04  1.86408986E-03 -1.48948305E-03 0
 -1.25542041E-03  4.49111417E-04  5.13298335E-05 -2.40896806E-05 -6.87233180E-03  7.66150665E-03 0
  4.02338091E-05 -1.67002278E-04 -5.35577531E-05  9.08896147E-05 -2.68916827E-03  2.05357939E-03 0
 -7.58428352E-03  4.58420289E-03 -4.06002937E-04  1.41072385E-04  7.88771592E-04  9.22265074E-03 0
  9.94005928E-05 -2.32558046E-04  5.03646737E-05 -3.85122291E-05 -1.82070554E-03  1.39004415E-03 0
  1.92385182E-05  1.13658022E-04 -1.23432458E-04  2.96590375E-04  2.51557036E-03 -2.06070889E-03 0
  1.44794264E-03 -9.81002467E-04  8.04578199E-05 -1.45252350E-04  4.95104740E-03 -5.47440039E-03 0
 -1.02228210E-03  4.77525891E-04 -1.02829913E-04  1.02332794E-04 -7.12899714E-03  7.51612520E-03 0
  1.11955748E-04 -5.25951030E-05  7.99746093E-05 -1.28388236E-04  3.44096611E-03 -2.93722961E-03 0
 -2.42274740E-03  1.00251151E-03 -2.30113792E-04  8.47504969E-05 -5.34984100E-03  8.36299208E-03 0
 -8.91687930E-05  2.34309218E-04 -7.26283806E-05  1.27629383E-04 -2.17431331E-03  1.65260102E-03 0
  1.82893848E-03 -1.50473687E-03  1.04342079E-04 -3.04999953E-04  5.25428963E-03 -5.94987460E-03 0
  1.35072002E-03 -1.04556971E-03  7.68530665E-05 -1.48469770E-04  5.06561096E-03 -5.44982993E-03 0
  2.36315375E-03 -1.64965765E-03  6.81114777E-05 -2.70977486E-04  4.99298084E-03 -6.35244356E-03 0
 -1.73157539E-04  2.98175616E-04  6.28513331E-05 -7.32511623E-05 -4.67255107E-03  3.60134151E-03 0
  3.40629579E-04 -3.15844031E-04 -2.29591022E-05  7.55824470E-05  4.07263460E-03 -3.61766607E-03 0
  3.89198207E-03 -3.01583486E-03 -1.62883521E-05  1.80918945E-04  5.14728199E-03 -7.59271689E-03 0
  1.00003557E-04 -1.88071385E-04  5.02084129E-05 -1.56606991E-04 -1.15058242E-03  8.79430118E-04 0
  6.48602593E-03 -3.90625050E-03  1.69451432E-05 -4.19302545E-05  3.42948373E-03 -9.08800953E-03 0
  1.27434292E-04 -2.32988935E-04  9.52287661E-05 -1.49067951E-04  2.53110334E-03 -2.05427936E-03 0
 -1.16256330E-05  7.35975285E-05  1.38058281E-04 -2.34322873E-04 -1.55950067E-03  1.18792578E-03 0
 -2.97044257E-04  2.32128535E-04 -8.30467535E-05  9.66421213E-05 -6.44754511E-03  5.22466731E-03 0
  5.21461761E-06  2.62797627E-05 -1.37035662E-04  2.45664146E-04  7.80764018E-04 -6.08624304E-04 0
 -8.48140669E-05  1.74804999E-04  8.40631026E-06 -3.61851175E-05  1.74414420E-03 -1.39077904E-03 0
  1.56613117E-03 -1.37992300E-03  3.17860205E-06  6.35809225E-05  5.25529122E-03 -5.60325857E-03 0
 -5.58233119E-03  3.10386469E-03  5.34923684E-04 -7.22508633E-05 -1.83525838E-03  9.02663463E-03 0
 -8.66005411E-06 -1.88347715E-05  3.61834727E-05 -3.68901730E-05 -4.70084887E-05  3.62202892E-05 0
 -1.74456031E-04  3.61286032E-04  8.04843862E-05 -2.16682632E-04 -3.39086344E-03  2.58128416E-03 0
  6.65328486E-03 -4.13087551E-03 -5.75303465E-05  1.92160979E-05  3.53164228E-03 -9.24601932E-03 0
 -3.87877872E-04  3.45827160E-04 -4.07254216E-05  6.61552615E-05 -6.82334941E-03  5.64824702E-03 0
  2.62193315E-03 -1.98010943E-03  4.86544758E-05 -1.04760950E-04  5.15207964E-03 -6.60077928E-03 0
 -2.76035834E-04  2.10480836E-04  3.91311233E-05 -1.87240763E-05 -6.66088117E-03  5.46382808E-03 0
  1.75016284E-03 -1.25486320E-03 -1.15523781E-05  8.48590826E-05  5.05028991E-03 -5.81501292E-03 0
  2.71543210E-03 -2.11521125E-03  4.82814574E-05 -4.90713262E-05  5.22581622E-03 -6.70660690E-03 0
 -3.72391927E-05  3.31453498E-05 -5.18674841E-05  1.06147138E-04  1.51476274E-03 -1.19805557E-03 0
  1.45418967E-03 -1.05033995E-03 -8.99515129E-05  2.27046750E-04  5.01741242E-03 -5.52048857E-03 0
 -2.40459306E-04  2.54600043E-04  2.87551405E-05 -2.95546144E-06 -5.78067735E-03  4.56340548E-03 0
